{"numFailedTestSuites":0,"numFailedTests":0,"numPassedTestSuites":10,"numPassedTests":394,"numPendingTestSuites":0,"numPendingTests":0,"numRuntimeErrorTestSuites":0,"numTodoTests":0,"numTotalTestSuites":10,"numTotalTests":394,"openHandles":[],"snapshot":{"added":0,"didUpdate":false,"failure":false,"filesAdded":0,"filesRemoved":0,"filesRemovedList":[],"filesUnmatched":0,"filesUpdated":0,"matched":0,"total":0,"unchecked":0,"uncheckedKeysByFile":[],"unmatched":0,"updated":0},"startTime":1785143764902,"success":true,"testResults":[{"assertionResults":[{"ancestorTitles":["AIService - API Key Management"],"duration":1,"failing":false,"failureDetails":[],"failureMessages":[],"fullName":"AIService - API Key Management returns empty string when no key is set","invocations":1,"location":null,"numPassingAsserts":1,"retryReasons":[],"startAt":1785143765232,"status":"passed","title":"returns empty string when no key is set"},{"ancestorTitles":["AIService - API Key Management"],"duration":0,"failing":false,"failureDetails":[],"failureMessages":[],"fullName":"AIService - API Key Management returns key from localStorage when set","invocations":1,"location":null,"numPassingAsserts":1,"retryReasons":[],"startAt":1785143765234,"status":"passed","title":"returns key from localStorage when set"},{"ancestorTitles":["AIService - API Key Management"],"duration":0,"failing":false,"failureDetails":[],"failureMessages":[],"fullName":"AIService - API Key Management returns key from window.__ENV__ when localStorage is empty","invocations":1,"location":null,"numPassingAsserts":1,"retryReasons":[],"startAt":1785143765235,"status":"passed","title":"returns key from window.__ENV__ when localStorage is empty"},{"ancestorTitles":["AIService - API Key Management"],"duration":0,"failing":false,"failureDetails":[],"failureMessages":[],"fullName":"AIService - API Key Management isLive() returns false when no key is set","invocations":1,"location":null,"numPassingAsserts":1,"retryReasons":[],"startAt":1785143765235,"status":"passed","title":"isLive() returns false when no key is set"},{"ancestorTitles":["AIService - API Key Management"],"duration":0,"failing":false,"failureDetails":[],"failureMessages":[],"fullName":"AIService - API Key Management isLive() returns true when key is set","invocations":1,"location":null,"numPassingAsserts":1,"retryReasons":[],"startAt":1785143765235,"status":"passed","title":"isLive() returns true when key is set"},{"ancestorTitles":["AIService - API Key Management"],"duration":0,"failing":false,"failureDetails":[],"failureMessages":[],"fullName":"AIService - API Key Management saveApiKey() stores trimmed key in localStorage","invocations":1,"location":null,"numPassingAsserts":1,"retryReasons":[],"startAt":1785143765236,"status":"passed","title":"saveApiKey() stores trimmed key in localStorage"},{"ancestorTitles":["AIService - API Key Management"],"duration":0,"failing":false,"failureDetails":[],"failureMessages":[],"fullName":"AIService - API Key Management saveApiKey() removes key from localStorage when empty string passed","invocations":1,"location":null,"numPassingAsserts":1,"retryReasons":[],"startAt":1785143765237,"status":"passed","title":"saveApiKey() removes key from localStorage when empty string passed"},{"ancestorTitles":["AIService - Mock Responses"],"duration":0,"failing":false,"failureDetails":[],"failureMessages":[],"fullName":"AIService - Mock Responses returns composting guide for compost query","invocations":1,"location":null,"numPassingAsserts":2,"retryReasons":[],"startAt":1785143765237,"status":"passed","title":"returns composting guide for compost query"},{"ancestorTitles":["AIService - Mock Responses"],"duration":1,"failing":false,"failureDetails":[],"failureMessages":[],"fullName":"AIService - Mock Responses returns recycling guide for recycle query","invocations":1,"location":null,"numPassingAsserts":2,"retryReasons":[],"startAt":1785143765237,"status":"passed","title":"returns recycling guide for recycle query"},{"ancestorTitles":["AIService - Mock Responses"],"duration":0,"failing":false,"failureDetails":[],"failureMessages":[],"fullName":"AIService - Mock Responses returns carbon footprint info for carbon query","invocations":1,"location":null,"numPassingAsserts":2,"retryReasons":[],"startAt":1785143765238,"status":"passed","title":"returns carbon footprint info for carbon query"},{"ancestorTitles":["AIService - Mock Responses"],"duration":1,"failing":false,"failureDetails":[],"failureMessages":[],"fullName":"AIService - Mock Responses returns upcycling ideas for upcycle query","invocations":1,"location":null,"numPassingAsserts":2,"retryReasons":[],"startAt":1785143765238,"status":"passed","title":"returns upcycling ideas for upcycle query"},{"ancestorTitles":["AIService - Mock Responses"],"duration":0,"failing":false,"failureDetails":[],"failureMessages":[],"fullName":"AIService - Mock Responses returns default sustainability tip for unrecognized query","invocations":1,"location":null,"numPassingAsserts":2,"retryReasons":[],"startAt":1785143765239,"status":"passed","title":"returns default sustainability tip for unrecognized query"},{"ancestorTitles":["AIService - Mock Responses"],"duration":0,"failing":false,"failureDetails":[],"failureMessages":[],"fullName":"AIService - Mock Responses mock responses are different for different topics","invocations":1,"location":null,"numPassingAsserts":1,"retryReasons":[],"startAt":1785143765239,"status":"passed","title":"mock responses are different for different topics"},{"ancestorTitles":["AIService - Auto-Fill Resource Categorization"],"duration":1,"failing":false,"failureDetails":[],"failureMessages":[],"fullName":"AIService - Auto-Fill Resource Categorization categorizes books correctly","invocations":1,"location":null,"numPassingAsserts":3,"retryReasons":[],"startAt":1785143765239,"status":"passed","title":"categorizes books correctly"},{"ancestorTitles":["AIService - Auto-Fill Resource Categorization"],"duration":0,"failing":false,"failureDetails":[],"failureMessages":[],"fullName":"AIService - Auto-Fill Resource Categorization categorizes furniture correctly","invocations":1,"location":null,"numPassingAsserts":2,"retryReasons":[],"startAt":1785143765240,"status":"passed","title":"categorizes furniture correctly"},{"ancestorTitles":["AIService - Auto-Fill Resource Categorization"],"duration":0,"failing":false,"failureDetails":[],"failureMessages":[],"fullName":"AIService - Auto-Fill Resource Categorization categorizes clothes correctly","invocations":1,"location":null,"numPassingAsserts":2,"retryReasons":[],"startAt":1785143765240,"status":"passed","title":"categorizes clothes correctly"},{"ancestorTitles":["AIService - Auto-Fill Resource Categorization"],"duration":1,"failing":false,"failureDetails":[],"failureMessages":[],"fullName":"AIService - Auto-Fill Resource Categorization categorizes electronics correctly","invocations":1,"location":null,"numPassingAsserts":2,"retryReasons":[],"startAt":1785143765240,"status":"passed","title":"categorizes electronics correctly"},{"ancestorTitles":["AIService - Auto-Fill Resource Categorization"],"duration":0,"failing":false,"failureDetails":[],"failureMessages":[],"fullName":"AIService - Auto-Fill Resource Categorization defaults to \"Other\" for unrecognized items","invocations":1,"location":null,"numPassingAsserts":2,"retryReasons":[],"startAt":1785143765241,"status":"passed","title":"defaults to \"Other\" for unrecognized items"},{"ancestorTitles":["AIService - Auto-Fill Resource Categorization"],"duration":1,"failing":false,"failureDetails":[],"failureMessages":[],"fullName":"AIService - Auto-Fill Resource Categorization auto-fill always returns required fields","invocations":1,"location":null,"numPassingAsserts":4,"retryReasons":[],"startAt":1785143765241,"status":"passed","title":"auto-fill always returns required fields"},{"ancestorTitles":["AIService - Auto-Fill Resource Categorization"],"duration":0,"failing":false,"failureDetails":[],"failureMessages":[],"fullName":"AIService - Auto-Fill Resource Categorization co2Offset is always a positive number","invocations":1,"location":null,"numPassingAsserts":10,"retryReasons":[],"startAt":1785143765242,"status":"passed","title":"co2Offset is always a positive number"}],"endTime":1785143765244,"message":"","name":"C:\\Users\\pooji\\.gemini\\antigravity-ide\\scratch\\ecoshare\\tests\\ai-service.test.js","startTime":1785143764976,"status":"passed","summary":""},{"assertionResults":[{"ancestorTitles":["[FUNCTIONAL] Resource Management"],"duration":2,"failing":false,"failureDetails":[],"failureMessages":[],"fullName":"[FUNCTIONAL] Resource Management TC-F01: valid resource creation succeeds","invocations":1,"location":null,"numPassingAsserts":1,"retryReasons":[],"startAt":1785143765353,"status":"passed","title":"TC-F01: valid resource creation succeeds"},{"ancestorTitles":["[FUNCTIONAL] Resource Management"],"duration":0,"failing":false,"failureDetails":[],"failureMessages":[],"fullName":"[FUNCTIONAL] Resource Management TC-F02: created resource has required fields","invocations":1,"location":null,"numPassingAsserts":3,"retryReasons":[],"startAt":1785143765355,"status":"passed","title":"TC-F02: created resource has required fields"},{"ancestorTitles":["[FUNCTIONAL] Resource Management"],"duration":0,"failing":false,"failureDetails":[],"failureMessages":[],"fullName":"[FUNCTIONAL] Resource Management TC-F03: resource creation fails with empty title","invocations":1,"location":null,"numPassingAsserts":1,"retryReasons":[],"startAt":1785143765356,"status":"passed","title":"TC-F03: resource creation fails with empty title"},{"ancestorTitles":["[FUNCTIONAL] Resource Management"],"duration":0,"failing":false,"failureDetails":[],"failureMessages":[],"fullName":"[FUNCTIONAL] Resource Management TC-F04: resource creation fails with short title (2 chars)","invocations":1,"location":null,"numPassingAsserts":2,"retryReasons":[],"startAt":1785143765356,"status":"passed","title":"TC-F04: resource creation fails with short title (2 chars)"},{"ancestorTitles":["[FUNCTIONAL] Resource Management"],"duration":0,"failing":false,"failureDetails":[],"failureMessages":[],"fullName":"[FUNCTIONAL] Resource Management TC-F05: resource creation fails with no category","invocations":1,"location":null,"numPassingAsserts":1,"retryReasons":[],"startAt":1785143765357,"status":"passed","title":"TC-F05: resource creation fails with no category"},{"ancestorTitles":["[FUNCTIONAL] Resource Management"],"duration":0,"failing":false,"failureDetails":[],"failureMessages":[],"fullName":"[FUNCTIONAL] Resource Management TC-F06: resource creation fails with empty description","invocations":1,"location":null,"numPassingAsserts":1,"retryReasons":[],"startAt":1785143765357,"status":"passed","title":"TC-F06: resource creation fails with empty description"},{"ancestorTitles":["[FUNCTIONAL] Resource Management"],"duration":0,"failing":false,"failureDetails":[],"failureMessages":[],"fullName":"[FUNCTIONAL] Resource Management TC-F07: resource creation fails with short description","invocations":1,"location":null,"numPassingAsserts":1,"retryReasons":[],"startAt":1785143765357,"status":"passed","title":"TC-F07: resource creation fails with short description"},{"ancestorTitles":["[FUNCTIONAL] Resource Management"],"duration":0,"failing":false,"failureDetails":[],"failureMessages":[],"fullName":"[FUNCTIONAL] Resource Management TC-F08: resource creation fails with no location","invocations":1,"location":null,"numPassingAsserts":1,"retryReasons":[],"startAt":1785143765358,"status":"passed","title":"TC-F08: resource creation fails with no location"},{"ancestorTitles":["[FUNCTIONAL] Resource Management"],"duration":0,"failing":false,"failureDetails":[],"failureMessages":[],"fullName":"[FUNCTIONAL] Resource Management TC-F09: multiple validation errors returned at once","invocations":1,"location":null,"numPassingAsserts":1,"retryReasons":[],"startAt":1785143765358,"status":"passed","title":"TC-F09: multiple validation errors returned at once"},{"ancestorTitles":["[FUNCTIONAL] Resource Management"],"duration":0,"failing":false,"failureDetails":[],"failureMessages":[],"fullName":"[FUNCTIONAL] Resource Management TC-F10: filter by category returns correct results","invocations":1,"location":null,"numPassingAsserts":3,"retryReasons":[],"startAt":1785143765358,"status":"passed","title":"TC-F10: filter by category returns correct results"},{"ancestorTitles":["[FUNCTIONAL] Resource Management"],"duration":1,"failing":false,"failureDetails":[],"failureMessages":[],"fullName":"[FUNCTIONAL] Resource Management TC-F11: filter by search term (case-insensitive)","invocations":1,"location":null,"numPassingAsserts":2,"retryReasons":[],"startAt":1785143765358,"status":"passed","title":"TC-F11: filter by search term (case-insensitive)"},{"ancestorTitles":["[FUNCTIONAL] Resource Management"],"duration":0,"failing":false,"failureDetails":[],"failureMessages":[],"fullName":"[FUNCTIONAL] Resource Management TC-F12: filter by location returns matching resources","invocations":1,"location":null,"numPassingAsserts":1,"retryReasons":[],"startAt":1785143765359,"status":"passed","title":"TC-F12: filter by location returns matching resources"},{"ancestorTitles":["[FUNCTIONAL] Resource Management"],"duration":0,"failing":false,"failureDetails":[],"failureMessages":[],"fullName":"[FUNCTIONAL] Resource Management TC-F13: combined filters work together","invocations":1,"location":null,"numPassingAsserts":1,"retryReasons":[],"startAt":1785143765359,"status":"passed","title":"TC-F13: combined filters work together"},{"ancestorTitles":["[FUNCTIONAL] Resource Management"],"duration":0,"failing":false,"failureDetails":[],"failureMessages":[],"fullName":"[FUNCTIONAL] Resource Management TC-F14: no filter returns all resources","invocations":1,"location":null,"numPassingAsserts":1,"retryReasons":[],"startAt":1785143765359,"status":"passed","title":"TC-F14: no filter returns all resources"},{"ancestorTitles":["[FUNCTIONAL] Resource Management"],"duration":0,"failing":false,"failureDetails":[],"failureMessages":[],"fullName":"[FUNCTIONAL] Resource Management TC-F15: search with no match returns empty array","invocations":1,"location":null,"numPassingAsserts":1,"retryReasons":[],"startAt":1785143765359,"status":"passed","title":"TC-F15: search with no match returns empty array"},{"ancestorTitles":["[FUNCTIONAL] Authentication"],"duration":0,"failing":false,"failureDetails":[],"failureMessages":[],"fullName":"[FUNCTIONAL] Authentication TC-F16: valid registration data passes","invocations":1,"location":null,"numPassingAsserts":1,"retryReasons":[],"startAt":1785143765360,"status":"passed","title":"TC-F16: valid registration data passes"},{"ancestorTitles":["[FUNCTIONAL] Authentication"],"duration":0,"failing":false,"failureDetails":[],"failureMessages":[],"fullName":"[FUNCTIONAL] Authentication TC-F17: registration fails with name too short","invocations":1,"location":null,"numPassingAsserts":1,"retryReasons":[],"startAt":1785143765360,"status":"passed","title":"TC-F17: registration fails with name too short"},{"ancestorTitles":["[FUNCTIONAL] Authentication"],"duration":0,"failing":false,"failureDetails":[],"failureMessages":[],"fullName":"[FUNCTIONAL] Authentication TC-F18: registration fails with invalid email","invocations":1,"location":null,"numPassingAsserts":1,"retryReasons":[],"startAt":1785143765360,"status":"passed","title":"TC-F18: registration fails with invalid email"},{"ancestorTitles":["[FUNCTIONAL] Authentication"],"duration":0,"failing":false,"failureDetails":[],"failureMessages":[],"fullName":"[FUNCTIONAL] Authentication TC-F19: registration fails when passwords do not match","invocations":1,"location":null,"numPassingAsserts":1,"retryReasons":[],"startAt":1785143765361,"status":"passed","title":"TC-F19: registration fails when passwords do not match"},{"ancestorTitles":["[FUNCTIONAL] Authentication"],"duration":0,"failing":false,"failureDetails":[],"failureMessages":[],"fullName":"[FUNCTIONAL] Authentication TC-F20: email validation accepts standard emails","invocations":1,"location":null,"numPassingAsserts":2,"retryReasons":[],"startAt":1785143765361,"status":"passed","title":"TC-F20: email validation accepts standard emails"},{"ancestorTitles":["[FUNCTIONAL] Authentication"],"duration":0,"failing":false,"failureDetails":[],"failureMessages":[],"fullName":"[FUNCTIONAL] Authentication TC-F21: email validation rejects malformed emails","invocations":1,"location":null,"numPassingAsserts":3,"retryReasons":[],"startAt":1785143765361,"status":"passed","title":"TC-F21: email validation rejects malformed emails"},{"ancestorTitles":["[FUNCTIONAL] Authentication"],"duration":0,"failing":false,"failureDetails":[],"failureMessages":[],"fullName":"[FUNCTIONAL] Authentication TC-F22: password too short fails","invocations":1,"location":null,"numPassingAsserts":1,"retryReasons":[],"startAt":1785143765361,"status":"passed","title":"TC-F22: password too short fails"},{"ancestorTitles":["[FUNCTIONAL] Authentication"],"duration":0,"failing":false,"failureDetails":[],"failureMessages":[],"fullName":"[FUNCTIONAL] Authentication TC-F23: password with no uppercase fails","invocations":1,"location":null,"numPassingAsserts":1,"retryReasons":[],"startAt":1785143765361,"status":"passed","title":"TC-F23: password with no uppercase fails"},{"ancestorTitles":["[FUNCTIONAL] Authentication"],"duration":0,"failing":false,"failureDetails":[],"failureMessages":[],"fullName":"[FUNCTIONAL] Authentication TC-F24: password with no number fails","invocations":1,"location":null,"numPassingAsserts":1,"retryReasons":[],"startAt":1785143765362,"status":"passed","title":"TC-F24: password with no number fails"},{"ancestorTitles":["[FUNCTIONAL] Authentication"],"duration":0,"failing":false,"failureDetails":[],"failureMessages":[],"fullName":"[FUNCTIONAL] Authentication TC-F25: strong password passes all checks","invocations":1,"location":null,"numPassingAsserts":1,"retryReasons":[],"startAt":1785143765362,"status":"passed","title":"TC-F25: strong password passes all checks"},{"ancestorTitles":["[FUNCTIONAL] Authentication"],"duration":0,"failing":false,"failureDetails":[],"failureMessages":[],"fullName":"[FUNCTIONAL] Authentication TC-F26: empty name fails","invocations":1,"location":null,"numPassingAsserts":1,"retryReasons":[],"startAt":1785143765362,"status":"passed","title":"TC-F26: empty name fails"},{"ancestorTitles":["[FUNCTIONAL] Authentication"],"duration":0,"failing":false,"failureDetails":[],"failureMessages":[],"fullName":"[FUNCTIONAL] Authentication TC-F27: empty password fails","invocations":1,"location":null,"numPassingAsserts":1,"retryReasons":[],"startAt":1785143765362,"status":"passed","title":"TC-F27: empty password fails"},{"ancestorTitles":["[FUNCTIONAL] Chat System"],"duration":1,"failing":false,"failureDetails":[],"failureMessages":[],"fullName":"[FUNCTIONAL] Chat System TC-F28: messages saved to storage correctly","invocations":1,"location":null,"numPassingAsserts":2,"retryReasons":[],"startAt":1785143765362,"status":"passed","title":"TC-F28: messages saved to storage correctly"},{"ancestorTitles":["[FUNCTIONAL] Chat System"],"duration":0,"failing":false,"failureDetails":[],"failureMessages":[],"fullName":"[FUNCTIONAL] Chat System TC-F29: multiple messages persist","invocations":1,"location":null,"numPassingAsserts":1,"retryReasons":[],"startAt":1785143765363,"status":"passed","title":"TC-F29: multiple messages persist"},{"ancestorTitles":["[FUNCTIONAL] Chat System"],"duration":0,"failing":false,"failureDetails":[],"failureMessages":[],"fullName":"[FUNCTIONAL] Chat System TC-F30: clearing messages removes from storage","invocations":1,"location":null,"numPassingAsserts":1,"retryReasons":[],"startAt":1785143765363,"status":"passed","title":"TC-F30: clearing messages removes from storage"},{"ancestorTitles":["[FUNCTIONAL] Chat System"],"duration":1,"failing":false,"failureDetails":[],"failureMessages":[],"fullName":"[FUNCTIONAL] Chat System TC-F31: empty storage returns empty array","invocations":1,"location":null,"numPassingAsserts":1,"retryReasons":[],"startAt":1785143765363,"status":"passed","title":"TC-F31: empty storage returns empty array"},{"ancestorTitles":["[FUNCTIONAL] Chat System"],"duration":0,"failing":false,"failureDetails":[],"failureMessages":[],"fullName":"[FUNCTIONAL] Chat System TC-F32: corrupted storage returns empty array gracefully","invocations":1,"location":null,"numPassingAsserts":1,"retryReasons":[],"startAt":1785143765364,"status":"passed","title":"TC-F32: corrupted storage returns empty array gracefully"},{"ancestorTitles":["[FUNCTIONAL] Chat System"],"duration":0,"failing":false,"failureDetails":[],"failureMessages":[],"fullName":"[FUNCTIONAL] Chat System TC-F33: messages preserve sender field","invocations":1,"location":null,"numPassingAsserts":1,"retryReasons":[],"startAt":1785143765364,"status":"passed","title":"TC-F33: messages preserve sender field"},{"ancestorTitles":["[FUNCTIONAL] Chat System"],"duration":0,"failing":false,"failureDetails":[],"failureMessages":[],"fullName":"[FUNCTIONAL] Chat System TC-F34: large conversation persists (50 messages)","invocations":1,"location":null,"numPassingAsserts":1,"retryReasons":[],"startAt":1785143765364,"status":"passed","title":"TC-F34: large conversation persists (50 messages)"},{"ancestorTitles":["[FUNCTIONAL] Chat System"],"duration":0,"failing":false,"failureDetails":[],"failureMessages":[],"fullName":"[FUNCTIONAL] Chat System TC-F35: message HTML content is preserved","invocations":1,"location":null,"numPassingAsserts":1,"retryReasons":[],"startAt":1785143765365,"status":"passed","title":"TC-F35: message HTML content is preserved"},{"ancestorTitles":["[FUNCTIONAL] CO2 Offset Calculations"],"duration":0,"failing":false,"failureDetails":[],"failureMessages":[],"fullName":"[FUNCTIONAL] CO2 Offset Calculations TC-F36: sums CO2 offsets correctly","invocations":1,"location":null,"numPassingAsserts":1,"retryReasons":[],"startAt":1785143765365,"status":"passed","title":"TC-F36: sums CO2 offsets correctly"},{"ancestorTitles":["[FUNCTIONAL] CO2 Offset Calculations"],"duration":0,"failing":false,"failureDetails":[],"failureMessages":[],"fullName":"[FUNCTIONAL] CO2 Offset Calculations TC-F37: handles missing co2Offset fields","invocations":1,"location":null,"numPassingAsserts":1,"retryReasons":[],"startAt":1785143765365,"status":"passed","title":"TC-F37: handles missing co2Offset fields"},{"ancestorTitles":["[FUNCTIONAL] CO2 Offset Calculations"],"duration":0,"failing":false,"failureDetails":[],"failureMessages":[],"fullName":"[FUNCTIONAL] CO2 Offset Calculations TC-F38: empty list returns 0","invocations":1,"location":null,"numPassingAsserts":1,"retryReasons":[],"startAt":1785143765365,"status":"passed","title":"TC-F38: empty list returns 0"},{"ancestorTitles":["[FUNCTIONAL] CO2 Offset Calculations"],"duration":1,"failing":false,"failureDetails":[],"failureMessages":[],"fullName":"[FUNCTIONAL] CO2 Offset Calculations TC-F39: formats kg correctly","invocations":1,"location":null,"numPassingAsserts":1,"retryReasons":[],"startAt":1785143765365,"status":"passed","title":"TC-F39: formats kg correctly"},{"ancestorTitles":["[FUNCTIONAL] CO2 Offset Calculations"],"duration":0,"failing":false,"failureDetails":[],"failureMessages":[],"fullName":"[FUNCTIONAL] CO2 Offset Calculations TC-F40: formats large values as tonnes","invocations":1,"location":null,"numPassingAsserts":1,"retryReasons":[],"startAt":1785143765366,"status":"passed","title":"TC-F40: formats large values as tonnes"},{"ancestorTitles":["[FUNCTIONAL] CO2 Offset Calculations"],"duration":0,"failing":false,"failureDetails":[],"failureMessages":[],"fullName":"[FUNCTIONAL] CO2 Offset Calculations TC-F41: tree equivalent is calculated correctly","invocations":1,"location":null,"numPassingAsserts":1,"retryReasons":[],"startAt":1785143765366,"status":"passed","title":"TC-F41: tree equivalent is calculated correctly"},{"ancestorTitles":["[FUNCTIONAL] CO2 Offset Calculations"],"duration":0,"failing":false,"failureDetails":[],"failureMessages":[],"fullName":"[FUNCTIONAL] CO2 Offset Calculations TC-F42: zero offset gives zero trees","invocations":1,"location":null,"numPassingAsserts":1,"retryReasons":[],"startAt":1785143765366,"status":"passed","title":"TC-F42: zero offset gives zero trees"},{"ancestorTitles":["[FUNCTIONAL] CO2 Offset Calculations"],"duration":0,"failing":false,"failureDetails":[],"failureMessages":[],"fullName":"[FUNCTIONAL] CO2 Offset Calculations TC-F43: furniture has significant CO2 offset","invocations":1,"location":null,"numPassingAsserts":1,"retryReasons":[],"startAt":1785143765366,"status":"passed","title":"TC-F43: furniture has significant CO2 offset"},{"ancestorTitles":["[FUNCTIONAL] CO2 Offset Calculations"],"duration":1,"failing":false,"failureDetails":[],"failureMessages":[],"fullName":"[FUNCTIONAL] CO2 Offset Calculations TC-F44: electronics offset is meaningful","invocations":1,"location":null,"numPassingAsserts":1,"retryReasons":[],"startAt":1785143765366,"status":"passed","title":"TC-F44: electronics offset is meaningful"}],"endTime":1785143765368,"message":"","name":"C:\\Users\\pooji\\.gemini\\antigravity-ide\\scratch\\ecoshare\\tests\\functional\\functional.test.js","startTime":1785143765250,"status":"passed","summary":""},{"assertionResults":[{"ancestorTitles":["[RESOURCES] Resource Creation Validation"],"duration":0,"failing":false,"failureDetails":[],"failureMessages":[],"fullName":"[RESOURCES] Resource Creation Validation TC-RES-01: valid resource creation succeeds","invocations":1,"location":null,"numPassingAsserts":2,"retryReasons":[],"startAt":1785143765448,"status":"passed","title":"TC-RES-01: valid resource creation succeeds"},{"ancestorTitles":["[RESOURCES] Resource Creation Validation"],"duration":1,"failing":false,"failureDetails":[],"failureMessages":[],"fullName":"[RESOURCES] Resource Creation Validation TC-RES-02: new resource has Available status by default","invocations":1,"location":null,"numPassingAsserts":1,"retryReasons":[],"startAt":1785143765448,"status":"passed","title":"TC-RES-02: new resource has Available status by default"},{"ancestorTitles":["[RESOURCES] Resource Creation Validation"],"duration":0,"failing":false,"failureDetails":[],"failureMessages":[],"fullName":"[RESOURCES] Resource Creation Validation TC-RES-03: new resource has resourceId assigned","invocations":1,"location":null,"numPassingAsserts":1,"retryReasons":[],"startAt":1785143765449,"status":"passed","title":"TC-RES-03: new resource has resourceId assigned"},{"ancestorTitles":["[RESOURCES] Resource Creation Validation"],"duration":0,"failing":false,"failureDetails":[],"failureMessages":[],"fullName":"[RESOURCES] Resource Creation Validation TC-RES-04: new resource has createdAt timestamp","invocations":1,"location":null,"numPassingAsserts":1,"retryReasons":[],"startAt":1785143765449,"status":"passed","title":"TC-RES-04: new resource has createdAt timestamp"},{"ancestorTitles":["[RESOURCES] Resource Creation Validation"],"duration":0,"failing":false,"failureDetails":[],"failureMessages":[],"fullName":"[RESOURCES] Resource Creation Validation TC-RES-05: resource with no title fails","invocations":1,"location":null,"numPassingAsserts":1,"retryReasons":[],"startAt":1785143765449,"status":"passed","title":"TC-RES-05: resource with no title fails"},{"ancestorTitles":["[RESOURCES] Resource Creation Validation"],"duration":1,"failing":false,"failureDetails":[],"failureMessages":[],"fullName":"[RESOURCES] Resource Creation Validation TC-RES-06: resource with 2-char title fails","invocations":1,"location":null,"numPassingAsserts":1,"retryReasons":[],"startAt":1785143765449,"status":"passed","title":"TC-RES-06: resource with 2-char title fails"},{"ancestorTitles":["[RESOURCES] Resource Creation Validation"],"duration":0,"failing":false,"failureDetails":[],"failureMessages":[],"fullName":"[RESOURCES] Resource Creation Validation TC-RES-07: resource with 3-char title passes","invocations":1,"location":null,"numPassingAsserts":1,"retryReasons":[],"startAt":1785143765450,"status":"passed","title":"TC-RES-07: resource with 3-char title passes"},{"ancestorTitles":["[RESOURCES] Resource Creation Validation"],"duration":0,"failing":false,"failureDetails":[],"failureMessages":[],"fullName":"[RESOURCES] Resource Creation Validation TC-RES-08: resource with 101-char title fails","invocations":1,"location":null,"numPassingAsserts":1,"retryReasons":[],"startAt":1785143765450,"status":"passed","title":"TC-RES-08: resource with 101-char title fails"},{"ancestorTitles":["[RESOURCES] Resource Creation Validation"],"duration":0,"failing":false,"failureDetails":[],"failureMessages":[],"fullName":"[RESOURCES] Resource Creation Validation TC-RES-09: resource with short description fails","invocations":1,"location":null,"numPassingAsserts":1,"retryReasons":[],"startAt":1785143765450,"status":"passed","title":"TC-RES-09: resource with short description fails"},{"ancestorTitles":["[RESOURCES] Resource Creation Validation"],"duration":0,"failing":false,"failureDetails":[],"failureMessages":[],"fullName":"[RESOURCES] Resource Creation Validation TC-RES-10: resource with description too long fails","invocations":1,"location":null,"numPassingAsserts":1,"retryReasons":[],"startAt":1785143765450,"status":"passed","title":"TC-RES-10: resource with description too long fails"},{"ancestorTitles":["[RESOURCES] Resource Creation Validation"],"duration":0,"failing":false,"failureDetails":[],"failureMessages":[],"fullName":"[RESOURCES] Resource Creation Validation TC-RES-11: resource with invalid category fails","invocations":1,"location":null,"numPassingAsserts":1,"retryReasons":[],"startAt":1785143765450,"status":"passed","title":"TC-RES-11: resource with invalid category fails"},{"ancestorTitles":["[RESOURCES] Resource Creation Validation"],"duration":0,"failing":false,"failureDetails":[],"failureMessages":[],"fullName":"[RESOURCES] Resource Creation Validation TC-RES-12: resource with no category fails","invocations":1,"location":null,"numPassingAsserts":1,"retryReasons":[],"startAt":1785143765451,"status":"passed","title":"TC-RES-12: resource with no category fails"},{"ancestorTitles":["[RESOURCES] Resource Creation Validation"],"duration":0,"failing":false,"failureDetails":[],"failureMessages":[],"fullName":"[RESOURCES] Resource Creation Validation TC-RES-13: resource with no location fails","invocations":1,"location":null,"numPassingAsserts":1,"retryReasons":[],"startAt":1785143765451,"status":"passed","title":"TC-RES-13: resource with no location fails"},{"ancestorTitles":["[RESOURCES] Resource Creation Validation"],"duration":0,"failing":false,"failureDetails":[],"failureMessages":[],"fullName":"[RESOURCES] Resource Creation Validation TC-RES-14: resource with single char location fails","invocations":1,"location":null,"numPassingAsserts":1,"retryReasons":[],"startAt":1785143765451,"status":"passed","title":"TC-RES-14: resource with single char location fails"},{"ancestorTitles":["[RESOURCES] Resource Creation Validation"],"duration":0,"failing":false,"failureDetails":[],"failureMessages":[],"fullName":"[RESOURCES] Resource Creation Validation TC-RES-15: resource missing quantity fails","invocations":1,"location":null,"numPassingAsserts":1,"retryReasons":[],"startAt":1785143765451,"status":"passed","title":"TC-RES-15: resource missing quantity fails"},{"ancestorTitles":["[RESOURCES] Resource Creation Validation"],"duration":0,"failing":false,"failureDetails":[],"failureMessages":[],"fullName":"[RESOURCES] Resource Creation Validation TC-RES-16: multiple validation errors returned at once","invocations":1,"location":null,"numPassingAsserts":2,"retryReasons":[],"startAt":1785143765451,"status":"passed","title":"TC-RES-16: multiple validation errors returned at once"},{"ancestorTitles":["[RESOURCES] Valid Categories"],"duration":1,"failing":false,"failureDetails":[],"failureMessages":[],"fullName":"[RESOURCES] Valid Categories TC-RES-CAT-01: Food is a valid category","invocations":1,"location":null,"numPassingAsserts":2,"retryReasons":[],"startAt":1785143765451,"status":"passed","title":"TC-RES-CAT-01: Food is a valid category"},{"ancestorTitles":["[RESOURCES] Valid Categories"],"duration":0,"failing":false,"failureDetails":[],"failureMessages":[],"fullName":"[RESOURCES] Valid Categories TC-RES-CAT-02: Clothes is a valid category","invocations":1,"location":null,"numPassingAsserts":2,"retryReasons":[],"startAt":1785143765452,"status":"passed","title":"TC-RES-CAT-02: Clothes is a valid category"},{"ancestorTitles":["[RESOURCES] Valid Categories"],"duration":0,"failing":false,"failureDetails":[],"failureMessages":[],"fullName":"[RESOURCES] Valid Categories TC-RES-CAT-03: Books is a valid category","invocations":1,"location":null,"numPassingAsserts":2,"retryReasons":[],"startAt":1785143765452,"status":"passed","title":"TC-RES-CAT-03: Books is a valid category"},{"ancestorTitles":["[RESOURCES] Valid Categories"],"duration":0,"failing":false,"failureDetails":[],"failureMessages":[],"fullName":"[RESOURCES] Valid Categories TC-RES-CAT-04: Furniture is a valid category","invocations":1,"location":null,"numPassingAsserts":2,"retryReasons":[],"startAt":1785143765452,"status":"passed","title":"TC-RES-CAT-04: Furniture is a valid category"},{"ancestorTitles":["[RESOURCES] Valid Categories"],"duration":0,"failing":false,"failureDetails":[],"failureMessages":[],"fullName":"[RESOURCES] Valid Categories TC-RES-CAT-05: Electronics is a valid category","invocations":1,"location":null,"numPassingAsserts":2,"retryReasons":[],"startAt":1785143765452,"status":"passed","title":"TC-RES-CAT-05: Electronics is a valid category"},{"ancestorTitles":["[RESOURCES] Valid Categories"],"duration":0,"failing":false,"failureDetails":[],"failureMessages":[],"fullName":"[RESOURCES] Valid Categories TC-RES-CAT-06: Kitchen Items is a valid category","invocations":1,"location":null,"numPassingAsserts":2,"retryReasons":[],"startAt":1785143765452,"status":"passed","title":"TC-RES-CAT-06: Kitchen Items is a valid category"},{"ancestorTitles":["[RESOURCES] Valid Categories"],"duration":1,"failing":false,"failureDetails":[],"failureMessages":[],"fullName":"[RESOURCES] Valid Categories TC-RES-CAT-07: Medical Supplies is a valid category","invocations":1,"location":null,"numPassingAsserts":2,"retryReasons":[],"startAt":1785143765452,"status":"passed","title":"TC-RES-CAT-07: Medical Supplies is a valid category"},{"ancestorTitles":["[RESOURCES] Valid Categories"],"duration":0,"failing":false,"failureDetails":[],"failureMessages":[],"fullName":"[RESOURCES] Valid Categories TC-RES-CAT-08: Educational Materials is a valid category","invocations":1,"location":null,"numPassingAsserts":2,"retryReasons":[],"startAt":1785143765453,"status":"passed","title":"TC-RES-CAT-08: Educational Materials is a valid category"},{"ancestorTitles":["[RESOURCES] Valid Categories"],"duration":0,"failing":false,"failureDetails":[],"failureMessages":[],"fullName":"[RESOURCES] Valid Categories TC-RES-CAT-09: Household Items is a valid category","invocations":1,"location":null,"numPassingAsserts":2,"retryReasons":[],"startAt":1785143765453,"status":"passed","title":"TC-RES-CAT-09: Household Items is a valid category"},{"ancestorTitles":["[RESOURCES] Valid Categories"],"duration":0,"failing":false,"failureDetails":[],"failureMessages":[],"fullName":"[RESOURCES] Valid Categories TC-RES-CAT-10: Other is a valid category","invocations":1,"location":null,"numPassingAsserts":2,"retryReasons":[],"startAt":1785143765453,"status":"passed","title":"TC-RES-CAT-10: Other is a valid category"},{"ancestorTitles":["[RESOURCES] Valid Categories"],"duration":0,"failing":false,"failureDetails":[],"failureMessages":[],"fullName":"[RESOURCES] Valid Categories TC-RES-CAT-11: lowercase category fails validation","invocations":1,"location":null,"numPassingAsserts":1,"retryReasons":[],"startAt":1785143765453,"status":"passed","title":"TC-RES-CAT-11: lowercase category fails validation"},{"ancestorTitles":["[RESOURCES] Status Management"],"duration":0,"failing":false,"failureDetails":[],"failureMessages":[],"fullName":"[RESOURCES] Status Management TC-RES-ST-01: resource can be set to Reserved","invocations":1,"location":null,"numPassingAsserts":2,"retryReasons":[],"startAt":1785143765453,"status":"passed","title":"TC-RES-ST-01: resource can be set to Reserved"},{"ancestorTitles":["[RESOURCES] Status Management"],"duration":1,"failing":false,"failureDetails":[],"failureMessages":[],"fullName":"[RESOURCES] Status Management TC-RES-ST-02: resource can be set to Taken","invocations":1,"location":null,"numPassingAsserts":2,"retryReasons":[],"startAt":1785143765453,"status":"passed","title":"TC-RES-ST-02: resource can be set to Taken"},{"ancestorTitles":["[RESOURCES] Status Management"],"duration":0,"failing":false,"failureDetails":[],"failureMessages":[],"fullName":"[RESOURCES] Status Management TC-RES-ST-03: resource can be set to Completed","invocations":1,"location":null,"numPassingAsserts":2,"retryReasons":[],"startAt":1785143765454,"status":"passed","title":"TC-RES-ST-03: resource can be set to Completed"},{"ancestorTitles":["[RESOURCES] Status Management"],"duration":0,"failing":false,"failureDetails":[],"failureMessages":[],"fullName":"[RESOURCES] Status Management TC-RES-ST-04: resource can be set back to Available","invocations":1,"location":null,"numPassingAsserts":2,"retryReasons":[],"startAt":1785143765454,"status":"passed","title":"TC-RES-ST-04: resource can be set back to Available"},{"ancestorTitles":["[RESOURCES] Status Management"],"duration":0,"failing":false,"failureDetails":[],"failureMessages":[],"fullName":"[RESOURCES] Status Management TC-RES-ST-05: invalid status string fails","invocations":1,"location":null,"numPassingAsserts":1,"retryReasons":[],"startAt":1785143765454,"status":"passed","title":"TC-RES-ST-05: invalid status string fails"},{"ancestorTitles":["[RESOURCES] Status Management"],"duration":0,"failing":false,"failureDetails":[],"failureMessages":[],"fullName":"[RESOURCES] Status Management TC-RES-ST-06: empty status string fails","invocations":1,"location":null,"numPassingAsserts":1,"retryReasons":[],"startAt":1785143765454,"status":"passed","title":"TC-RES-ST-06: empty status string fails"},{"ancestorTitles":["[RESOURCES] Delete Authorization"],"duration":0,"failing":false,"failureDetails":[],"failureMessages":[],"fullName":"[RESOURCES] Delete Authorization TC-RES-DEL-01: owner can delete their own resource","invocations":1,"location":null,"numPassingAsserts":1,"retryReasons":[],"startAt":1785143765454,"status":"passed","title":"TC-RES-DEL-01: owner can delete their own resource"},{"ancestorTitles":["[RESOURCES] Delete Authorization"],"duration":1,"failing":false,"failureDetails":[],"failureMessages":[],"fullName":"[RESOURCES] Delete Authorization TC-RES-DEL-02: non-owner cannot delete resource","invocations":1,"location":null,"numPassingAsserts":2,"retryReasons":[],"startAt":1785143765454,"status":"passed","title":"TC-RES-DEL-02: non-owner cannot delete resource"},{"ancestorTitles":["[RESOURCES] Delete Authorization"],"duration":0,"failing":false,"failureDetails":[],"failureMessages":[],"fullName":"[RESOURCES] Delete Authorization TC-RES-DEL-03: non-existent resource returns not found error","invocations":1,"location":null,"numPassingAsserts":2,"retryReasons":[],"startAt":1785143765455,"status":"passed","title":"TC-RES-DEL-03: non-existent resource returns not found error"},{"ancestorTitles":["[RESOURCES] Search & Filtering"],"duration":0,"failing":false,"failureDetails":[],"failureMessages":[],"fullName":"[RESOURCES] Search & Filtering TC-RES-SRCH-01: search by title returns matching resources","invocations":1,"location":null,"numPassingAsserts":2,"retryReasons":[],"startAt":1785143765455,"status":"passed","title":"TC-RES-SRCH-01: search by title returns matching resources"},{"ancestorTitles":["[RESOURCES] Search & Filtering"],"duration":0,"failing":false,"failureDetails":[],"failureMessages":[],"fullName":"[RESOURCES] Search & Filtering TC-RES-SRCH-02: search is case-insensitive","invocations":1,"location":null,"numPassingAsserts":1,"retryReasons":[],"startAt":1785143765455,"status":"passed","title":"TC-RES-SRCH-02: search is case-insensitive"},{"ancestorTitles":["[RESOURCES] Search & Filtering"],"duration":0,"failing":false,"failureDetails":[],"failureMessages":[],"fullName":"[RESOURCES] Search & Filtering TC-RES-SRCH-03: search by location returns matching resources","invocations":1,"location":null,"numPassingAsserts":1,"retryReasons":[],"startAt":1785143765456,"status":"passed","title":"TC-RES-SRCH-03: search by location returns matching resources"},{"ancestorTitles":["[RESOURCES] Search & Filtering"],"duration":0,"failing":false,"failureDetails":[],"failureMessages":[],"fullName":"[RESOURCES] Search & Filtering TC-RES-SRCH-04: search with no match returns empty array","invocations":1,"location":null,"numPassingAsserts":1,"retryReasons":[],"startAt":1785143765456,"status":"passed","title":"TC-RES-SRCH-04: search with no match returns empty array"},{"ancestorTitles":["[RESOURCES] Search & Filtering"],"duration":0,"failing":false,"failureDetails":[],"failureMessages":[],"fullName":"[RESOURCES] Search & Filtering TC-RES-SRCH-05: empty search returns all resources","invocations":1,"location":null,"numPassingAsserts":1,"retryReasons":[],"startAt":1785143765456,"status":"passed","title":"TC-RES-SRCH-05: empty search returns all resources"},{"ancestorTitles":["[RESOURCES] Search & Filtering"],"duration":0,"failing":false,"failureDetails":[],"failureMessages":[],"fullName":"[RESOURCES] Search & Filtering TC-RES-SRCH-06: null search returns all resources","invocations":1,"location":null,"numPassingAsserts":1,"retryReasons":[],"startAt":1785143765456,"status":"passed","title":"TC-RES-SRCH-06: null search returns all resources"},{"ancestorTitles":["[RESOURCES] Search & Filtering"],"duration":1,"failing":false,"failureDetails":[],"failureMessages":[],"fullName":"[RESOURCES] Search & Filtering TC-RES-FILTER-01: filter by Books category returns correct results","invocations":1,"location":null,"numPassingAsserts":2,"retryReasons":[],"startAt":1785143765456,"status":"passed","title":"TC-RES-FILTER-01: filter by Books category returns correct results"},{"ancestorTitles":["[RESOURCES] Search & Filtering"],"duration":0,"failing":false,"failureDetails":[],"failureMessages":[],"fullName":"[RESOURCES] Search & Filtering TC-RES-FILTER-02: filter by Electronics returns correct results","invocations":1,"location":null,"numPassingAsserts":2,"retryReasons":[],"startAt":1785143765457,"status":"passed","title":"TC-RES-FILTER-02: filter by Electronics returns correct results"},{"ancestorTitles":["[RESOURCES] Search & Filtering"],"duration":0,"failing":false,"failureDetails":[],"failureMessages":[],"fullName":"[RESOURCES] Search & Filtering TC-RES-FILTER-03: filter by non-existent category returns empty","invocations":1,"location":null,"numPassingAsserts":1,"retryReasons":[],"startAt":1785143765457,"status":"passed","title":"TC-RES-FILTER-03: filter by non-existent category returns empty"},{"ancestorTitles":["[RESOURCES] Search & Filtering"],"duration":1,"failing":false,"failureDetails":[],"failureMessages":[],"fullName":"[RESOURCES] Search & Filtering TC-RES-FILTER-04: filter by status Available returns correct count","invocations":1,"location":null,"numPassingAsserts":1,"retryReasons":[],"startAt":1785143765457,"status":"passed","title":"TC-RES-FILTER-04: filter by status Available returns correct count"},{"ancestorTitles":["[RESOURCES] Search & Filtering"],"duration":0,"failing":false,"failureDetails":[],"failureMessages":[],"fullName":"[RESOURCES] Search & Filtering TC-RES-FILTER-05: filter by status Reserved returns correct count","invocations":1,"location":null,"numPassingAsserts":1,"retryReasons":[],"startAt":1785143765458,"status":"passed","title":"TC-RES-FILTER-05: filter by status Reserved returns correct count"},{"ancestorTitles":["[RESOURCES] Search & Filtering"],"duration":0,"failing":false,"failureDetails":[],"failureMessages":[],"fullName":"[RESOURCES] Search & Filtering TC-RES-FILTER-06: null category returns all resources","invocations":1,"location":null,"numPassingAsserts":1,"retryReasons":[],"startAt":1785143765458,"status":"passed","title":"TC-RES-FILTER-06: null category returns all resources"},{"ancestorTitles":["[RESOURCES] CO2 Analytics"],"duration":0,"failing":false,"failureDetails":[],"failureMessages":[],"fullName":"[RESOURCES] CO2 Analytics TC-RES-CO2-01: total CO2 calculated correctly","invocations":1,"location":null,"numPassingAsserts":1,"retryReasons":[],"startAt":1785143765458,"status":"passed","title":"TC-RES-CO2-01: total CO2 calculated correctly"},{"ancestorTitles":["[RESOURCES] CO2 Analytics"],"duration":0,"failing":false,"failureDetails":[],"failureMessages":[],"fullName":"[RESOURCES] CO2 Analytics TC-RES-CO2-02: handles resources with missing co2Offset","invocations":1,"location":null,"numPassingAsserts":1,"retryReasons":[],"startAt":1785143765458,"status":"passed","title":"TC-RES-CO2-02: handles resources with missing co2Offset"},{"ancestorTitles":["[RESOURCES] CO2 Analytics"],"duration":1,"failing":false,"failureDetails":[],"failureMessages":[],"fullName":"[RESOURCES] CO2 Analytics TC-RES-CO2-03: empty resource list returns 0","invocations":1,"location":null,"numPassingAsserts":1,"retryReasons":[],"startAt":1785143765458,"status":"passed","title":"TC-RES-CO2-03: empty resource list returns 0"},{"ancestorTitles":["[RESOURCES] CO2 Analytics"],"duration":0,"failing":false,"failureDetails":[],"failureMessages":[],"fullName":"[RESOURCES] CO2 Analytics TC-RES-CO2-04: formats grams correctly","invocations":1,"location":null,"numPassingAsserts":1,"retryReasons":[],"startAt":1785143765459,"status":"passed","title":"TC-RES-CO2-04: formats grams correctly"},{"ancestorTitles":["[RESOURCES] CO2 Analytics"],"duration":0,"failing":false,"failureDetails":[],"failureMessages":[],"fullName":"[RESOURCES] CO2 Analytics TC-RES-CO2-05: formats kg correctly","invocations":1,"location":null,"numPassingAsserts":1,"retryReasons":[],"startAt":1785143765459,"status":"passed","title":"TC-RES-CO2-05: formats kg correctly"},{"ancestorTitles":["[RESOURCES] CO2 Analytics"],"duration":0,"failing":false,"failureDetails":[],"failureMessages":[],"fullName":"[RESOURCES] CO2 Analytics TC-RES-CO2-06: formats tonnes correctly","invocations":1,"location":null,"numPassingAsserts":1,"retryReasons":[],"startAt":1785143765459,"status":"passed","title":"TC-RES-CO2-06: formats tonnes correctly"},{"ancestorTitles":["[RESOURCES] CO2 Analytics"],"duration":0,"failing":false,"failureDetails":[],"failureMessages":[],"fullName":"[RESOURCES] CO2 Analytics TC-RES-CO2-07: Electronics category has high CO2 offset","invocations":1,"location":null,"numPassingAsserts":1,"retryReasons":[],"startAt":1785143765459,"status":"passed","title":"TC-RES-CO2-07: Electronics category has high CO2 offset"},{"ancestorTitles":["[RESOURCES] CO2 Analytics"],"duration":0,"failing":false,"failureDetails":[],"failureMessages":[],"fullName":"[RESOURCES] CO2 Analytics TC-RES-CO2-08: Furniture category has high CO2 offset","invocations":1,"location":null,"numPassingAsserts":1,"retryReasons":[],"startAt":1785143765459,"status":"passed","title":"TC-RES-CO2-08: Furniture category has high CO2 offset"}],"endTime":1785143765460,"message":"","name":"C:\\Users\\pooji\\.gemini\\antigravity-ide\\scratch\\ecoshare\\tests\\resources\\resources.test.js","startTime":1785143765376,"status":"passed","summary":""},{"assertionResults":[{"ancestorTitles":["[VALIDATION] Form Field Validation"],"duration":1,"failing":false,"failureDetails":[],"failureMessages":[],"fullName":"[VALIDATION] Form Field Validation TC-V01: title with 3 chars passes","invocations":1,"location":null,"numPassingAsserts":1,"retryReasons":[],"startAt":1785143765544,"status":"passed","title":"TC-V01: title with 3 chars passes"},{"ancestorTitles":["[VALIDATION] Form Field Validation"],"duration":0,"failing":false,"failureDetails":[],"failureMessages":[],"fullName":"[VALIDATION] Form Field Validation TC-V02: title with 50 chars passes","invocations":1,"location":null,"numPassingAsserts":1,"retryReasons":[],"startAt":1785143765545,"status":"passed","title":"TC-V02: title with 50 chars passes"},{"ancestorTitles":["[VALIDATION] Form Field Validation"],"duration":0,"failing":false,"failureDetails":[],"failureMessages":[],"fullName":"[VALIDATION] Form Field Validation TC-V03: title with 2 chars fails","invocations":1,"location":null,"numPassingAsserts":1,"retryReasons":[],"startAt":1785143765545,"status":"passed","title":"TC-V03: title with 2 chars fails"},{"ancestorTitles":["[VALIDATION] Form Field Validation"],"duration":1,"failing":false,"failureDetails":[],"failureMessages":[],"fullName":"[VALIDATION] Form Field Validation TC-V04: empty title fails","invocations":1,"location":null,"numPassingAsserts":1,"retryReasons":[],"startAt":1785143765545,"status":"passed","title":"TC-V04: empty title fails"},{"ancestorTitles":["[VALIDATION] Form Field Validation"],"duration":0,"failing":false,"failureDetails":[],"failureMessages":[],"fullName":"[VALIDATION] Form Field Validation TC-V05: null title fails","invocations":1,"location":null,"numPassingAsserts":1,"retryReasons":[],"startAt":1785143765546,"status":"passed","title":"TC-V05: null title fails"},{"ancestorTitles":["[VALIDATION] Form Field Validation"],"duration":0,"failing":false,"failureDetails":[],"failureMessages":[],"fullName":"[VALIDATION] Form Field Validation TC-V06: title with 101 chars fails","invocations":1,"location":null,"numPassingAsserts":1,"retryReasons":[],"startAt":1785143765546,"status":"passed","title":"TC-V06: title with 101 chars fails"},{"ancestorTitles":["[VALIDATION] Form Field Validation"],"duration":0,"failing":false,"failureDetails":[],"failureMessages":[],"fullName":"[VALIDATION] Form Field Validation TC-V07: whitespace-only title fails","invocations":1,"location":null,"numPassingAsserts":1,"retryReasons":[],"startAt":1785143765546,"status":"passed","title":"TC-V07: whitespace-only title fails"},{"ancestorTitles":["[VALIDATION] Form Field Validation"],"duration":0,"failing":false,"failureDetails":[],"failureMessages":[],"fullName":"[VALIDATION] Form Field Validation TC-V08: standard email passes","invocations":1,"location":null,"numPassingAsserts":1,"retryReasons":[],"startAt":1785143765546,"status":"passed","title":"TC-V08: standard email passes"},{"ancestorTitles":["[VALIDATION] Form Field Validation"],"duration":0,"failing":false,"failureDetails":[],"failureMessages":[],"fullName":"[VALIDATION] Form Field Validation TC-V09: subdomain email passes","invocations":1,"location":null,"numPassingAsserts":1,"retryReasons":[],"startAt":1785143765546,"status":"passed","title":"TC-V09: subdomain email passes"},{"ancestorTitles":["[VALIDATION] Form Field Validation"],"duration":1,"failing":false,"failureDetails":[],"failureMessages":[],"fullName":"[VALIDATION] Form Field Validation TC-V10: email with plus alias passes","invocations":1,"location":null,"numPassingAsserts":1,"retryReasons":[],"startAt":1785143765546,"status":"passed","title":"TC-V10: email with plus alias passes"},{"ancestorTitles":["[VALIDATION] Form Field Validation"],"duration":0,"failing":false,"failureDetails":[],"failureMessages":[],"fullName":"[VALIDATION] Form Field Validation TC-V11: email without @ fails","invocations":1,"location":null,"numPassingAsserts":1,"retryReasons":[],"startAt":1785143765547,"status":"passed","title":"TC-V11: email without @ fails"},{"ancestorTitles":["[VALIDATION] Form Field Validation"],"duration":0,"failing":false,"failureDetails":[],"failureMessages":[],"fullName":"[VALIDATION] Form Field Validation TC-V12: email without TLD fails","invocations":1,"location":null,"numPassingAsserts":1,"retryReasons":[],"startAt":1785143765547,"status":"passed","title":"TC-V12: email without TLD fails"},{"ancestorTitles":["[VALIDATION] Form Field Validation"],"duration":0,"failing":false,"failureDetails":[],"failureMessages":[],"fullName":"[VALIDATION] Form Field Validation TC-V13: email starting with @ fails","invocations":1,"location":null,"numPassingAsserts":1,"retryReasons":[],"startAt":1785143765547,"status":"passed","title":"TC-V13: email starting with @ fails"},{"ancestorTitles":["[VALIDATION] Form Field Validation"],"duration":0,"failing":false,"failureDetails":[],"failureMessages":[],"fullName":"[VALIDATION] Form Field Validation TC-V14: empty email fails","invocations":1,"location":null,"numPassingAsserts":1,"retryReasons":[],"startAt":1785143765547,"status":"passed","title":"TC-V14: empty email fails"},{"ancestorTitles":["[VALIDATION] Form Field Validation"],"duration":0,"failing":false,"failureDetails":[],"failureMessages":[],"fullName":"[VALIDATION] Form Field Validation TC-V15: email with spaces fails","invocations":1,"location":null,"numPassingAsserts":1,"retryReasons":[],"startAt":1785143765547,"status":"passed","title":"TC-V15: email with spaces fails"},{"ancestorTitles":["[VALIDATION] Form Field Validation"],"duration":1,"failing":false,"failureDetails":[],"failureMessages":[],"fullName":"[VALIDATION] Form Field Validation TC-V16: description with 10 chars passes","invocations":1,"location":null,"numPassingAsserts":1,"retryReasons":[],"startAt":1785143765547,"status":"passed","title":"TC-V16: description with 10 chars passes"},{"ancestorTitles":["[VALIDATION] Form Field Validation"],"duration":0,"failing":false,"failureDetails":[],"failureMessages":[],"fullName":"[VALIDATION] Form Field Validation TC-V17: description with 9 chars fails","invocations":1,"location":null,"numPassingAsserts":1,"retryReasons":[],"startAt":1785143765548,"status":"passed","title":"TC-V17: description with 9 chars fails"},{"ancestorTitles":["[VALIDATION] Form Field Validation"],"duration":0,"failing":false,"failureDetails":[],"failureMessages":[],"fullName":"[VALIDATION] Form Field Validation TC-V18: empty description fails","invocations":1,"location":null,"numPassingAsserts":1,"retryReasons":[],"startAt":1785143765548,"status":"passed","title":"TC-V18: empty description fails"},{"ancestorTitles":["[VALIDATION] Form Field Validation"],"duration":0,"failing":false,"failureDetails":[],"failureMessages":[],"fullName":"[VALIDATION] Form Field Validation TC-V19: null description fails","invocations":1,"location":null,"numPassingAsserts":1,"retryReasons":[],"startAt":1785143765548,"status":"passed","title":"TC-V19: null description fails"},{"ancestorTitles":["[VALIDATION] Form Field Validation"],"duration":0,"failing":false,"failureDetails":[],"failureMessages":[],"fullName":"[VALIDATION] Form Field Validation TC-V20: long description (1000 chars) passes","invocations":1,"location":null,"numPassingAsserts":1,"retryReasons":[],"startAt":1785143765548,"status":"passed","title":"TC-V20: long description (1000 chars) passes"},{"ancestorTitles":["[VALIDATION] Form Field Validation"],"duration":0,"failing":false,"failureDetails":[],"failureMessages":[],"fullName":"[VALIDATION] Form Field Validation TC-V21: too long description (1001 chars) fails","invocations":1,"location":null,"numPassingAsserts":1,"retryReasons":[],"startAt":1785143765548,"status":"passed","title":"TC-V21: too long description (1001 chars) fails"},{"ancestorTitles":["[VALIDATION] Form Field Validation"],"duration":0,"failing":false,"failureDetails":[],"failureMessages":[],"fullName":"[VALIDATION] Form Field Validation TC-V22: Food is a valid category","invocations":1,"location":null,"numPassingAsserts":1,"retryReasons":[],"startAt":1785143765548,"status":"passed","title":"TC-V22: Food is a valid category"},{"ancestorTitles":["[VALIDATION] Form Field Validation"],"duration":0,"failing":false,"failureDetails":[],"failureMessages":[],"fullName":"[VALIDATION] Form Field Validation TC-V23: Books is a valid category","invocations":1,"location":null,"numPassingAsserts":1,"retryReasons":[],"startAt":1785143765549,"status":"passed","title":"TC-V23: Books is a valid category"},{"ancestorTitles":["[VALIDATION] Form Field Validation"],"duration":0,"failing":false,"failureDetails":[],"failureMessages":[],"fullName":"[VALIDATION] Form Field Validation TC-V24: Electronics is a valid category","invocations":1,"location":null,"numPassingAsserts":1,"retryReasons":[],"startAt":1785143765549,"status":"passed","title":"TC-V24: Electronics is a valid category"},{"ancestorTitles":["[VALIDATION] Form Field Validation"],"duration":0,"failing":false,"failureDetails":[],"failureMessages":[],"fullName":"[VALIDATION] Form Field Validation TC-V25: invalid category fails","invocations":1,"location":null,"numPassingAsserts":1,"retryReasons":[],"startAt":1785143765549,"status":"passed","title":"TC-V25: invalid category fails"},{"ancestorTitles":["[VALIDATION] Form Field Validation"],"duration":1,"failing":false,"failureDetails":[],"failureMessages":[],"fullName":"[VALIDATION] Form Field Validation TC-V26: empty string fails category validation","invocations":1,"location":null,"numPassingAsserts":1,"retryReasons":[],"startAt":1785143765549,"status":"passed","title":"TC-V26: empty string fails category validation"},{"ancestorTitles":["[VALIDATION] Form Field Validation"],"duration":0,"failing":false,"failureDetails":[],"failureMessages":[],"fullName":"[VALIDATION] Form Field Validation TC-V27: case-sensitive category (lowercase) fails","invocations":1,"location":null,"numPassingAsserts":1,"retryReasons":[],"startAt":1785143765550,"status":"passed","title":"TC-V27: case-sensitive category (lowercase) fails"},{"ancestorTitles":["[VALIDATION] Form Field Validation"],"duration":0,"failing":false,"failureDetails":[],"failureMessages":[],"fullName":"[VALIDATION] Form Field Validation TC-V28: positive CO2 offset is valid","invocations":1,"location":null,"numPassingAsserts":1,"retryReasons":[],"startAt":1785143765550,"status":"passed","title":"TC-V28: positive CO2 offset is valid"},{"ancestorTitles":["[VALIDATION] Form Field Validation"],"duration":0,"failing":false,"failureDetails":[],"failureMessages":[],"fullName":"[VALIDATION] Form Field Validation TC-V29: zero CO2 offset is valid","invocations":1,"location":null,"numPassingAsserts":1,"retryReasons":[],"startAt":1785143765550,"status":"passed","title":"TC-V29: zero CO2 offset is valid"},{"ancestorTitles":["[VALIDATION] Form Field Validation"],"duration":0,"failing":false,"failureDetails":[],"failureMessages":[],"fullName":"[VALIDATION] Form Field Validation TC-V30: negative CO2 offset fails","invocations":1,"location":null,"numPassingAsserts":1,"retryReasons":[],"startAt":1785143765550,"status":"passed","title":"TC-V30: negative CO2 offset fails"},{"ancestorTitles":["[VALIDATION] Form Field Validation"],"duration":0,"failing":false,"failureDetails":[],"failureMessages":[],"fullName":"[VALIDATION] Form Field Validation TC-V31: string CO2 offset fails","invocations":1,"location":null,"numPassingAsserts":1,"retryReasons":[],"startAt":1785143765550,"status":"passed","title":"TC-V31: string CO2 offset fails"},{"ancestorTitles":["[VALIDATION] Form Field Validation"],"duration":0,"failing":false,"failureDetails":[],"failureMessages":[],"fullName":"[VALIDATION] Form Field Validation TC-V32: Infinity fails","invocations":1,"location":null,"numPassingAsserts":1,"retryReasons":[],"startAt":1785143765550,"status":"passed","title":"TC-V32: Infinity fails"},{"ancestorTitles":["[VALIDATION] Form Field Validation"],"duration":0,"failing":false,"failureDetails":[],"failureMessages":[],"fullName":"[VALIDATION] Form Field Validation TC-V33: NaN fails","invocations":1,"location":null,"numPassingAsserts":1,"retryReasons":[],"startAt":1785143765551,"status":"passed","title":"TC-V33: NaN fails"},{"ancestorTitles":["[VALIDATION] Form Field Validation"],"duration":0,"failing":false,"failureDetails":[],"failureMessages":[],"fullName":"[VALIDATION] Form Field Validation TC-V34: valid location passes","invocations":1,"location":null,"numPassingAsserts":1,"retryReasons":[],"startAt":1785143765551,"status":"passed","title":"TC-V34: valid location passes"},{"ancestorTitles":["[VALIDATION] Form Field Validation"],"duration":0,"failing":false,"failureDetails":[],"failureMessages":[],"fullName":"[VALIDATION] Form Field Validation TC-V35: single character location fails","invocations":1,"location":null,"numPassingAsserts":1,"retryReasons":[],"startAt":1785143765551,"status":"passed","title":"TC-V35: single character location fails"},{"ancestorTitles":["[VALIDATION] Form Field Validation"],"duration":0,"failing":false,"failureDetails":[],"failureMessages":[],"fullName":"[VALIDATION] Form Field Validation TC-V36: empty location fails","invocations":1,"location":null,"numPassingAsserts":1,"retryReasons":[],"startAt":1785143765551,"status":"passed","title":"TC-V36: empty location fails"},{"ancestorTitles":["[VALIDATION] Form Field Validation"],"duration":0,"failing":false,"failureDetails":[],"failureMessages":[],"fullName":"[VALIDATION] Form Field Validation TC-V37: valid name passes","invocations":1,"location":null,"numPassingAsserts":1,"retryReasons":[],"startAt":1785143765551,"status":"passed","title":"TC-V37: valid name passes"},{"ancestorTitles":["[VALIDATION] Form Field Validation"],"duration":0,"failing":false,"failureDetails":[],"failureMessages":[],"fullName":"[VALIDATION] Form Field Validation TC-V38: single character name fails","invocations":1,"location":null,"numPassingAsserts":1,"retryReasons":[],"startAt":1785143765551,"status":"passed","title":"TC-V38: single character name fails"},{"ancestorTitles":["[VALIDATION] Form Field Validation"],"duration":0,"failing":false,"failureDetails":[],"failureMessages":[],"fullName":"[VALIDATION] Form Field Validation TC-V39: empty name fails","invocations":1,"location":null,"numPassingAsserts":1,"retryReasons":[],"startAt":1785143765551,"status":"passed","title":"TC-V39: empty name fails"},{"ancestorTitles":["[VALIDATION] Form Field Validation"],"duration":0,"failing":false,"failureDetails":[],"failureMessages":[],"fullName":"[VALIDATION] Form Field Validation TC-V40: name with 60 chars passes","invocations":1,"location":null,"numPassingAsserts":1,"retryReasons":[],"startAt":1785143765552,"status":"passed","title":"TC-V40: name with 60 chars passes"},{"ancestorTitles":["[VALIDATION] Form Field Validation"],"duration":0,"failing":false,"failureDetails":[],"failureMessages":[],"fullName":"[VALIDATION] Form Field Validation TC-V41: name with 61 chars fails","invocations":1,"location":null,"numPassingAsserts":1,"retryReasons":[],"startAt":1785143765552,"status":"passed","title":"TC-V41: name with 61 chars fails"},{"ancestorTitles":["[UI/UX] Rendering & Display Logic"],"duration":0,"failing":false,"failureDetails":[],"failureMessages":[],"fullName":"[UI/UX] Rendering & Display Logic TC-UI01: formatTimeAgo shows \"just now\" for recent times","invocations":1,"location":null,"numPassingAsserts":1,"retryReasons":[],"startAt":1785143765552,"status":"passed","title":"TC-UI01: formatTimeAgo shows \"just now\" for recent times"},{"ancestorTitles":["[UI/UX] Rendering & Display Logic"],"duration":0,"failing":false,"failureDetails":[],"failureMessages":[],"fullName":"[UI/UX] Rendering & Display Logic TC-UI02: formatTimeAgo shows minutes for 5 min ago","invocations":1,"location":null,"numPassingAsserts":1,"retryReasons":[],"startAt":1785143765552,"status":"passed","title":"TC-UI02: formatTimeAgo shows minutes for 5 min ago"},{"ancestorTitles":["[UI/UX] Rendering & Display Logic"],"duration":0,"failing":false,"failureDetails":[],"failureMessages":[],"fullName":"[UI/UX] Rendering & Display Logic TC-UI03: formatTimeAgo shows hours for 3 hrs ago","invocations":1,"location":null,"numPassingAsserts":1,"retryReasons":[],"startAt":1785143765552,"status":"passed","title":"TC-UI03: formatTimeAgo shows hours for 3 hrs ago"},{"ancestorTitles":["[UI/UX] Rendering & Display Logic"],"duration":0,"failing":false,"failureDetails":[],"failureMessages":[],"fullName":"[UI/UX] Rendering & Display Logic TC-UI04: formatTimeAgo shows days for yesterday","invocations":1,"location":null,"numPassingAsserts":1,"retryReasons":[],"startAt":1785143765552,"status":"passed","title":"TC-UI04: formatTimeAgo shows days for yesterday"},{"ancestorTitles":["[UI/UX] Rendering & Display Logic"],"duration":0,"failing":false,"failureDetails":[],"failureMessages":[],"fullName":"[UI/UX] Rendering & Display Logic TC-UI05: truncateText returns full text when under limit","invocations":1,"location":null,"numPassingAsserts":1,"retryReasons":[],"startAt":1785143765553,"status":"passed","title":"TC-UI05: truncateText returns full text when under limit"},{"ancestorTitles":["[UI/UX] Rendering & Display Logic"],"duration":0,"failing":false,"failureDetails":[],"failureMessages":[],"fullName":"[UI/UX] Rendering & Display Logic TC-UI06: truncateText adds ellipsis when text is too long","invocations":1,"location":null,"numPassingAsserts":2,"retryReasons":[],"startAt":1785143765553,"status":"passed","title":"TC-UI06: truncateText adds ellipsis when text is too long"},{"ancestorTitles":["[UI/UX] Rendering & Display Logic"],"duration":0,"failing":false,"failureDetails":[],"failureMessages":[],"fullName":"[UI/UX] Rendering & Display Logic TC-UI07: truncateText at exact limit is not truncated","invocations":1,"location":null,"numPassingAsserts":1,"retryReasons":[],"startAt":1785143765553,"status":"passed","title":"TC-UI07: truncateText at exact limit is not truncated"},{"ancestorTitles":["[UI/UX] Rendering & Display Logic"],"duration":0,"failing":false,"failureDetails":[],"failureMessages":[],"fullName":"[UI/UX] Rendering & Display Logic TC-UI08: available status badge has green color","invocations":1,"location":null,"numPassingAsserts":1,"retryReasons":[],"startAt":1785143765553,"status":"passed","title":"TC-UI08: available status badge has green color"},{"ancestorTitles":["[UI/UX] Rendering & Display Logic"],"duration":0,"failing":false,"failureDetails":[],"failureMessages":[],"fullName":"[UI/UX] Rendering & Display Logic TC-UI09: reserved status badge has orange color","invocations":1,"location":null,"numPassingAsserts":1,"retryReasons":[],"startAt":1785143765553,"status":"passed","title":"TC-UI09: reserved status badge has orange color"},{"ancestorTitles":["[UI/UX] Rendering & Display Logic"],"duration":0,"failing":false,"failureDetails":[],"failureMessages":[],"fullName":"[UI/UX] Rendering & Display Logic TC-UI10: taken status badge has red color","invocations":1,"location":null,"numPassingAsserts":1,"retryReasons":[],"startAt":1785143765553,"status":"passed","title":"TC-UI10: taken status badge has red color"},{"ancestorTitles":["[UI/UX] Rendering & Display Logic"],"duration":0,"failing":false,"failureDetails":[],"failureMessages":[],"fullName":"[UI/UX] Rendering & Display Logic TC-UI11: unknown status returns fallback badge","invocations":1,"location":null,"numPassingAsserts":1,"retryReasons":[],"startAt":1785143765554,"status":"passed","title":"TC-UI11: unknown status returns fallback badge"},{"ancestorTitles":["[UI/UX] Rendering & Display Logic"],"duration":0,"failing":false,"failureDetails":[],"failureMessages":[],"fullName":"[UI/UX] Rendering & Display Logic TC-UI12: CO2 display formats grams for small values","invocations":1,"location":null,"numPassingAsserts":1,"retryReasons":[],"startAt":1785143765554,"status":"passed","title":"TC-UI12: CO2 display formats grams for small values"},{"ancestorTitles":["[UI/UX] Rendering & Display Logic"],"duration":0,"failing":false,"failureDetails":[],"failureMessages":[],"fullName":"[UI/UX] Rendering & Display Logic TC-UI13: CO2 display formats kg for medium values","invocations":1,"location":null,"numPassingAsserts":1,"retryReasons":[],"startAt":1785143765554,"status":"passed","title":"TC-UI13: CO2 display formats kg for medium values"},{"ancestorTitles":["[UI/UX] Rendering & Display Logic"],"duration":0,"failing":false,"failureDetails":[],"failureMessages":[],"fullName":"[UI/UX] Rendering & Display Logic TC-UI14: CO2 display formats tonnes for large values","invocations":1,"location":null,"numPassingAsserts":1,"retryReasons":[],"startAt":1785143765554,"status":"passed","title":"TC-UI14: CO2 display formats tonnes for large values"},{"ancestorTitles":["[UI/UX] Rendering & Display Logic"],"duration":0,"failing":false,"failureDetails":[],"failureMessages":[],"fullName":"[UI/UX] Rendering & Display Logic TC-UI15: Books category shows book emoji","invocations":1,"location":null,"numPassingAsserts":1,"retryReasons":[],"startAt":1785143765554,"status":"passed","title":"TC-UI15: Books category shows book emoji"},{"ancestorTitles":["[UI/UX] Rendering & Display Logic"],"duration":0,"failing":false,"failureDetails":[],"failureMessages":[],"fullName":"[UI/UX] Rendering & Display Logic TC-UI16: Electronics category shows laptop emoji","invocations":1,"location":null,"numPassingAsserts":1,"retryReasons":[],"startAt":1785143765554,"status":"passed","title":"TC-UI16: Electronics category shows laptop emoji"},{"ancestorTitles":["[UI/UX] Rendering & Display Logic"],"duration":1,"failing":false,"failureDetails":[],"failureMessages":[],"fullName":"[UI/UX] Rendering & Display Logic TC-UI17: Food category shows food emoji","invocations":1,"location":null,"numPassingAsserts":1,"retryReasons":[],"startAt":1785143765554,"status":"passed","title":"TC-UI17: Food category shows food emoji"},{"ancestorTitles":["[UI/UX] Rendering & Display Logic"],"duration":0,"failing":false,"failureDetails":[],"failureMessages":[],"fullName":"[UI/UX] Rendering & Display Logic TC-UI18: unknown category returns default emoji","invocations":1,"location":null,"numPassingAsserts":1,"retryReasons":[],"startAt":1785143765555,"status":"passed","title":"TC-UI18: unknown category returns default emoji"},{"ancestorTitles":["[SECURITY] Input Sanitization & XSS Prevention"],"duration":0,"failing":false,"failureDetails":[],"failureMessages":[],"fullName":"[SECURITY] Input Sanitization & XSS Prevention TC-S01: XSS script tag is escaped","invocations":1,"location":null,"numPassingAsserts":1,"retryReasons":[],"startAt":1785143765555,"status":"passed","title":"TC-S01: XSS script tag is escaped"},{"ancestorTitles":["[SECURITY] Input Sanitization & XSS Prevention"],"duration":0,"failing":false,"failureDetails":[],"failureMessages":[],"fullName":"[SECURITY] Input Sanitization & XSS Prevention TC-S02: HTML tags are escaped","invocations":1,"location":null,"numPassingAsserts":1,"retryReasons":[],"startAt":1785143765555,"status":"passed","title":"TC-S02: HTML tags are escaped"},{"ancestorTitles":["[SECURITY] Input Sanitization & XSS Prevention"],"duration":0,"failing":false,"failureDetails":[],"failureMessages":[],"fullName":"[SECURITY] Input Sanitization & XSS Prevention TC-S03: double quotes are escaped","invocations":1,"location":null,"numPassingAsserts":1,"retryReasons":[],"startAt":1785143765555,"status":"passed","title":"TC-S03: double quotes are escaped"},{"ancestorTitles":["[SECURITY] Input Sanitization & XSS Prevention"],"duration":0,"failing":false,"failureDetails":[],"failureMessages":[],"fullName":"[SECURITY] Input Sanitization & XSS Prevention TC-S04: single quotes are escaped","invocations":1,"location":null,"numPassingAsserts":1,"retryReasons":[],"startAt":1785143765555,"status":"passed","title":"TC-S04: single quotes are escaped"},{"ancestorTitles":["[SECURITY] Input Sanitization & XSS Prevention"],"duration":1,"failing":false,"failureDetails":[],"failureMessages":[],"fullName":"[SECURITY] Input Sanitization & XSS Prevention TC-S05: ampersand is escaped","invocations":1,"location":null,"numPassingAsserts":1,"retryReasons":[],"startAt":1785143765555,"status":"passed","title":"TC-S05: ampersand is escaped"},{"ancestorTitles":["[SECURITY] Input Sanitization & XSS Prevention"],"duration":0,"failing":false,"failureDetails":[],"failureMessages":[],"fullName":"[SECURITY] Input Sanitization & XSS Prevention TC-S06: normal text passes through sanitization unchanged (except chars)","invocations":1,"location":null,"numPassingAsserts":1,"retryReasons":[],"startAt":1785143765556,"status":"passed","title":"TC-S06: normal text passes through sanitization unchanged (except chars)"},{"ancestorTitles":["[SECURITY] Input Sanitization & XSS Prevention"],"duration":0,"failing":false,"failureDetails":[],"failureMessages":[],"fullName":"[SECURITY] Input Sanitization & XSS Prevention TC-S07: null input returns empty string","invocations":1,"location":null,"numPassingAsserts":1,"retryReasons":[],"startAt":1785143765556,"status":"passed","title":"TC-S07: null input returns empty string"},{"ancestorTitles":["[SECURITY] Input Sanitization & XSS Prevention"],"duration":1,"failing":false,"failureDetails":[],"failureMessages":[],"fullName":"[SECURITY] Input Sanitization & XSS Prevention TC-S08: non-string input returns empty string","invocations":1,"location":null,"numPassingAsserts":2,"retryReasons":[],"startAt":1785143765556,"status":"passed","title":"TC-S08: non-string input returns empty string"},{"ancestorTitles":["[SECURITY] Input Sanitization & XSS Prevention"],"duration":0,"failing":false,"failureDetails":[],"failureMessages":[],"fullName":"[SECURITY] Input Sanitization & XSS Prevention TC-S09: valid API key is considered safe","invocations":1,"location":null,"numPassingAsserts":1,"retryReasons":[],"startAt":1785143765557,"status":"passed","title":"TC-S09: valid API key is considered safe"},{"ancestorTitles":["[SECURITY] Input Sanitization & XSS Prevention"],"duration":0,"failing":false,"failureDetails":[],"failureMessages":[],"fullName":"[SECURITY] Input Sanitization & XSS Prevention TC-S10: API key with spaces is unsafe","invocations":1,"location":null,"numPassingAsserts":1,"retryReasons":[],"startAt":1785143765557,"status":"passed","title":"TC-S10: API key with spaces is unsafe"},{"ancestorTitles":["[SECURITY] Input Sanitization & XSS Prevention"],"duration":0,"failing":false,"failureDetails":[],"failureMessages":[],"fullName":"[SECURITY] Input Sanitization & XSS Prevention TC-S11: empty API key is unsafe","invocations":1,"location":null,"numPassingAsserts":1,"retryReasons":[],"startAt":1785143765557,"status":"passed","title":"TC-S11: empty API key is unsafe"},{"ancestorTitles":["[SECURITY] Input Sanitization & XSS Prevention"],"duration":0,"failing":false,"failureDetails":[],"failureMessages":[],"fullName":"[SECURITY] Input Sanitization & XSS Prevention TC-S12: null API key is unsafe","invocations":1,"location":null,"numPassingAsserts":1,"retryReasons":[],"startAt":1785143765558,"status":"passed","title":"TC-S12: null API key is unsafe"},{"ancestorTitles":["[SECURITY] Input Sanitization & XSS Prevention"],"duration":0,"failing":false,"failureDetails":[],"failureMessages":[],"fullName":"[SECURITY] Input Sanitization & XSS Prevention TC-S13: API key with HTML tags is unsafe","invocations":1,"location":null,"numPassingAsserts":1,"retryReasons":[],"startAt":1785143765558,"status":"passed","title":"TC-S13: API key with HTML tags is unsafe"},{"ancestorTitles":["[SECURITY] Input Sanitization & XSS Prevention"],"duration":1,"failing":false,"failureDetails":[],"failureMessages":[],"fullName":"[SECURITY] Input Sanitization & XSS Prevention TC-S14: SQL injection pattern detected in title","invocations":1,"location":null,"numPassingAsserts":1,"retryReasons":[],"startAt":1785143765558,"status":"passed","title":"TC-S14: SQL injection pattern detected in title"},{"ancestorTitles":["[SECURITY] Input Sanitization & XSS Prevention"],"duration":0,"failing":false,"failureDetails":[],"failureMessages":[],"fullName":"[SECURITY] Input Sanitization & XSS Prevention TC-S15: SQL SELECT detected","invocations":1,"location":null,"numPassingAsserts":1,"retryReasons":[],"startAt":1785143765559,"status":"passed","title":"TC-S15: SQL SELECT detected"},{"ancestorTitles":["[SECURITY] Input Sanitization & XSS Prevention"],"duration":0,"failing":false,"failureDetails":[],"failureMessages":[],"fullName":"[SECURITY] Input Sanitization & XSS Prevention TC-S16: normal text has no SQL injection","invocations":1,"location":null,"numPassingAsserts":1,"retryReasons":[],"startAt":1785143765560,"status":"passed","title":"TC-S16: normal text has no SQL injection"},{"ancestorTitles":["[SECURITY] Input Sanitization & XSS Prevention"],"duration":0,"failing":false,"failureDetails":[],"failureMessages":[],"fullName":"[SECURITY] Input Sanitization & XSS Prevention TC-S17: slash in input is escaped","invocations":1,"location":null,"numPassingAsserts":1,"retryReasons":[],"startAt":1785143765560,"status":"passed","title":"TC-S17: slash in input is escaped"}],"endTime":1785143765561,"message":"","name":"C:\\Users\\pooji\\.gemini\\antigravity-ide\\scratch\\ecoshare\\tests\\validation\\validation-ui-security.test.js","startTime":1785143765466,"status":"passed","summary":""},{"assertionResults":[{"ancestorTitles":["[CHAT] Message Creation"],"duration":1,"failing":false,"failureDetails":[],"failureMessages":[],"fullName":"[CHAT] Message Creation TC-CHAT-01: valid message is created successfully","invocations":1,"location":null,"numPassingAsserts":2,"retryReasons":[],"startAt":1785143765634,"status":"passed","title":"TC-CHAT-01: valid message is created successfully"},{"ancestorTitles":["[CHAT] Message Creation"],"duration":0,"failing":false,"failureDetails":[],"failureMessages":[],"fullName":"[CHAT] Message Creation TC-CHAT-02: created message has a unique id","invocations":1,"location":null,"numPassingAsserts":3,"retryReasons":[],"startAt":1785143765635,"status":"passed","title":"TC-CHAT-02: created message has a unique id"},{"ancestorTitles":["[CHAT] Message Creation"],"duration":1,"failing":false,"failureDetails":[],"failureMessages":[],"fullName":"[CHAT] Message Creation TC-CHAT-03: created message has timestamp","invocations":1,"location":null,"numPassingAsserts":2,"retryReasons":[],"startAt":1785143765635,"status":"passed","title":"TC-CHAT-03: created message has timestamp"},{"ancestorTitles":["[CHAT] Message Creation"],"duration":0,"failing":false,"failureDetails":[],"failureMessages":[],"fullName":"[CHAT] Message Creation TC-CHAT-04: created message is unread by default","invocations":1,"location":null,"numPassingAsserts":1,"retryReasons":[],"startAt":1785143765636,"status":"passed","title":"TC-CHAT-04: created message is unread by default"},{"ancestorTitles":["[CHAT] Message Creation"],"duration":0,"failing":false,"failureDetails":[],"failureMessages":[],"fullName":"[CHAT] Message Creation TC-CHAT-05: created message has correct sender","invocations":1,"location":null,"numPassingAsserts":1,"retryReasons":[],"startAt":1785143765636,"status":"passed","title":"TC-CHAT-05: created message has correct sender"},{"ancestorTitles":["[CHAT] Message Creation"],"duration":0,"failing":false,"failureDetails":[],"failureMessages":[],"fullName":"[CHAT] Message Creation TC-CHAT-06: empty message text fails","invocations":1,"location":null,"numPassingAsserts":2,"retryReasons":[],"startAt":1785143765636,"status":"passed","title":"TC-CHAT-06: empty message text fails"},{"ancestorTitles":["[CHAT] Message Creation"],"duration":0,"failing":false,"failureDetails":[],"failureMessages":[],"fullName":"[CHAT] Message Creation TC-CHAT-07: whitespace-only message fails","invocations":1,"location":null,"numPassingAsserts":1,"retryReasons":[],"startAt":1785143765636,"status":"passed","title":"TC-CHAT-07: whitespace-only message fails"},{"ancestorTitles":["[CHAT] Message Creation"],"duration":0,"failing":false,"failureDetails":[],"failureMessages":[],"fullName":"[CHAT] Message Creation TC-CHAT-08: null message text fails","invocations":1,"location":null,"numPassingAsserts":1,"retryReasons":[],"startAt":1785143765637,"status":"passed","title":"TC-CHAT-08: null message text fails"},{"ancestorTitles":["[CHAT] Message Creation"],"durati
[...]
,"numPassingAsserts":1,"retryReasons":[],"startAt":1785143765979,"status":"passed","title":"TC-U19: compost response contains emoji"},{"ancestorTitles":["[UNIT] AI Service - Mock Responses"],"duration":0,"failing":false,"failureDetails":[],"failureMessages":[],"fullName":"[UNIT] AI Service - Mock Responses TC-U20: recycle response contains emoji","invocations":1,"location":null,"numPassingAsserts":1,"retryReasons":[],"startAt":1785143765979,"status":"passed","title":"TC-U20: recycle response contains emoji"},{"ancestorTitles":["[UNIT] AI Service - Mock Responses"],"duration":0,"failing":false,"failureDetails":[],"failureMessages":[],"fullName":"[UNIT] AI Service - Mock Responses TC-U21: different queries return different responses","invocations":1,"location":null,"numPassingAsserts":1,"retryReasons":[],"startAt":1785143765979,"status":"passed","title":"TC-U21: different queries return different responses"},{"ancestorTitles":["[UNIT] AI Service - Mock Responses"],"duration":0,"failing":false,"failureDetails":[],"failureMessages":[],"fullName":"[UNIT] AI Service - Mock Responses TC-U22: response is always a non-empty string","invocations":1,"location":null,"numPassingAsserts":2,"retryReasons":[],"startAt":1785143765979,"status":"passed","title":"TC-U22: response is always a non-empty string"},{"ancestorTitles":["[UNIT] AI Service - Mock Responses"],"duration":0,"failing":false,"failureDetails":[],"failureMessages":[],"fullName":"[UNIT] AI Service - Mock Responses TC-U23: case-insensitive matching for COMPOST","invocations":1,"location":null,"numPassingAsserts":1,"retryReasons":[],"startAt":1785143765979,"status":"passed","title":"TC-U23: case-insensitive matching for COMPOST"},{"ancestorTitles":["[UNIT] AI Service - Mock Responses"],"duration":0,"failing":false,"failureDetails":[],"failureMessages":[],"fullName":"[UNIT] AI Service - Mock Responses TC-U24: case-insensitive matching for RECYCLE","invocations":1,"location":null,"numPassingAsserts":1,"retryReasons":[],"startAt":1785143765980,"status":"passed","title":"TC-U24: case-insensitive matching for RECYCLE"},{"ancestorTitles":["[UNIT] AI Service - Auto-Fill Categorization"],"duration":0,"failing":false,"failureDetails":[],"failureMessages":[],"fullName":"[UNIT] AI Service - Auto-Fill Categorization TC-U25: books categorized correctly","invocations":1,"location":null,"numPassingAsserts":1,"retryReasons":[],"startAt":1785143765980,"status":"passed","title":"TC-U25: books categorized correctly"},{"ancestorTitles":["[UNIT] AI Service - Auto-Fill Categorization"],"duration":0,"failing":false,"failureDetails":[],"failureMessages":[],"fullName":"[UNIT] AI Service - Auto-Fill Categorization TC-U26: novel categorized as Books","invocations":1,"location":null,"numPassingAsserts":1,"retryReasons":[],"startAt":1785143765980,"status":"passed","title":"TC-U26: novel categorized as Books"},{"ancestorTitles":["[UNIT] AI Service - Auto-Fill Categorization"],"duration":0,"failing":false,"failureDetails":[],"failureMessages":[],"fullName":"[UNIT] AI Service - Auto-Fill Categorization TC-U27: textbook categorized as Books","invocations":1,"location":null,"numPassingAsserts":1,"retryReasons":[],"startAt":1785143765980,"status":"passed","title":"TC-U27: textbook categorized as Books"},{"ancestorTitles":["[UNIT] AI Service - Auto-Fill Categorization"],"duration":1,"failing":false,"failureDetails":[],"failureMessages":[],"fullName":"[UNIT] AI Service - Auto-Fill Categorization TC-U28: chair categorized as Furniture","invocations":1,"location":null,"numPassingAsserts":1,"retryReasons":[],"startAt":1785143765980,"status":"passed","title":"TC-U28: chair categorized as Furniture"},{"ancestorTitles":["[UNIT] AI Service - Auto-Fill Categorization"],"duration":0,"failing":false,"failureDetails":[],"failureMessages":[],"fullName":"[UNIT] AI Service - Auto-Fill Categorization TC-U29: table categorized as Furniture","invocations":1,"location":null,"numPassingAsserts":1,"retryReasons":[],"startAt":1785143765981,"status":"passed","title":"TC-U29: table categorized as Furniture"},{"ancestorTitles":["[UNIT] AI Service - Auto-Fill Categorization"],"duration":0,"failing":false,"failureDetails":[],"failureMessages":[],"fullName":"[UNIT] AI Service - Auto-Fill Categorization TC-U30: sofa categorized as Furniture","invocations":1,"location":null,"numPassingAsserts":1,"retryReasons":[],"startAt":1785143765981,"status":"passed","title":"TC-U30: sofa categorized as Furniture"},{"ancestorTitles":["[UNIT] AI Service - Auto-Fill Categorization"],"duration":0,"failing":false,"failureDetails":[],"failureMessages":[],"fullName":"[UNIT] AI Service - Auto-Fill Categorization TC-U31: shirt categorized as Clothes","invocations":1,"location":null,"numPassingAsserts":1,"retryReasons":[],"startAt":1785143765981,"status":"passed","title":"TC-U31: shirt categorized as Clothes"},{"ancestorTitles":["[UNIT] AI Service - Auto-Fill Categorization"],"duration":0,"failing":false,"failureDetails":[],"failureMessages":[],"fullName":"[UNIT] AI Service - Auto-Fill Categorization TC-U32: jacket categorized as Clothes","invocations":1,"location":null,"numPassingAsserts":1,"retryReasons":[],"startAt":1785143765981,"status":"passed","title":"TC-U32: jacket categorized as Clothes"},{"ancestorTitles":["[UNIT] AI Service - Auto-Fill Categorization"],"duration":0,"failing":false,"failureDetails":[],"failureMessages":[],"fullName":"[UNIT] AI Service - Auto-Fill Categorization TC-U33: phone categorized as Electronics","invocations":1,"location":null,"numPassingAsserts":1,"retryReasons":[],"startAt":1785143765981,"status":"passed","title":"TC-U33: phone categorized as Electronics"},{"ancestorTitles":["[UNIT] AI Service - Auto-Fill Categorization"],"duration":0,"failing":false,"failureDetails":[],"failureMessages":[],"fullName":"[UNIT] AI Service - Auto-Fill Categorization TC-U34: charger categorized as Electronics","invocations":1,"location":null,"numPassingAsserts":1,"retryReasons":[],"startAt":1785143765982,"status":"passed","title":"TC-U34: charger categorized as Electronics"},{"ancestorTitles":["[UNIT] AI Service - Auto-Fill Categorization"],"duration":0,"failing":false,"failureDetails":[],"failureMessages":[],"fullName":"[UNIT] AI Service - Auto-Fill Categorization TC-U35: food categorized correctly","invocations":1,"location":null,"numPassingAsserts":1,"retryReasons":[],"startAt":1785143765982,"status":"passed","title":"TC-U35: food categorized correctly"},{"ancestorTitles":["[UNIT] AI Service - Auto-Fill Categorization"],"duration":0,"failing":false,"failureDetails":[],"failureMessages":[],"fullName":"[UNIT] AI Service - Auto-Fill Categorization TC-U36: medical supplies categorized correctly","invocations":1,"location":null,"numPassingAsserts":1,"retryReasons":[],"startAt":1785143765982,"status":"passed","title":"TC-U36: medical supplies categorized correctly"},{"ancestorTitles":["[UNIT] AI Service - Auto-Fill Categorization"],"duration":0,"failing":false,"failureDetails":[],"failureMessages":[],"fullName":"[UNIT] AI Service - Auto-Fill Categorization TC-U37: unrecognized item defaults to Other","invocations":1,"location":null,"numPassingAsserts":1,"retryReasons":[],"startAt":1785143765982,"status":"passed","title":"TC-U37: unrecognized item defaults to Other"},{"ancestorTitles":["[UNIT] AI Service - Auto-Fill Categorization"],"duration":1,"failing":false,"failureDetails":[],"failureMessages":[],"fullName":"[UNIT] AI Service - Auto-Fill Categorization TC-U38: co2Offset is always positive","invocations":1,"location":null,"numPassingAsserts":7,"retryReasons":[],"startAt":1785143765982,"status":"passed","title":"TC-U38: co2Offset is always positive"},{"ancestorTitles":["[UNIT] AI Service - Auto-Fill Categorization"],"duration":0,"failing":false,"failureDetails":[],"failureMessages":[],"fullName":"[UNIT] AI Service - Auto-Fill Categorization TC-U39: furniture has highest co2 offset among common items","invocations":1,"location":null,"numPassingAsserts":1,"retryReasons":[],"startAt":1785143765983,"status":"passed","title":"TC-U39: furniture has highest co2 offset among common items"},{"ancestorTitles":["[UNIT] AI Service - Auto-Fill Categorization"],"duration":0,"failing":false,"failureDetails":[],"failureMessages":[],"fullName":"[UNIT] AI Service - Auto-Fill Categorization TC-U40: all required fields present in auto-fill result","invocations":1,"location":null,"numPassingAsserts":4,"retryReasons":[],"startAt":1785143765983,"status":"passed","title":"TC-U40: all required fields present in auto-fill result"},{"ancestorTitles":["[UNIT] AI Service - Auto-Fill Categorization"],"duration":0,"failing":false,"failureDetails":[],"failureMessages":[],"fullName":"[UNIT] AI Service - Auto-Fill Categorization TC-U41: description is non-empty string","invocations":1,"location":null,"numPassingAsserts":2,"retryReasons":[],"startAt":1785143765983,"status":"passed","title":"TC-U41: description is non-empty string"},{"ancestorTitles":["[UNIT] AI Service - Auto-Fill Categorization"],"duration":0,"failing":false,"failureDetails":[],"failureMessages":[],"fullName":"[UNIT] AI Service - Auto-Fill Categorization TC-U42: quantity is non-empty string","invocations":1,"location":null,"numPassingAsserts":2,"retryReasons":[],"startAt":1785143765984,"status":"passed","title":"TC-U42: quantity is non-empty string"}],"endTime":1785143765985,"message":"","name":"C:\\Users\\pooji\\.gemini\\antigravity-ide\\scratch\\ecoshare\\tests\\unit\\ai-service.test.js","startTime":1785143765904,"status":"passed","summary":""},{"assertionResults":[{"ancestorTitles":["[ANALYTICS] Category Breakdown"],"duration":1,"failing":false,"failureDetails":[],"failureMessages":[],"fullName":"[ANALYTICS] Category Breakdown TC-ANLYT-01: getCategoryBreakdown counts categories correctly","invocations":1,"location":null,"numPassingAsserts":4,"retryReasons":[],"startAt":1785143766063,"status":"passed","title":"TC-ANLYT-01: getCategoryBreakdown counts categories correctly"},{"ancestorTitles":["[ANALYTICS] Category Breakdown"],"duration":0,"failing":false,"failureDetails":[],"failureMessages":[],"fullName":"[ANALYTICS] Category Breakdown TC-ANLYT-02: getCategoryBreakdown returns empty object for empty list","invocations":1,"location":null,"numPassingAsserts":1,"retryReasons":[],"startAt":1785143766064,"status":"passed","title":"TC-ANLYT-02: getCategoryBreakdown returns empty object for empty list"},{"ancestorTitles":["[ANALYTICS] Category Breakdown"],"duration":0,"failing":false,"failureDetails":[],"failureMessages":[],"fullName":"[ANALYTICS] Category Breakdown TC-ANLYT-03: getTopCategory returns the most common category","invocations":1,"location":null,"numPassingAsserts":1,"retryReasons":[],"startAt":1785143766064,"status":"passed","title":"TC-ANLYT-03: getTopCategory returns the most common category"},{"ancestorTitles":["[ANALYTICS] Category Breakdown"],"duration":1,"failing":false,"failureDetails":[],"failureMessages":[],"fullName":"[ANALYTICS] Category Breakdown TC-ANLYT-04: getTopCategory returns null for empty list","invocations":1,"location":null,"numPassingAsserts":1,"retryReasons":[],"startAt":1785143766064,"status":"passed","title":"TC-ANLYT-04: getTopCategory returns null for empty list"},{"ancestorTitles":["[ANALYTICS] Category Breakdown"],"duration":0,"failing":false,"failureDetails":[],"failureMessages":[],"fullName":"[ANALYTICS] Category Breakdown TC-ANLYT-05: getCategoryCO2 sums CO2 per category correctly","invocations":1,"location":null,"numPassingAsserts":3,"retryReasons":[],"startAt":1785143766065,"status":"passed","title":"TC-ANLYT-05: getCategoryCO2 sums CO2 per category correctly"},{"ancestorTitles":["[ANALYTICS] CO2 & Environmental Impact"],"duration":0,"failing":false,"failureDetails":[],"failureMessages":[],"fullName":"[ANALYTICS] CO2 & Environmental Impact TC-ANLYT-06: calculateTreeEquivalent from 21000g = 1 tree","invocations":1,"location":null,"numPassingAsserts":1,"retryReasons":[],"startAt":1785143766065,"status":"passed","title":"TC-ANLYT-06: calculateTreeEquivalent from 21000g = 1 tree"},{"ancestorTitles":["[ANALYTICS] CO2 & Environmental Impact"],"duration":0,"failing":false,"failureDetails":[],"failureMessages":[],"fullName":"[ANALYTICS] CO2 & Environmental Impact TC-ANLYT-07: calculateTreeEquivalent from 42000g = 2 trees","invocations":1,"location":null,"numPassingAsserts":1,"retryReasons":[],"startAt":1785143766065,"status":"passed","title":"TC-ANLYT-07: calculateTreeEquivalent from 42000g = 2 trees"},{"ancestorTitles":["[ANALYTICS] CO2 & Environmental Impact"],"duration":0,"failing":false,"failureDetails":[],"failureMessages":[],"fullName":"[ANALYTICS] CO2 & Environmental Impact TC-ANLYT-08: calculateTreeEquivalent from 0g = 0 trees","invocations":1,"location":null,"numPassingAsserts":1,"retryReasons":[],"startAt":1785143766065,"status":"passed","title":"TC-ANLYT-08: calculateTreeEquivalent from 0g = 0 trees"},{"ancestorTitles":["[ANALYTICS] CO2 & Environmental Impact"],"duration":1,"failing":false,"failureDetails":[],"failureMessages":[],"fullName":"[ANALYTICS] CO2 & Environmental Impact TC-ANLYT-09: calculateTreeEquivalent floors result","invocations":1,"location":null,"numPassingAsserts":1,"retryReasons":[],"startAt":1785143766065,"status":"passed","title":"TC-ANLYT-09: calculateTreeEquivalent floors result"},{"ancestorTitles":["[ANALYTICS] CO2 & Environmental Impact"],"duration":0,"failing":false,"failureDetails":[],"failureMessages":[],"fullName":"[ANALYTICS] CO2 & Environmental Impact TC-ANLYT-10: calculateWasteReductionKg for furniture is significant","invocations":1,"location":null,"numPassingAsserts":1,"retryReasons":[],"startAt":1785143766066,"status":"passed","title":"TC-ANLYT-10: calculateWasteReductionKg for furniture is significant"},{"ancestorTitles":["[ANALYTICS] CO2 & Environmental Impact"],"duration":0,"failing":false,"failureDetails":[],"failureMessages":[],"fullName":"[ANALYTICS] CO2 & Environmental Impact TC-ANLYT-11: calculateWasteReductionKg for mixed resources sums correctly","invocations":1,"location":null,"numPassingAsserts":1,"retryReasons":[],"startAt":1785143766066,"status":"passed","title":"TC-ANLYT-11: calculateWasteReductionKg for mixed resources sums correctly"},{"ancestorTitles":["[ANALYTICS] CO2 & Environmental Impact"],"duration":0,"failing":false,"failureDetails":[],"failureMessages":[],"fullName":"[ANALYTICS] CO2 & Environmental Impact TC-ANLYT-12: calculateWasteReductionKg for empty list is 0","invocations":1,"location":null,"numPassingAsserts":1,"retryReasons":[],"startAt":1785143766066,"status":"passed","title":"TC-ANLYT-12: calculateWasteReductionKg for empty list is 0"},{"ancestorTitles":["[ANALYTICS] CO2 & Environmental Impact"],"duration":0,"failing":false,"failureDetails":[],"failureMessages":[],"fullName":"[ANALYTICS] CO2 & Environmental Impact TC-ANLYT-13: Electronics has higher CO2 offset than Food","invocations":1,"location":null,"numPassingAsserts":1,"retryReasons":[],"startAt":1785143766066,"status":"passed","title":"TC-ANLYT-13: Electronics has higher CO2 offset than Food"},{"ancestorTitles":["[ANALYTICS] Monthly Statistics"],"duration":1,"failing":false,"failureDetails":[],"failureMessages":[],"fullName":"[ANALYTICS] Monthly Statistics TC-ANLYT-14: this month resources are counted correctly","invocations":1,"location":null,"numPassingAsserts":1,"retryReasons":[],"startAt":1785143766066,"status":"passed","title":"TC-ANLYT-14: this month resources are counted correctly"},{"ancestorTitles":["[ANALYTICS] Monthly Statistics"],"duration":0,"failing":false,"failureDetails":[],"failureMessages":[],"fullName":"[ANALYTICS] Monthly Statistics TC-ANLYT-15: this month CO2 is summed correctly","invocations":1,"location":null,"numPassingAsserts":1,"retryReasons":[],"startAt":1785143766067,"status":"passed","title":"TC-ANLYT-15: this month CO2 is summed correctly"},{"ancestorTitles":["[ANALYTICS] Monthly Statistics"],"duration":0,"failing":false,"failureDetails":[],"failureMessages":[],"fullName":"[ANALYTICS] Monthly Statistics TC-ANLYT-16: resources without createdAt are excluded","invocations":1,"location":null,"numPassingAsserts":1,"retryReasons":[],"startAt":1785143766067,"status":"passed","title":"TC-ANLYT-16: resources without createdAt are excluded"},{"ancestorTitles":["[ANALYTICS] Monthly Statistics"],"duration":0,"failing":false,"failureDetails":[],"failureMessages":[],"fullName":"[ANALYTICS] Monthly Statistics TC-ANLYT-17: old resources are not counted in this month","invocations":1,"location":null,"numPassingAsserts":1,"retryReasons":[],"startAt":1785143766067,"status":"passed","title":"TC-ANLYT-17: old resources are not counted in this month"},{"ancestorTitles":["[ANALYTICS] Report Generation"],"duration":0,"failing":false,"failureDetails":[],"failureMessages":[],"fullName":"[ANALYTICS] Report Generation TC-ANLYT-18: getPassRate calculates correctly","invocations":1,"location":null,"numPassingAsserts":1,"retryReasons":[],"startAt":1785143766067,"status":"passed","title":"TC-ANLYT-18: getPassRate calculates correctly"},{"ancestorTitles":["[ANALYTICS] Report Generation"],"duration":0,"failing":false,"failureDetails":[],"failureMessages":[],"fullName":"[ANALYTICS] Report Generation TC-ANLYT-19: getPassRate is 100 when all pass","invocations":1,"location":null,"numPassingAsserts":1,"retryReasons":[],"startAt":1785143766067,"status":"passed","title":"TC-ANLYT-19: getPassRate is 100 when all pass"},{"ancestorTitles":["[ANALYTICS] Report Generation"],"duration":1,"failing":false,"failureDetails":[],"failureMessages":[],"fullName":"[ANALYTICS] Report Generation TC-ANLYT-20: getPassRate is 0 when all fail","invocations":1,"location":null,"numPassingAsserts":1,"retryReasons":[],"startAt":1785143766067,"status":"passed","title":"TC-ANLYT-20: getPassRate is 0 when all fail"},{"ancestorTitles":["[ANALYTICS] Report Generation"],"duration":0,"failing":false,"failureDetails":[],"failureMessages":[],"fullName":"[ANALYTICS] Report Generation TC-ANLYT-21: getPassRate returns 0 for empty list","invocations":1,"location":null,"numPassingAsserts":1,"retryReasons":[],"startAt":1785143766068,"status":"passed","title":"TC-ANLYT-21: getPassRate returns 0 for empty list"},{"ancestorTitles":["[ANALYTICS] Report Generation"],"duration":0,"failing":false,"failureDetails":[],"failureMessages":[],"fullName":"[ANALYTICS] Report Generation TC-ANLYT-22: generateReportSummary counts correctly","invocations":1,"location":null,"numPassingAsserts":4,"retryReasons":[],"startAt":1785143766068,"status":"passed","title":"TC-ANLYT-22: generateReportSummary counts correctly"},{"ancestorTitles":["[ANALYTICS] Report Generation"],"duration":0,"failing":false,"failureDetails":[],"failureMessages":[],"fullName":"[ANALYTICS] Report Generation TC-ANLYT-23: generateReportSummary passRate is correct","invocations":1,"location":null,"numPassingAsserts":1,"retryReasons":[],"startAt":1785143766068,"status":"passed","title":"TC-ANLYT-23: generateReportSummary passRate is correct"},{"ancestorTitles":["[ANALYTICS] Report Generation"],"duration":0,"failing":false,"failureDetails":[],"failureMessages":[],"fullName":"[ANALYTICS] Report Generation TC-ANLYT-24: generateReportSummary with all passing","invocations":1,"location":null,"numPassingAsserts":2,"retryReasons":[],"startAt":1785143766068,"status":"passed","title":"TC-ANLYT-24: generateReportSummary with all passing"},{"ancestorTitles":["[ANALYTICS] Report Generation"],"duration":0,"failing":false,"failureDetails":[],"failureMessages":[],"fullName":"[ANALYTICS] Report Generation TC-ANLYT-25: generateReportSummary with empty list","invocations":1,"location":null,"numPassingAsserts":2,"retryReasons":[],"startAt":1785143766068,"status":"passed","title":"TC-ANLYT-25: generateReportSummary with empty list"}],"endTime":1785143766069,"message":"","name":"C:\\Users\\pooji\\.gemini\\antigravity-ide\\scratch\\ecoshare\\tests\\analytics\\analytics.test.js","startTime":1785143765991,"status":"passed","summary":""}],"wasInterrupted":false}
