{"numFailedTestSuites":0,"numFailedTests":0,"numPassedTestSuites":10,"numPassedTests":394,"numPendingTestSuites":0,"numPendingTests":0,"numRuntimeErrorTestSuites":0,"numTodoTests":0,"numTotalTestSuites":10,"numTotalTests":394,"openHandles":[],"snapshot":{"added":0,"didUpdate":false,"failure":false,"filesAdded":0,"filesRemoved":0,"filesRemovedList":[],"filesUnmatched":0,"filesUpdated":0,"matched":0,"total":0,"unchecked":0,"uncheckedKeysByFile":[],"unmatched":0,"updated":0},"startTime":1784738099655,"success":true,"testResults":[{"assertionResults":[{"ancestorTitles":["[FUNCTIONAL] Resource Management"],"duration":85,"failing":false,"failureDetails":[],"failureMessages":[],"fullName":"[FUNCTIONAL] Resource Management TC-F01: valid resource creation succeeds","invocations":1,"location":null,"numPassingAsserts":1,"retryReasons":[],"startAt":1784738106641,"status":"passed","title":"TC-F01: valid resource creation succeeds"},{"ancestorTitles":["[FUNCTIONAL] Resource Management"],"duration":8,"failing":false,"failureDetails":[],"failureMessages":[],"fullName":"[FUNCTIONAL] Resource Management TC-F02: created resource has required fields","invocations":1,"location":null,"numPassingAsserts":3,"retryReasons":[],"startAt":1784738106732,"status":"passed","title":"TC-F02: created resource has required fields"},{"ancestorTitles":["[FUNCTIONAL] Resource Management"],"duration":8,"failing":false,"failureDetails":[],"failureMessages":[],"fullName":"[FUNCTIONAL] Resource Management TC-F03: resource creation fails with empty title","invocations":1,"location":null,"numPassingAsserts":1,"retryReasons":[],"startAt":1784738106743,"status":"passed","title":"TC-F03: resource creation fails with empty title"},{"ancestorTitles":["[FUNCTIONAL] Resource Management"],"duration":19,"failing":false,"failureDetails":[],"failureMessages":[],"fullName":"[FUNCTIONAL] Resource Management TC-F04: resource creation fails with short title (2 chars)","invocations":1,"location":null,"numPassingAsserts":2,"retryReasons":[],"startAt":1784738106752,"status":"passed","title":"TC-F04: resource creation fails with short title (2 chars)"},{"ancestorTitles":["[FUNCTIONAL] Resource Management"],"duration":8,"failing":false,"failureDetails":[],"failureMessages":[],"fullName":"[FUNCTIONAL] Resource Management TC-F05: resource creation fails with no category","invocations":1,"location":null,"numPassingAsserts":1,"retryReasons":[],"startAt":1784738106774,"status":"passed","title":"TC-F05: resource creation fails with no category"},{"ancestorTitles":["[FUNCTIONAL] Resource Management"],"duration":1,"failing":false,"failureDetails":[],"failureMessages":[],"fullName":"[FUNCTIONAL] Resource Management TC-F06: resource creation fails with empty description","invocations":1,"location":null,"numPassingAsserts":1,"retryReasons":[],"startAt":1784738106783,"status":"passed","title":"TC-F06: resource creation fails with empty description"},{"ancestorTitles":["[FUNCTIONAL] Resource Management"],"duration":6,"failing":false,"failureDetails":[],"failureMessages":[],"fullName":"[FUNCTIONAL] Resource Management TC-F07: resource creation fails with short description","invocations":1,"location":null,"numPassingAsserts":1,"retryReasons":[],"startAt":1784738106785,"status":"passed","title":"TC-F07: resource creation fails with short description"},{"ancestorTitles":["[FUNCTIONAL] Resource Management"],"duration":77,"failing":false,"failureDetails":[],"failureMessages":[],"fullName":"[FUNCTIONAL] Resource Management TC-F08: resource creation fails with no location","invocations":1,"location":null,"numPassingAsserts":1,"retryReasons":[],"startAt":1784738106791,"status":"passed","title":"TC-F08: resource creation fails with no location"},{"ancestorTitles":["[FUNCTIONAL] Resource Management"],"duration":6,"failing":false,"failureDetails":[],"failureMessages":[],"fullName":"[FUNCTIONAL] Resource Management TC-F09: multiple validation errors returned at once","invocations":1,"location":null,"numPassingAsserts":1,"retryReasons":[],"startAt":1784738106869,"status":"passed","title":"TC-F09: multiple validation errors returned at once"},{"ancestorTitles":["[FUNCTIONAL] Resource Management"],"duration":5,"failing":false,"failureDetails":[],"failureMessages":[],"fullName":"[FUNCTIONAL] Resource Management TC-F10: filter by category returns correct results","invocations":1,"location":null,"numPassingAsserts":3,"retryReasons":[],"startAt":1784738106891,"status":"passed","title":"TC-F10: filter by category returns correct results"},{"ancestorTitles":["[FUNCTIONAL] Resource Management"],"duration":17,"failing":false,"failureDetails":[],"failureMessages":[],"fullName":"[FUNCTIONAL] Resource Management TC-F11: filter by search term (case-insensitive)","invocations":1,"location":null,"numPassingAsserts":2,"retryReasons":[],"startAt":1784738106897,"status":"passed","title":"TC-F11: filter by search term (case-insensitive)"},{"ancestorTitles":["[FUNCTIONAL] Resource Management"],"duration":1,"failing":false,"failureDetails":[],"failureMessages":[],"fullName":"[FUNCTIONAL] Resource Management TC-F12: filter by location returns matching resources","invocations":1,"location":null,"numPassingAsserts":1,"retryReasons":[],"startAt":1784738106920,"status":"passed","title":"TC-F12: filter by location returns matching resources"},{"ancestorTitles":["[FUNCTIONAL] Resource Management"],"duration":2,"failing":false,"failureDetails":[],"failureMessages":[],"fullName":"[FUNCTIONAL] Resource Management TC-F13: combined filters work together","invocations":1,"location":null,"numPassingAsserts":1,"retryReasons":[],"startAt":1784738106922,"status":"passed","title":"TC-F13: combined filters work together"},{"ancestorTitles":["[FUNCTIONAL] Resource Management"],"duration":7,"failing":false,"failureDetails":[],"failureMessages":[],"fullName":"[FUNCTIONAL] Resource Management TC-F14: no filter returns all resources","invocations":1,"location":null,"numPassingAsserts":1,"retryReasons":[],"startAt":1784738106924,"status":"passed","title":"TC-F14: no filter returns all resources"},{"ancestorTitles":["[FUNCTIONAL] Resource Management"],"duration":2,"failing":false,"failureDetails":[],"failureMessages":[],"fullName":"[FUNCTIONAL] Resource Management TC-F15: search with no match returns empty array","invocations":1,"location":null,"numPassingAsserts":1,"retryReasons":[],"startAt":1784738106933,"status":"passed","title":"TC-F15: search with no match returns empty array"},{"ancestorTitles":["[FUNCTIONAL] Authentication"],"duration":4,"failing":false,"failureDetails":[],"failureMessages":[],"fullName":"[FUNCTIONAL] Authentication TC-F16: valid registration data passes","invocations":1,"location":null,"numPassingAsserts":1,"retryReasons":[],"startAt":1784738106936,"status":"passed","title":"TC-F16: valid registration data passes"},{"ancestorTitles":["[FUNCTIONAL] Authentication"],"duration":10,"failing":false,"failureDetails":[],"failureMessages":[],"fullName":"[FUNCTIONAL] Authentication TC-F17: registration fails with name too short","invocations":1,"location":null,"numPassingAsserts":1,"retryReasons":[],"startAt":1784738106946,"status":"passed","title":"TC-F17: registration fails with name too short"},{"ancestorTitles":["[FUNCTIONAL] Authentication"],"duration":2,"failing":false,"failureDetails":[],"failureMessages":[],"fullName":"[FUNCTIONAL] Authentication TC-F18: registration fails with invalid email","invocations":1,"location":null,"numPassingAsserts":1,"retryReasons":[],"startAt":1784738106957,"status":"passed","title":"TC-F18: registration fails with invalid email"},{"ancestorTitles":["[FUNCTIONAL] Authentication"],"duration":109,"failing":false,"failureDetails":[],"failureMessages":[],"fullName":"[FUNCTIONAL] Authentication TC-F19: registration fails when passwords do not match","invocations":1,"location":null,"numPassingAsserts":1,"retryReasons":[],"startAt":1784738106965,"status":"passed","title":"TC-F19: registration fails when passwords do not match"},{"ancestorTitles":["[FUNCTIONAL] Authentication"],"duration":43,"failing":false,"failureDetails":[],"failureMessages":[],"fullName":"[FUNCTIONAL] Authentication TC-F20: email validation accepts standard emails","invocations":1,"location":null,"numPassingAsserts":2,"retryReasons":[],"startAt":1784738107076,"status":"passed","title":"TC-F20: email validation accepts standard emails"},{"ancestorTitles":["[FUNCTIONAL] Authentication"],"duration":115,"failing":false,"failureDetails":[],"failureMessages":[],"fullName":"[FUNCTIONAL] Authentication TC-F21: email validation rejects malformed emails","invocations":1,"location":null,"numPassingAsserts":3,"retryReasons":[],"startAt":1784738107120,"status":"passed","title":"TC-F21: email validation rejects malformed emails"},{"ancestorTitles":["[FUNCTIONAL] Authentication"],"duration":1,"failing":false,"failureDetails":[],"failureMessages":[],"fullName":"[FUNCTIONAL] Authentication TC-F22: password too short fails","invocations":1,"location":null,"numPassingAsserts":1,"retryReasons":[],"startAt":1784738107236,"status":"passed","title":"TC-F22: password too short fails"},{"ancestorTitles":["[FUNCTIONAL] Authentication"],"duration":1,"failing":false,"failureDetails":[],"failureMessages":[],"fullName":"[FUNCTIONAL] Authentication TC-F23: password with no uppercase fails","invocations":1,"location":null,"numPassingAsserts":1,"retryReasons":[],"startAt":1784738107237,"status":"passed","title":"TC-F23: password with no uppercase fails"},{"ancestorTitles":["[FUNCTIONAL] Authentication"],"duration":1,"failing":false,"failureDetails":[],"failureMessages":[],"fullName":"[FUNCTIONAL] Authentication TC-F24: password with no number fails","invocations":1,"location":null,"numPassingAsserts":1,"retryReasons":[],"startAt":1784738107239,"status":"passed","title":"TC-F24: password with no number fails"},{"ancestorTitles":["[FUNCTIONAL] Authentication"],"duration":2,"failing":false,"failureDetails":[],"failureMessages":[],"fullName":"[FUNCTIONAL] Authentication TC-F25: strong password passes all checks","invocations":1,"location":null,"numPassingAsserts":1,"retryReasons":[],"startAt":1784738107242,"status":"passed","title":"TC-F25: strong password passes all checks"},{"ancestorTitles":["[FUNCTIONAL] Authentication"],"duration":2,"failing":false,"failureDetails":[],"failureMessages":[],"fullName":"[FUNCTIONAL] Authentication TC-F26: empty name fails","invocations":1,"location":null,"numPassingAsserts":1,"retryReasons":[],"startAt":1784738107244,"status":"passed","title":"TC-F26: empty name fails"},{"ancestorTitles":["[FUNCTIONAL] Authentication"],"duration":2,"failing":false,"failureDetails":[],"failureMessages":[],"fullName":"[FUNCTIONAL] Authentication TC-F27: empty password fails","invocations":1,"location":null,"numPassingAsserts":1,"retryReasons":[],"startAt":1784738107246,"status":"passed","title":"TC-F27: empty password fails"},{"ancestorTitles":["[FUNCTIONAL] Chat System"],"duration":4,"failing":false,"failureDetails":[],"failureMessages":[],"fullName":"[FUNCTIONAL] Chat System TC-F28: messages saved to storage correctly","invocations":1,"location":null,"numPassingAsserts":2,"retryReasons":[],"startAt":1784738107249,"status":"passed","title":"TC-F28: messages saved to storage correctly"},{"ancestorTitles":["[FUNCTIONAL] Chat System"],"duration":1,"failing":false,"failureDetails":[],"failureMessages":[],"fullName":"[FUNCTIONAL] Chat System TC-F29: multiple messages persist","invocations":1,"location":null,"numPassingAsserts":1,"retryReasons":[],"startAt":1784738107254,"status":"passed","title":"TC-F29: multiple messages persist"},{"ancestorTitles":["[FUNCTIONAL] Chat System"],"duration":1,"failing":false,"failureDetails":[],"failureMessages":[],"fullName":"[FUNCTIONAL] Chat System TC-F30: clearing messages removes from storage","invocations":1,"location":null,"numPassingAsserts":1,"retryReasons":[],"startAt":1784738107256,"status":"passed","title":"TC-F30: clearing messages removes from storage"},{"ancestorTitles":["[FUNCTIONAL] Chat System"],"duration":6,"failing":false,"failureDetails":[],"failureMessages":[],"fullName":"[FUNCTIONAL] Chat System TC-F31: empty storage returns empty array","invocations":1,"location":null,"numPassingAsserts":1,"retryReasons":[],"startAt":1784738107258,"status":"passed","title":"TC-F31: empty storage returns empty array"},{"ancestorTitles":["[FUNCTIONAL] Chat System"],"duration":5,"failing":false,"failureDetails":[],"failureMessages":[],"fullName":"[FUNCTIONAL] Chat System TC-F32: corrupted storage returns empty array gracefully","invocations":1,"location":null,"numPassingAsserts":1,"retryReasons":[],"startAt":1784738107264,"status":"passed","title":"TC-F32: corrupted storage returns empty array gracefully"},{"ancestorTitles":["[FUNCTIONAL] Chat System"],"duration":2,"failing":false,"failureDetails":[],"failureMessages":[],"fullName":"[FUNCTIONAL] Chat System TC-F33: messages preserve sender field","invocations":1,"location":null,"numPassingAsserts":1,"retryReasons":[],"startAt":1784738107269,"status":"passed","title":"TC-F33: messages preserve sender field"},{"ancestorTitles":["[FUNCTIONAL] Chat System"],"duration":3,"failing":false,"failureDetails":[],"failureMessages":[],"fullName":"[FUNCTIONAL] Chat System TC-F34: large conversation persists (50 messages)","invocations":1,"location":null,"numPassingAsserts":1,"retryReasons":[],"startAt":1784738107272,"status":"passed","title":"TC-F34: large conversation persists (50 messages)"},{"ancestorTitles":["[FUNCTIONAL] Chat System"],"duration":6,"failing":false,"failureDetails":[],"failureMessages":[],"fullName":"[FUNCTIONAL] Chat System TC-F35: message HTML content is preserved","invocations":1,"location":null,"numPassingAsserts":1,"retryReasons":[],"startAt":1784738107275,"status":"passed","title":"TC-F35: message HTML content is preserved"},{"ancestorTitles":["[FUNCTIONAL] CO2 Offset Calculations"],"duration":4,"failing":false,"failureDetails":[],"failureMessages":[],"fullName":"[FUNCTIONAL] CO2 Offset Calculations TC-F36: sums CO2 offsets correctly","invocations":1,"location":null,"numPassingAsserts":1,"retryReasons":[],"startAt":1784738107282,"status":"passed","title":"TC-F36: sums CO2 offsets correctly"},{"ancestorTitles":["[FUNCTIONAL] CO2 Offset Calculations"],"duration":2,"failing":false,"failureDetails":[],"failureMessages":[],"fullName":"[FUNCTIONAL] CO2 Offset Calculations TC-F37: handles missing co2Offset fields","invocations":1,"location":null,"numPassingAsserts":1,"retryReasons":[],"startAt":1784738107287,"status":"passed","title":"TC-F37: handles missing co2Offset fields"},{"ancestorTitles":["[FUNCTIONAL] CO2 Offset Calculations"],"duration":1,"failing":false,"failureDetails":[],"failureMessages":[],"fullName":"[FUNCTIONAL] CO2 Offset Calculations TC-F38: empty list returns 0","invocations":1,"location":null,"numPassingAsserts":1,"retryReasons":[],"startAt":1784738107289,"status":"passed","title":"TC-F38: empty list returns 0"},{"ancestorTitles":["[FUNCTIONAL] CO2 Offset Calculations"],"duration":23,"failing":false,"failureDetails":[],"failureMessages":[],"fullName":"[FUNCTIONAL] CO2 Offset Calculations TC-F39: formats kg correctly","invocations":1,"location":null,"numPassingAsserts":1,"retryReasons":[],"startAt":1784738107291,"status":"passed","title":"TC-F39: formats kg correctly"},{"ancestorTitles":["[FUNCTIONAL] CO2 Offset Calculations"],"duration":1,"failing":false,"failureDetails":[],"failureMessages":[],"fullName":"[FUNCTIONAL] CO2 Offset Calculations TC-F40: formats large values as tonnes","invocations":1,"location":null,"numPassingAsserts":1,"retryReasons":[],"startAt":1784738107315,"status":"passed","title":"TC-F40: formats large values as tonnes"},{"ancestorTitles":["[FUNCTIONAL] CO2 Offset Calculations"],"duration":38,"failing":false,"failureDetails":[],"failureMessages":[],"fullName":"[FUNCTIONAL] CO2 Offset Calculations TC-F41: tree equivalent is calculated correctly","invocations":1,"location":null,"numPassingAsserts":1,"retryReasons":[],"startAt":1784738107317,"status":"passed","title":"TC-F41: tree equivalent is calculated correctly"},{"ancestorTitles":["[FUNCTIONAL] CO2 Offset Calculations"],"duration":2,"failing":false,"failureDetails":[],"failureMessages":[],"fullName":"[FUNCTIONAL] CO2 Offset Calculations TC-F42: zero offset gives zero trees","invocations":1,"location":null,"numPassingAsserts":1,"retryReasons":[],"startAt":1784738107355,"status":"passed","title":"TC-F42: zero offset gives zero trees"},{"ancestorTitles":["[FUNCTIONAL] CO2 Offset Calculations"],"duration":1,"failing":false,"failureDetails":[],"failureMessages":[],"fullName":"[FUNCTIONAL] CO2 Offset Calculations TC-F43: furniture has significant CO2 offset","invocations":1,"location":null,"numPassingAsserts":1,"retryReasons":[],"startAt":1784738107357,"status":"passed","title":"TC-F43: furniture has significant CO2 offset"},{"ancestorTitles":["[FUNCTIONAL] CO2 Offset Calculations"],"duration":30,"failing":false,"failureDetails":[],"failureMessages":[],"fullName":"[FUNCTIONAL] CO2 Offset Calculations TC-F44: electronics offset is meaningful","invocations":1,"location":null,"numPassingAsserts":1,"retryReasons":[],"startAt":1784738107359,"status":"passed","title":"TC-F44: electronics offset is meaningful"}],"endTime":1784738107420,"message":"","name":"C:\\Users\\pooji\\.gemini\\antigravity-ide\\scratch\\ecoshare\\tests\\functional\\functional.test.js","startTime":1784738101135,"status":"passed","summary":""},{"assertionResults":[{"ancestorTitles":["[CHAT] Message Creation"],"duration":80,"failing":false,"failureDetails":[],"failureMessages":[],"fullName":"[CHAT] Message Creation TC-CHAT-01: valid message is created successfully","invocations":1,"location":null,"numPassingAsserts":2,"retryReasons":[],"startAt":1784738108154,"status":"passed","title":"TC-CHAT-01: valid message is created successfully"},{"ancestorTitles":["[CHAT] Message Creation"],"duration":3,"failing":false,"failureDetails":[],"failureMessages":[],"fullName":"[CHAT] Message Creation TC-CHAT-02: created message has a unique id","invocations":1,"location":null,"numPassingAsserts":3,"retryReasons":[],"startAt":1784738108237,"status":"passed","title":"TC-CHAT-02: created message has a unique id"},{"ancestorTitles":["[CHAT] Message Creation"],"duration":45,"failing":false,"failureDetails":[],"failureMessages":[],"fullName":"[CHAT] Message Creation TC-CHAT-03: created message has timestamp","invocations":1,"location":null,"numPassingAsserts":2,"retryReasons":[],"startAt":1784738108244,"status":"passed","title":"TC-CHAT-03: created message has timestamp"},{"ancestorTitles":["[CHAT] Message Creation"],"duration":5,"failing":false,"failureDetails":[],"failureMessages":[],"fullName":"[CHAT] Message Creation TC-CHAT-04: created message is unread by default","invocations":1,"location":null,"numPassingAsserts":1,"retryReasons":[],"startAt":1784738108290,"status":"passed","title":"TC-CHAT-04: created message is unread by default"},{"ancestorTitles":["[CHAT] Message Creation"],"duration":3,"failing":false,"failureDetails":[],"failureMessages":[],"fullName":"[CHAT] Message Creation TC-CHAT-05: created message has correct sender","invocations":1,"location":null,"numPassingAsserts":1,"retryReasons":[],"startAt":1784738108296,"status":"passed","title":"TC-CHAT-05: created message has correct sender"},{"ancestorTitles":["[CHAT] Message Creation"],"duration":3,"failing":false,"failureDetails":[],"failureMessages":[],"fullName":"[CHAT] Message Creation TC-CHAT-06: empty message text fails","invocations":1,"location":null,"numPassingAsserts":2,"retryReasons":[],"startAt":1784738108299,"status":"passed","title":"TC-CHAT-06: empty message text fails"},{"ancestorTitles":["[CHAT] Message Creation"],"duration":1,"failing":false,"failureDetails":[],"failureMessages":[],"fullName":"[CHAT] Message Creation TC-CHAT-07: whitespace-only message fails","invocations":1,"location":null,"numPassingAsserts":1,"retryReasons":[],"startAt":1784738108302,"status":"passed","title":"TC-CHAT-07: whitespace-only message fails"},{"ancestorTitles":["[CHAT] Message Creation"],"duration":11,"failing":false,"failureDetails":[],"failureMessages":[],"fullName":"[CHAT] Message Creation TC-CHAT-08: null message text fails","invocations":1,"location":null,"numPassingAsserts":1,"retryReasons":[],"startAt":1784738108304,"status":"passed","title":"TC-CHAT-08: null message text fails"},{"ancestorTitles":["[CHAT] Message Creation"],"duration":2,"failing":false,"failureDetails":[],"failureMessages":[],"fullName":"[CHAT] Message Creation TC-CHAT-09: empty sender fails","invocations":1,"location":null,"numPassingAsserts":2,"retryReasons":[],"startAt":1784738108316,"status":"passed","title":"TC-CHAT-09: empty sender fails"},{"ancestorTitles":["[CHAT] Message Creation"],"duration":1,"failing":false,"failureDetails":[],"failureMessages":[],"fullName":"[CHAT] Message Creation TC-CHAT-10: null sender fails","invocations":1,"location":null,"numPassingAsserts":1,"retryReasons":[],"startAt":1784738108319,"status":"passed","title":"TC-CHAT-10: null sender fails"},{"ancestorTitles":["[CHAT] Message Creation"],"duration":2,"failing":false,"failureDetails":[],"failureMessages":[],"fullName":"[CHAT] Message Creation TC-CHAT-11: message longer than 2000 chars fails","invocations":1,"location":null,"numPassingAsserts":2,"retryReasons":[],"startAt":1784738108331,"status":"passed","title":"TC-CHAT-11: message longer than 2000 chars fails"},{"ancestorTitles":["[CHAT] Message Creation"],"duration":2,"failing":false,"failureDetails":[],"failureMessages":[],"fullName":"[CHAT] Message Creation TC-CHAT-12: message exactly 2000 chars passes","invocations":1,"location":null,"numPassingAsserts":1,"retryReasons":[],"startAt":1784738108333,"status":"passed","title":"TC-CHAT-12: message exactly 2000 chars passes"},{"ancestorTitles":["[CHAT] Message Creation"],"duration":1,"failing":false,"failureDetails":[],"failureMessages":[],"fullName":"[CHAT] Message Creation TC-CHAT-13: message type defaults to text","invocations":1,"location":null,"numPassingAsserts":1,"retryReasons":[],"startAt":1784738108335,"status":"passed","title":"TC-CHAT-13: message type defaults to text"},{"ancestorTitles":["[CHAT] Message Creation"],"duration":2,"failing":false,"failureDetails":[],"failureMessages":[],"fullName":"[CHAT] Message Creation TC-CHAT-14: image message type is preserved","invocations":1,"location":null,"numPassingAsserts":1,"retryReasons":[],"startAt":1784738108337,"status":"passed","title":"TC-CHAT-14: image message type is preserved"},{"ancestorTitles":["[CHAT] Message Creation"],"duration":2,"failing":false,"failureDetails":[],"failureMessages":[],"fullName":"[CHAT] Message Creation TC-CHAT-15: two messages have different ids","invocations":1,"location":null,"numPassingAsserts":1,"retryReasons":[],"startAt":1784738108339,"status":"passed","title":"TC-CHAT-15: two messages have different ids"},{"ancestorTitles":["[CHAT] Message Persistence"],"duration":6,"failing":false,"failureDetails":[],"failureMessages":[],"fullName":"[CHAT] Message Persistence TC-CHAT-16: messages saved to storage correctly","invocations":1,"location":null,"numPassingAsserts":1,"retryReasons":[],"startAt":1784738108343,"status":"passed","title":"TC-CHAT-16: messages saved to storage correctly"},{"ancestorTitles":["[CHAT] Message Persistence"],"duration":3,"failing":false,"failureDetails":[],"failureMessages":[],"fullName":"[CHAT] Message Persistence TC-CHAT-17: messages loaded back from storage correctly","invocations":1,"location":null,"numPassingAsserts":1,"retryReasons":[],"startAt":1784738108351,"status":"passed","title":"TC-CHAT-17: messages loaded back from storage correctly"},{"ancestorTitles":["[CHAT] Message Persistence"],"duration":2,"failing":false,"failureDetails":[],"failureMessages":[],"fullName":"[CHAT] Message Persistence TC-CHAT-18: loaded messages preserve sender field","invocations":1,"location":null,"numPassingAsserts":1,"retryReasons":[],"startAt":1784738108355,"status":"passed","title":"TC-CHAT-18: loaded messages preserve sender field"},{"ancestorTitles":["[CHAT] Message Persistence"],"duration":8,"failing":false,"failureDetails":[],"failureMessages":[],"fullName":"[CHAT] Message Persistence TC-CHAT-19: loaded messages preserve text field","invocations":1,"location":null,"numPassingAsserts":1,"retryReasons":[],"startAt":1784738108358,"status":"passed","title":"TC-CHAT-19: loaded messages preserve text field"},{"ancestorTitles":["[CHAT] Message Persistence"],"duration":19,"failing":false,"failureDetails":[],"failureMessages":[],"fullName":"[CHAT] Message Persistence TC-CHAT-20: empty storage returns empty array","invocations":1,"location":null,"numPassingAsserts":1,"retryReasons":[],"startAt":1784738108366,"status":"passed","title":"TC-CHAT-20: empty storage returns empty array"},{"ancestorTitles":["[CHAT] Message Persistence"],"duration":95,"failing":false,"failureDetails":[],"failureMessages":[],"fullName":"[CHAT] Message Persistence TC-CHAT-21: corrupted storage returns empty array gracefully","invocations":1,"location":null,"numPassingAsserts":1,"retryReasons":[],"startAt":1784738108386,"status":"passed","title":"TC-CHAT-21: corrupted storage returns empty array gracefully"},{"ancestorTitles":["[CHAT] Message Persistence"],"duration":3,"failing":false,"failureDetails":[],"failureMessages":[],"fullName":"[CHAT] Message Persistence TC-CHAT-22: 50 messages persist correctly","invocations":1,"location":null,"numPassingAsserts":1,"retryReasons":[],"startAt":1784738108482,"status":"passed","title":"TC-CHAT-22: 50 messages persist correctly"},{"ancestorTitles":["[CHAT] Message Persistence"],"duration":3,"failing":false,"failureDetails":[],"failureMessages":[],"fullName":"[CHAT] Message Persistence TC-CHAT-23: clearing messages removes from storage","invocations":1,"location":null,"numPassingAsserts":2,"retryReasons":[],"startAt":1784738108485,"status":"passed","title":"TC-CHAT-23: clearing messages removes from storage"},{"ancestorTitles":["[CHAT] Message Filtering & Read Status"],"duration":2,"failing":false,"failureDetails":[],"failureMessages":[],"fullName":"[CHAT] Message Filtering & Read Status TC-CHAT-24: filter messages by sender returns correct count","invocations":1,"location":null,"numPassingAsserts":1,"retryReasons":[],"startAt":1784738108488,"status":"passed","title":"TC-CHAT-24: filter messages by sender returns correct count"},{"ancestorTitles":["[CHAT] Message Filtering & Read Status"],"duration":1,"failing":false,"failureDetails":[],"failureMessages":[],"fullName":"[CHAT] Message Filtering & Read Status TC-CHAT-25: filter messages by non-existent sender returns empty array","invocations":1,"location":null,"numPassingAsserts":1,"retryReasons":[],"startAt":1784738108490,"status":"passed","title":"TC-CHAT-25: filter messages by non-existent sender returns empty array"},{"ancestorTitles":["[CHAT] Message Filtering & Read Status"],"duration":3,"failing":false,"failureDetails":[],"failureMessages":[],"fullName":"[CHAT] Message Filtering & Read Status TC-CHAT-26: markAsRead marks other users messages as read","invocations":1,"location":null,"numPassingAsserts":1,"retryReasons":[],"startAt":1784738108492,"status":"passed","title":"TC-CHAT-26: markAsRead marks other users messages as read"},{"ancestorTitles":["[CHAT] Message Filtering & Read Status"],"duration":2,"failing":false,"failureDetails":[],"failureMessages":[],"fullName":"[CHAT] Message Filtering & Read Status TC-CHAT-27: markAsRead does not mark own messages as read","invocations":1,"location":null,"numPassingAsserts":2,"retryReasons":[],"startAt":1784738108495,"status":"passed","title":"TC-CHAT-27: markAsRead does not mark own messages as read"},{"ancestorTitles":["[CHAT] Message Filtering & Read Status"],"duration":1,"failing":false,"failureDetails":[],"failureMessages":[],"fullName":"[CHAT] Message Filtering & Read Status TC-CHAT-28: getUnreadCount returns correct count for current user","invocations":1,"location":null,"numPassingAsserts":1,"retryReasons":[],"startAt":1784738108498,"status":"passed","title":"TC-CHAT-28: getUnreadCount returns correct count for current user"},{"ancestorTitles":["[CHAT] Message Filtering & Read Status"],"duration":2,"failing":false,"failureDetails":[],"failureMessages":[],"fullName":"[CHAT] Message Filtering & Read Status TC-CHAT-29: getUnreadCount is 0 when all messages are from self","invocations":1,"location":null,"numPassingAsserts":1,"retryReasons":[],"startAt":1784738108499,"status":"passed","title":"TC-CHAT-29: getUnreadCount is 0 when all messages are from self"},{"ancestorTitles":["[CHAT] Message Filtering & Read Status"],"duration":1,"failing":false,"failureDetails":[],"failureMessages":[],"fullName":"[CHAT] Message Filtering & Read Status TC-CHAT-30: valid chatroom ID passes validation","invocations":1,"location":null,"numPassingAsserts":1,"retryReasons":[],"startAt":1784738108501,"status":"passed","title":"TC-CHAT-30: valid chatroom ID passes validation"},{"ancestorTitles":["[CHAT] Message Filtering & Read Status"],"duration":1,"failing":false,"failureDetails":[],"failureMessages":[],"fullName":"[CHAT] Message Filtering & Read Status TC-CHAT-31: chatroom ID shorter than 3 chars fails","invocations":1,"location":null,"numPassingAsserts":1,"retryReasons":[],"startAt":1784738108502,"status":"passed","title":"TC-CHAT-31: chatroom ID shorter than 3 chars fails"},{"ancestorTitles":["[CHAT] Message Filtering & Read Status"],"duration":1,"failing":false,"failureDetails":[],"failureMessages":[],"fullName":"[CHAT] Message Filtering & Read Status TC-CHAT-32: null chatroom ID fails","invocations":1,"location":null,"numPassingAsserts":1,"retryReasons":[],"startAt":1784738108503,"status":"passed","title":"TC-CHAT-32: null chatroom ID fails"}],"endTime":1784738108540,"message":"","name":"C:\\Users\\pooji\\.gemini\\antigravity-ide\\scratch\\ecoshare\\tests\\chat\\chat.test.js","startTime":1784738101301,"status":"passed","summary":""},{"assertionResults":[{"ancestorTitles":["[AUTH] Registration Validation"],"duration":62,"failing":false,"failureDetails":[],"failureMessages":[],"fullName":"[AUTH] Registration Validation TC-AUTH-01: valid registration data passes","invocations":1,"location":null,"numPassingAsserts":2,"retryReasons":[],"startAt":1784738108935,"status":"passed","title":"TC-AUTH-01: valid registration data passes"},{"ancestorTitles":["[AUTH] Registration Validation"],"duration":3,"failing":false,"failureDetails":[],"failureMessages":[],"fullName":"[AUTH] Registration Validation TC-AUTH-02: registered user gets resident role by default","invocations":1,"location":null,"numPassingAsserts":1,"retryReasons":[],"startAt":1784738109017,"status":"passed","title":"TC-AUTH-02: registered user gets resident role by default"},{"ancestorTitles":["[AUTH] Registration Validation"],"duration":1,"failing":false,"failureDetails":[],"failureMessages":[],"fullName":"[AUTH] Registration Validation TC-AUTH-03: registered user status is pending by default","invocations":1,"location":null,"numPassingAsserts":1,"retryReasons":[],"startAt":1784738109021,"status":"passed","title":"TC-AUTH-03: registered user status is pending by default"},{"ancestorTitles":["[AUTH] Registration Validation"],"duration":16,"failing":false,"failureDetails":[],"failureMessages":[],"fullName":"[AUTH] Registration Validation TC-AUTH-04: admin email gets admin role on registration","invocations":1,"location":null,"numPassingAsserts":1,"retryReasons":[],"startAt":1784738109024,"status":"passed","title":"TC-AUTH-04: admin email gets admin role on registration"},{"ancestorTitles":["[AUTH] Registration Validation"],"duration":8,"failing":false,"failureDetails":[],"failureMessages":[],"fullName":"[AUTH] Registration Validation TC-AUTH-05: admin is auto-approved on registration","invocations":1,"location":null,"numPassingAsserts":2,"retryReasons":[],"startAt":1784738109040,"status":"passed","title":"TC-AUTH-05: admin is auto-approved on registration"},{"ancestorTitles":["[AUTH] Registration Validation"],"duration":2,"failing":false,"failureDetails":[],"failureMessages":[],"fullName":"[AUTH] Registration Validation TC-AUTH-06: empty name fails registration","invocations":1,"location":null,"numPassingAsserts":1,"retryReasons":[],"startAt":1784738109048,"status":"passed","title":"TC-AUTH-06: empty name fails registration"},{"ancestorTitles":["[AUTH] Registration Validation"],"duration":2,"failing":false,"failureDetails":[],"failureMessages":[],"fullName":"[AUTH] Registration Validation TC-AUTH-07: single character name fails registration","invocations":1,"location":null,"numPassingAsserts":1,"retryReasons":[],"startAt":1784738109050,"status":"passed","title":"TC-AUTH-07: single character name fails registration"},{"ancestorTitles":["[AUTH] Registration Validation"],"duration":2,"failing":false,"failureDetails":[],"failureMessages":[],"fullName":"[AUTH] Registration Validation TC-AUTH-08: 61-character name fails registration","invocations":1,"location":null,"numPassingAsserts":1,"retryReasons":[],"startAt":1784738109053,"status":"passed","title":"TC-AUTH-08: 61-character name fails registration"},{"ancestorTitles":["[AUTH] Registration Validation"],"duration":10,"failing":false,"failureDetails":[],"failureMessages":[],"fullName":"[AUTH] Registration Validation TC-AUTH-09: 60-character name passes registration","invocations":1,"location":null,"numPassingAsserts":1,"retryReasons":[],"startAt":1784738109061,"status":"passed","title":"TC-AUTH-09: 60-character name passes registration"},{"ancestorTitles":["[AUTH] Registration Validation"],"duration":2,"failing":false,"failureDetails":[],"failureMessages":[],"fullName":"[AUTH] Registration Validation TC-AUTH-10: invalid email fails registration","invocations":1,"location":null,"numPassingAsserts":1,"retryReasons":[],"startAt":1784738109072,"status":"passed","title":"TC-AUTH-10: invalid email fails registration"},{"ancestorTitles":["[AUTH] Registration Validation"],"duration":2,"failing":false,"failureDetails":[],"failureMessages":[],"fullName":"[AUTH] Registration Validation TC-AUTH-11: email without domain fails","invocations":1,"location":null,"numPassingAsserts":1,"retryReasons":[],"startAt":1784738109094,"status":"passed","title":"TC-AUTH-11: email without domain fails"},{"ancestorTitles":["[AUTH] Registration Validation"],"duration":4,"failing":false,"failureDetails":[],"failureMessages":[],"fullName":"[AUTH] Registration Validation TC-AUTH-12: email with spaces fails","invocations":1,"location":null,"numPassingAsserts":1,"retryReasons":[],"startAt":1784738109105,"status":"passed","title":"TC-AUTH-12: email with spaces fails"},{"ancestorTitles":["[AUTH] Registration Validation"],"duration":2,"failing":false,"failureDetails":[],"failureMessages":[],"fullName":"[AUTH] Registration Validation TC-AUTH-13: short password fails registration","invocations":1,"location":null,"numPassingAsserts":1,"retryReasons":[],"startAt":1784738109110,"status":"passed","title":"TC-AUTH-13: short password fails registration"},{"ancestorTitles":["[AUTH] Registration Validation"],"duration":2,"failing":false,"failureDetails":[],"failureMessages":[],"fullName":"[AUTH] Registration Validation TC-AUTH-14: password without uppercase fails","invocations":1,"location":null,"numPassingAsserts":1,"retryReasons":[],"startAt":1784738109113,"status":"passed","title":"TC-AUTH-14: password without uppercase fails"},{"ancestorTitles":["[AUTH] Registration Validation"],"duration":1,"failing":false,"failureDetails":[],"failureMessages":[],"fullName":"[AUTH] Registration Validation TC-AUTH-15: password without number fails","invocations":1,"location":null,"numPassingAsserts":1,"retryReasons":[],"startAt":1784738109115,"status":"passed","title":"TC-AUTH-15: password without number fails"},{"ancestorTitles":["[AUTH] Registration Validation"],"duration":2,"failing":false,"failureDetails":[],"failureMessages":[],"fullName":"[AUTH] Registration Validation TC-AUTH-16: empty location fails registration","invocations":1,"location":null,"numPassingAsserts":1,"retryReasons":[],"startAt":1784738109117,"status":"passed","title":"TC-AUTH-16: empty location fails registration"},{"ancestorTitles":["[AUTH] Registration Validation"],"duration":1,"failing":false,"failureDetails":[],"failureMessages":[],"fullName":"[AUTH] Registration Validation TC-AUTH-17: single character location fails","invocations":1,"location":null,"numPassingAsserts":1,"retryReasons":[],"startAt":1784738109120,"status":"passed","title":"TC-AUTH-17: single character location fails"},{"ancestorTitles":["[AUTH] Registration Validation"],"duration":2,"failing":false,"failureDetails":[],"failureMessages":[],"fullName":"[AUTH] Registration Validation TC-AUTH-18: multiple validation errors returned at once","invocations":1,"location":null,"numPassingAsserts":2,"retryReasons":[],"startAt":1784738109122,"status":"passed","title":"TC-AUTH-18: multiple validation errors returned at once"},{"ancestorTitles":["[AUTH] Registration Validation"],"duration":3,"failing":false,"failureDetails":[],"failureMessages":[],"fullName":"[AUTH] Registration Validation TC-AUTH-19: registered user has uid assigned","invocations":1,"location":null,"numPassingAsserts":1,"retryReasons":[],"startAt":1784738109130,"status":"passed","title":"TC-AUTH-19: registered user has uid assigned"},{"ancestorTitles":["[AUTH] Registration Validation"],"duration":3,"failing":false,"failureDetails":[],"failureMessages":[],"fullName":"[AUTH] Registration Validation TC-AUTH-20: registered user has createdAt timestamp","invocations":1,"location":null,"numPassingAsserts":2,"retryReasons":[],"startAt":1784738109133,"status":"passed","title":"TC-AUTH-20: registered user has createdAt timestamp"},{"ancestorTitles":["[AUTH] Login Validation"],"duration":3,"failing":false,"failureDetails":[],"failureMessages":[],"fullName":"[AUTH] Login Validation TC-AUTH-21: valid credentials login succeeds","invocations":1,"location":null,"numPassingAsserts":2,"retryReasons":[],"startAt":1784738109137,"status":"passed","title":"TC-AUTH-21: valid credentials login succeeds"},{"ancestorTitles":["[AUTH] Login Validation"],"duration":11,"failing":false,"failureDetails":[],"failureMessages":[],"fullName":"[AUTH] Login Validation TC-AUTH-22: admin can login","invocations":1,"location":null,"numPassingAsserts":2,"retryReasons":[],"startAt":1784738109141,"status":"passed","title":"TC-AUTH-22: admin can login"},{"ancestorTitles":["[AUTH] Login Validation"],"duration":3,"failing":false,"failureDetails":[],"failureMessages":[],"fullName":"[AUTH] Login Validation TC-AUTH-23: wrong password returns invalid credentials error","invocations":1,"location":null,"numPassingAsserts":2,"retryReasons":[],"startAt":1784738109153,"status":"passed","title":"TC-AUTH-23: wrong password returns invalid credentials error"},{"ancestorTitles":["[AUTH] Login Validation"],"duration":7,"failing":false,"failureDetails":[],"failureMessages":[],"fullName":"[AUTH] Login Validation TC-AUTH-24: non-existent email returns invalid credentials error","invocations":1,"location":null,"numPassingAsserts":2,"retryReasons":[],"startAt":1784738109157,"status":"passed","title":"TC-AUTH-24: non-existent email returns invalid credentials error"},{"ancestorTitles":["[AUTH] Login Validation"],"duration":2,"failing":false,"failureDetails":[],"failureMessages":[],"fullName":"[AUTH] Login Validation TC-AUTH-25: pending account cannot login","invocations":1,"location":null,"numPassingAsserts":2,"retryReasons":[],"startAt":1784738109169,"status":"passed","title":"TC-AUTH-25: pending account cannot login"},{"ancestorTitles":["[AUTH] Login Validation"],"duration":5,"failing":false,"failureDetails":[],"failureMessages":[],"fullName":"[AUTH] Login Validation TC-AUTH-26: rejected account cannot login","invocations":1,"location":null,"numPassingAsserts":2,"retryReasons":[],"startAt":1784738109181,"status":"passed","title":"TC-AUTH-26: rejected account cannot login"},{"ancestorTitles":["[AUTH] Login Validation"],"duration":2,"failing":false,"failureDetails":[],"failureMessages":[],"fullName":"[AUTH] Login Validation TC-AUTH-27: empty email returns invalid error","invocations":1,"location":null,"numPassingAsserts":1,"retryReasons":[],"startAt":1784738109186,"status":"passed","title":"TC-AUTH-27: empty email returns invalid error"},{"ancestorTitles":["[AUTH] Login Validation"],"duration":1,"failing":false,"failureDetails":[],"failureMessages":[],"fullName":"[AUTH] Login Validation TC-AUTH-28: empty password returns invalid error","invocations":1,"location":null,"numPassingAsserts":1,"retryReasons":[],"startAt":1784738109188,"status":"passed","title":"TC-AUTH-28: empty password returns invalid error"},{"ancestorTitles":["[AUTH] Login Validation"],"duration":4,"failing":false,"failureDetails":[],"failureMessages":[],"fullName":"[AUTH] Login Validation TC-AUTH-29: login returns user object on success","invocations":1,"location":null,"numPassingAsserts":3,"retryReasons":[],"startAt":1784738109191,"status":"passed","title":"TC-AUTH-29: login returns user object on success"},{"ancestorTitles":["[AUTH] Login Validation"],"duration":1,"failing":false,"failureDetails":[],"failureMessages":[],"fullName":"[AUTH] Login Validation TC-AUTH-30: successful login user has correct role","invocations":1,"location":null,"numPassingAsserts":1,"retryReasons":[],"startAt":1784738109196,"status":"passed","title":"TC-AUTH-30: successful login user has correct role"},{"ancestorTitles":["[AUTH] Logout & Session"],"duration":2,"failing":false,"failureDetails":[],"failureMessages":[],"fullName":"[AUTH] Logout & Session TC-AUTH-31: logout with active session succeeds","invocations":1,"location":null,"numPassingAsserts":2,"retryReasons":[],"startAt":1784738109197,"status":"passed","title":"TC-AUTH-31: logout with active session succeeds"},{"ancestorTitles":["[AUTH] Logout & Session"],"duration":2,"failing":false,"failureDetails":[],"failureMessages":[],"fullName":"[AUTH] Logout & Session TC-AUTH-32: logout with no session fails gracefully","invocations":1,"location":null,"numPassingAsserts":1,"retryReasons":[],"startAt":1784738109199,"status":"passed","title":"TC-AUTH-32: logout with no session fails gracefully"},{"ancestorTitles":["[AUTH] Logout & Session"],"duration":2,"failing":false,"failureDetails":[],"failureMessages":[],"fullName":"[AUTH] Logout & Session TC-AUTH-33: logout with undefined session fails gracefully","invocations":1,"location":null,"numPassingAsserts":1,"retryReasons":[],"startAt":1784738109202,"status":"passed","title":"TC-AUTH-33: logout with undefined session fails gracefully"},{"ancestorTitles":["[AUTH] Role Management"],"duration":4,"failing":false,"failureDetails":[],"failureMessages":[],"fullName":"[AUTH] Role Management TC-AUTH-34: admin@ecoshare.com is recognized as admin","invocations":1,"location":null,"numPassingAsserts":1,"retryReasons":[],"startAt":1784738109204,"status":"passed","title":"TC-AUTH-34: admin@ecoshare.com is recognized as admin"},{"ancestorTitles":["[AUTH] Role Management"],"duration":2,"failing":false,"failureDetails":[],"failureMessages":[],"fullName":"[AUTH] Role Management TC-AUTH-35: admin@ecocircle.com is recognized as admin","invocations":1,"location":null,"numPassingAsserts":1,"retryReasons":[],"startAt":1784738109208,"status":"passed","title":"TC-AUTH-35: admin@ecocircle.com is recognized as admin"},{"ancestorTitles":["[AUTH] Role Management"],"duration":1,"failing":false,"failureDetails":[],"failureMessages":[],"fullName":"[AUTH] Role Management TC-AUTH-36: admin@gmail.com is recognized as admin","invocations":1,"location":null,"numPassingAsserts":1,"retryReasons":[],"startAt":1784738109211,"status":"passed","title":"TC-AUTH-36: admin@gmail.com is recognized as admin"},{"ancestorTitles":["[AUTH] Role Management"],"duration":1,"failing":false,"failureDetails":[],"failureMessages":[],"fullName":"[AUTH] Role Management TC-AUTH-37: saveetha email is recognized as admin","invocations":1,"location":null,"numPassingAsserts":1,"retryReasons":[],"startAt":1784738109212,"status":"passed","title":"TC-AUTH-37: saveetha email is recognized as admin"},{"ancestorTitles":["[AUTH] Role Management"],"duration":1,"failing":false,"failureDetails":[],"failureMessages":[],"fullName":"[AUTH] Role Management TC-AUTH-38: regular user email is not admin","invocations":1,"location":null,"numPassingAsserts":1,"retryReasons":[],"startAt":1784738109214,"status":"passed","title":"TC-AUTH-38: regular user email is not admin"},{"ancestorTitles":["[AUTH] Role Management"],"duration":1,"failing":false,"failureDetails":[],"failureMessages":[],"fullName":"[AUTH] Role Management TC-AUTH-39: email check is case-insensitive","invocations":1,"location":null,"numPassingAsserts":1,"retryReasons":[],"startAt":1784738109215,"status":"passed","title":"TC-AUTH-39: email check is case-insensitive"},{"ancestorTitles":["[AUTH] Role Management"],"duration":2,"failing":false,"failureDetails":[],"failureMessages":[],"fullName":"[AUTH] Role Management TC-AUTH-40: role assignment gives admin role to admin emails","invocations":1,"location":null,"numPassingAsserts":1,"retryReasons":[],"startAt":1784738109218,"status":"passed","title":"TC-AUTH-40: role assignment gives admin role to admin emails"},{"ancestorTitles":["[AUTH] Role Management"],"duration":1,"failing":false,"failureDetails":[],"failureMessages":[],"fullName":"[AUTH] Role Management TC-AUTH-41: role assignment gives resident role to normal emails","invocations":1,"location":null,"numPassingAsserts":1,"retryReasons":[],"startAt":1784738109220,"status":"passed","title":"TC-AUTH-41: role assignment gives resident role to normal emails"},{"ancestorTitles":["[AUTH] Role Management"],"duration":5,"failing":false,"failureDetails":[],"failureMessages":[],"fullName":"[AUTH] Role Management TC-AUTH-42: null email is not admin","invocations":1,"location":null,"numPassingAsserts":1,"retryReasons":[],"startAt":1784738109221,"status":"passed","title":"TC-AUTH-42: null email is not admin"},{"ancestorTitles":["[AUTH] Role Management"],"duration":3,"failing":false,"failureDetails":[],"failureMessages":[],"fullName":"[AUTH] Role Management TC-AUTH-43: empty email is not admin","invocations":1,"location":null,"numPassingAsserts":1,"retryReasons":[],"startAt":1784738109227,"status":"passed","title":"TC-AUTH-43: empty email is not admin"}],"endTime":1784738109296,"message":"","name":"C:\\Users\\pooji\\.gemini\\antigravity-ide\\scratch\\ecoshare\\tests\\auth\\auth.test.js","startTime":1784738101473,"status":"passed","summary":""},{"assertionResults":[{"ancestorTitles":["[ADMIN] User Approval"],"duration":76,"failing":false,"failureDetails":[],"failureMessages":[],"fullName":"[ADMIN] User Approval TC-ADM-01: admin can approve a pending user","invocations":1,"location":null,"numPassingAsserts":3,"retryReasons":[],"startAt":1784738109822,"status":"passed","title":"TC-ADM-01: admin can approve a pending user"},{"ancestorTitles":["[ADMIN] User Approval"],"duration":4,"failing":false,"failureDetails":[],"failureMessages":[],"fullName":"[ADMIN] User Approval TC-ADM-02: approved user gets approvedAt timestamp","invocations":1,"location":null,"numPassingAsserts":1,"retryReasons":[],"startAt":1784738109902,"status":"passed","title":"TC-ADM-02: approved user gets approvedAt timestamp"},{"ancestorTitles":["[ADMIN] User Approval"],"duration":9,"failing":false,"failureDetails":[],"failureMessages":[],"fullName":"[ADMIN] User Approval TC-ADM-03: cannot approve already approved user","invocations":1,"location":null,"numPassingAsserts":2,"retryReasons":[],"startAt":1784738109906,"status":"passed","title":"TC-ADM-03: cannot approve already approved user"},{"ancestorTitles":["[ADMIN] User Approval"],"duration":4,"failing":false,"failureDetails":[],"failureMessages":[],"fullName":"[ADMIN] User Approval TC-ADM-04: cannot approve rejected user","invocations":1,"location":null,"numPassingAsserts":2,"retryReasons":[],"startAt":1784738109917,"status":"passed","title":"TC-ADM-04: cannot approve rejected user"},{"ancestorTitles":["[ADMIN] User Approval"],"duration":34,"failing":false,"failureDetails":[],"failureMessages":[],"fullName":"[ADMIN] User Approval TC-ADM-05: approving non-existent user fails","invocations":1,"location":null,"numPassingAsserts":2,"retryReasons":[],"startAt":1784738109921,"status":"passed","title":"TC-ADM-05: approving non-existent user fails"},{"ancestorTitles":["[ADMIN] User Rejection"],"duration":19,"failing":false,"failureDetails":[],"failureMessages":[],"fullName":"[ADMIN] User Rejection TC-ADM-06: admin can reject a pending user with reason","invocations":1,"location":null,"numPassingAsserts":3,"retryReasons":[],"startAt":1784738109958,"status":"passed","title":"TC-ADM-06: admin can reject a pending user with reason"},{"ancestorTitles":["[ADMIN] User Rejection"],"duration":3,"failing":false,"failureDetails":[],"failureMessages":[],"fullName":"[ADMIN] User Rejection TC-ADM-07: rejected user has rejectionReason stored","invocations":1,"location":null,"numPassingAsserts":1,"retryReasons":[],"startAt":1784738109978,"status":"passed","title":"TC-ADM-07: rejected user has rejectionReason stored"},{"ancestorTitles":["[ADMIN] User Rejection"],"duration":1,"failing":false,"failureDetails":[],"failureMessages":[],"fullName":"[ADMIN] User Rejection TC-ADM-08: rejected user gets rejectedAt timestamp","invocations":1,"location":null,"numPassingAsserts":1,"retryReasons":[],"startAt":1784738109982,"status":"passed","title":"TC-ADM-08: rejected user gets rejectedAt timestamp"},{"ancestorTitles":["[ADMIN] User Rejection"],"duration":3,"failing":false,"failureDetails":[],"failureMessages":[],"fullName":"[ADMIN] User Rejection TC-ADM-09: cannot reject without a reason","invocations":1,"location":null,"numPassingAsserts":2,"retryReasons":[],"startAt":1784738109985,"status":"passed","title":"TC-ADM-09: cannot reject without a reason"},{"ancestorTitles":["[ADMIN] User Rejection"],"duration":5,"failing":false,"failureDetails":[],"failureMessages":[],"fullName":"[ADMIN] User Rejection TC-ADM-10: cannot reject with reason less than 3 chars","invocations":1,"location":null,"numPassingAsserts":1,"retryReasons":[],"startAt":1784738109989,"status":"passed","title":"TC-ADM-10: cannot reject with reason less than 3 chars"},{"ancestorTitles":["[ADMIN] User Rejection"],"duration":2,"failing":false,"failureDetails":[],"failureMessages":[],"fullName":"[ADMIN] User Rejection TC-ADM-11: cannot reject already rejected user","invocations":1,"location":null,"numPassingAsserts":2,"retryReasons":[],"startAt":1784738109995,"status":"passed","title":"TC-ADM-11: cannot reject already rejected user"},{"ancestorTitles":["[ADMIN] User Rejection"],"duration":2,"failing":false,"failureDetails":[],"failureMessages":[],"fullName":"[ADMIN] User Rejection TC-ADM-12: cannot reject approved user","invocations":1,"location":null,"numPassingAsserts":2,"retryReasons":[],"startAt":1784738109997,"status":"passed","title":"TC-ADM-12: cannot reject approved user"},{"ancestorTitles":["[ADMIN] User Rejection"],"duration":3,"failing":false,"failureDetails":[],"failureMessages":[],"fullName":"[ADMIN] User Rejection TC-ADM-13: rejecting non-existent user fails","invocations":1,"location":null,"numPassingAsserts":2,"retryReasons":[],"startAt":1784738109999,"status":"passed","title":"TC-ADM-13: rejecting non-existent user fails"},{"ancestorTitles":["[ADMIN] User Queries"],"duration":2,"failing":false,"failureDetails":[],"failureMessages":[],"fullName":"[ADMIN] User Queries TC-ADM-14: getPendingUsers returns only pending users","invocations":1,"location":null,"numPassingAsserts":3,"retryReasons":[],"startAt":1784738110002,"status":"passed","title":"TC-ADM-14: getPendingUsers returns only pending users"},{"ancestorTitles":["[ADMIN] User Queries"],"duration":2,"failing":false,"failureDetails":[],"failureMessages":[],"fullName":"[ADMIN] User Queries TC-ADM-15: getApprovedUsers returns only approved users","invocations":1,"location":null,"numPassingAsserts":3,"retryReasons":[],"startAt":1784738110004,"status":"passed","title":"TC-ADM-15: getApprovedUsers returns only approved users"},{"ancestorTitles":["[ADMIN] User Queries"],"duration":2,"failing":false,"failureDetails":[],"failureMessages":[],"fullName":"[ADMIN] User Queries TC-ADM-16: getRejectedUsers returns only rejected users","invocations":1,"location":null,"numPassingAsserts":2,"retryReasons":[],"startAt":1784738110008,"status":"passed","title":"TC-ADM-16: getRejectedUsers returns only rejected users"},{"ancestorTitles":["[ADMIN] User Queries"],"duration":15,"failing":false,"failureDetails":[],"failureMessages":[],"fullName":"[ADMIN] User Queries TC-ADM-17: empty user list returns empty pending array","invocations":1,"location":null,"numPassingAsserts":1,"retryReasons":[],"startAt":1784738110010,"status":"passed","title":"TC-ADM-17: empty user list returns empty pending array"},{"ancestorTitles":["[ADMIN] Dashboard Statistics"],"duration":4,"failing":false,"failureDetails":[],"failureMessages":[],"fullName":"[ADMIN] Dashboard Statistics TC-ADM-18: getDashboardStats total users is correct","invocations":1,"location":null,"numPassingAsserts":1,"retryReasons":[],"startAt":1784738110026,"status":"passed","title":"TC-ADM-18: getDashboardStats total users is correct"},{"ancestorTitles":["[ADMIN] Dashboard Statistics"],"duration":4,"failing":false,"failureDetails":[],"failureMessages":[],"fullName":"[ADMIN] Dashboard Statistics TC-ADM-19: getDashboardStats pendingCount is correct","invocations":1,"location":null,"numPassingAsserts":1,"retryReasons":[],"startAt":1784738110031,"status":"passed","title":"TC-ADM-19: getDashboardStats pendingCount is correct"},{"ancestorTitles":["[ADMIN] Dashboard Statistics"],"duration":3,"failing":false,"failureDetails":[],"failureMessages":[],"fullName":"[ADMIN] Dashboard Statistics TC-ADM-20: getDashboardStats approvedCount is correct","invocations":1,"location":null,"numPassingAsserts":1,"retryReasons":[],"startAt":1784738110036,"status":"passed","title":"TC-ADM-20: getDashboardStats approvedCount is correct"},{"ancestorTitles":["[ADMIN] Dashboard Statistics"],"duration":2,"failing":false,"failureDetails":[],"failureMessages":[],"fullName":"[ADMIN] Dashboard Statistics TC-ADM-21: getDashboardStats rejectedCount is correct","invocations":1,"location":null,"numPassingAsserts":1,"retryReasons":[],"startAt":1784738110041,"status":"passed","title":"TC-ADM-21: getDashboardStats rejectedCount is correct"},{"ancestorTitles":["[ADMIN] Dashboard Statistics"],"duration":1,"failing":false,"failureDetails":[],"failureMessages":[],"fullName":"[ADMIN] Dashboard Statistics TC-ADM-22: getDashboardStats adminCount is correct","invocations":1,"location":null,"numPassingAsserts":1,"retryReasons":[],"startAt":1784738110044,"status":"passed","title":"TC-ADM-22: getDashboardStats adminCount is correct"},{"ancestorTitles":["[ADMIN] Dashboard Statistics"],"duration":1,"failing":false,"failureDetails":[],"failureMessages":[],"fullName":"[ADMIN] Dashboard Statistics TC-ADM-23: getDashboardStats totalResources is correct","invocations":1,"location":null,"numPassingAsserts":1,"retryReasons":[],"startAt":1784738110046,"status":"passed","title":"TC-ADM-23: getDashboardStats totalResources is correct"},{"ancestorTitles":["[ADMIN] Dashboard Statistics"],"duration":1,"failing":false,"failureDetails":[],"failureMessages":[],"fullName":"[ADMIN] Dashboard Statistics TC-ADM-24: getDashboardStats availableResources is correct","invocations":1,"location":null,"numPassingAsserts":1,"retryReasons":[],"startAt":1784738110047,"status":"passed","title":"TC-ADM-24: getDashboardStats availableResources is correct"},{"ancestorTitles":["[ADMIN] Dashboard Statistics"],"duration":2,"failing":false,"failureDetails":[],"failureMessages":[],"fullName":"[ADMIN] Dashboard Statistics TC-ADM-25: getDashboardStats totalCO2 is correct","invocations":1,"location":null,"numPassingAsserts":1,"retryReasons":[],"startAt":1784738110049,"status":"passed","title":"TC-ADM-25: getDashboardStats totalCO2 is correct"},{"ancestorTitles":["[ADMIN] Dashboard Statistics"],"duration":3,"failing":false,"failureDetails":[],"failureMessages":[],"fullName":"[ADMIN] Dashboard Statistics TC-ADM-26: getDashboardStats with empty data","invocations":1,"location":null,"numPassingAsserts":3,"retryReasons":[],"startAt":1784738110063,"status":"passed","title":"TC-ADM-26: getDashboardStats with empty data"},{"ancestorTitles":["[ADMIN] Access Control"],"duration":4,"failing":false,"failureDetails":[],"failureMessages":[],"fullName":"[ADMIN] Access Control TC-ADM-27: admin user can access admin panel","invocations":1,"location":null,"numPassingAsserts":1,"retryReasons":[],"startAt":1784738110068,"status":"passed","title":"TC-ADM-27: admin user can access admin panel"},{"ancestorTitles":["[ADMIN] Access Control"],"duration":2,"failing":false,"failureDetails":[],"failureMessages":[],"fullName":"[ADMIN] Access Control TC-ADM-28: regular resident cannot access admin panel","invocations":1,"location":null,"numPassingAsserts":1,"retryReasons":[],"startAt":1784738110074,"status":"passed","title":"TC-ADM-28: regular resident cannot access admin panel"},{"ancestorTitles":["[ADMIN] Access Control"],"duration":2,"failing":false,"failureDetails":[],"failureMessages":[],"fullName":"[ADMIN] Access Control TC-ADM-29: null user cannot access admin panel","invocations":1,"location":null,"numPassingAsserts":1,"retryReasons":[],"startAt":1784738110076,"status":"passed","title":"TC-ADM-29: null user cannot access admin panel"},{"ancestorTitles":["[ADMIN] Access Control"],"duration":2,"failing":false,"failureDetails":[],"failureMessages":[],"fullName":"[ADMIN] Access Control TC-ADM-30: admin can change user role to volunteer","invocations":1,"location":null,"numPassingAsserts":2,"retryReasons":[],"startAt":1784738110078,"status":"passed","title":"TC-ADM-30: admin can change user role to volunteer"},{"ancestorTitles":["[ADMIN] Access Control"],"duration":2,"failing":false,"failureDetails":[],"failureMessages":[],"fullName":"[ADMIN] Access Control TC-ADM-31: admin can change user role to ngo","invocations":1,"location":null,"numPassingAsserts":2,"retryReasons":[],"startAt":1784738110081,"status":"passed","title":"TC-ADM-31: admin can change user role to ngo"},{"ancestorTitles":["[ADMIN] Access Control"],"duration":3,"failing":false,"failureDetails":[],"failureMessages":[],"fullName":"[ADMIN] Access Control TC-ADM-32: non-admin cannot change user role","invocations":1,"location":null,"numPassingAsserts":2,"retryReasons":[],"startAt":1784738110083,"status":"passed","title":"TC-ADM-32: non-admin cannot change user role"},{"ancestorTitles":["[ADMIN] Access Control"],"duration":2,"failing":false,"failureDetails":[],"failureMessages":[],"fullName":"[ADMIN] Access Control TC-ADM-33: admin cannot assign invalid role","invocations":1,"location":null,"numPassingAsserts":2,"retryReasons":[],"startAt":1784738110086,"status":"passed","title":"TC-ADM-33: admin cannot assign invalid role"},{"ancestorTitles":["[ADMIN] Access Control"],"duration":3,"failing":false,"failureDetails":[],"failureMessages":[],"fullName":"[ADMIN] Access Control TC-ADM-34: admin cannot assign role to non-existent user","invocations":1,"location":null,"numPassingAsserts":2,"retryReasons":[],"startAt":1784738110089,"status":"passed","title":"TC-ADM-34: admin cannot assign role to non-existent user"}],"endTime":1784738110106,"message":"","name":"C:\\Users\\pooji\\.gemini\\antigravity-ide\\scratch\\ecoshare\\tests\\admin\\admin.test.js","startTime":1784738101617,"status":"passed","summary":""},{"assertionResults":[{"ancestorTitles":["[RESOURCES] Resource Creation Validation"],"duration":94,"failing":false,"failureDetails":[],"failureMessages":[],"fullName":"[RESOURCES] Resource Creation Validation TC-RES-01: valid resource creation succeeds","invocations":1,"location":null,"numPassingAsserts":2,"retryReasons":[],"startAt":1784738110643,"status":"passed","title":"TC-RES-01: valid resource creation succeeds"},{"ancestorTitles":["[RESOURCES] Resource Creation Validation"],"duration":3,"failing":false,"failureDetails":[],"failureMessages":[],"fullName":"[RESOURCES] Resource Creation Validation TC-RES-02: new resource has Available status by default","invocations":1,"location":null,"numPassingAsserts":1,"retryReasons":[],"startAt":1784738110744,"status":"passed","title":"TC-RES-02: new resource has Available status by default"},{"ancestorTitles":["[RESOURCES] Resource Creation Validation"],"duration":3,"failing":false,"failureDetails":[],"failureMessages":[],"fullName":"[RESOURCES] Resource Creation Validation TC-RES-03: new resource has resourceId assigned","invocations":1,"location":null,"numPassingAsserts":1,"retryReasons":[],"startAt":1784738110761,"status":"passed","title":"TC-RES-03: new resource has resourceId assigned"},{"ancestorTitles":["[RESOURCES] Resource Creation Validation"],"duration":5,"failing":false,"failureDetails":[],"failureMessages":[],"fullName":"[RESOURCES] Resource Creation Validation TC-RES-04: new resource has createdAt timestamp","invocations":1,"location":null,"numPassingAsserts":1,"retryReasons":[],"startAt":1784738110765,"status":"passed","title":"TC-RES-04: new resource has createdAt timestamp"},{"ancestorTitles":["[RESOURCES] Resource Creation Validation"],"duration":4,"failing":false,"failureDetails":[],"failureMessages":[],"fullName":"[RESOURCES] Resource Creation Validation TC-RES-05: resource with no title fails","invocations":1,"location":null,"numPassingAsserts":1,"retryReasons":[],"startAt":1784738110782,"status":"passed","title":"TC-RES-05: resource with no title fails"},{"ancestorTitles":["[RESOURCES] Resource Creation Validation"],"duration":2,"failing":false,"failureDetails":[],"failureMessages":[],"fullName":"[RESOURCES] Resource Creation Validation TC-RES-06: resource with 2-char title fails","invocations":1,"location":null,"numPassingAsserts":1,"retryReasons":[],"startAt":1784738110787,"status":"passed","title":"TC-RES-06: resource with 2-char title fails"},{"ancestorTitles":["[RESOURCES] Resource Creation Validation"],"duration":2,"failing":false,"failureDetails":[],"failureMessages":[],"fullName":"[RESOURCES] Resource Creation Validation TC-RES-07: resource with 3-char title passes","invocations":1,"location":null,"numPassingAsserts":1,"retryReasons":[],"startAt":1784738110791,"status":"passed","title":"TC-RES-07: resource with 3-char title passes"},{"ancestorTitles":["[RESOURCES] Resource Creation Validation"],"duration":2,"failing":false,"failureDetails":[],"failureMessages":[],"fullName":"[RESOURCES] Resource Creation Validation TC-RES-08: resource with 101-char title fails","invocations":1,"location":null,"numPassingAsserts":1,"retryReasons":[],"startAt":1784738110794,"status":"passed","title":"TC-RES-08: resource with 101-char title fails"},{"ancestorTitles":["[RESOURCES] Resource Creation Validation"],"duration":10,"failing":false,"failureDetails":[],"failureMessages":[],"fullName":"[RESOURCES] Resource Creation Validation TC-RES-09: resource with short description fails","invocations":1,"location":null,"numPassingAsserts":1,"retryReasons":[],"startAt":1784738110796,"status":"passed","title":"TC-RES-09: resource with short description fails"},{"ancestorTitles":["[RESOURCES] Resource Creation Validation"],"duration":2,"failing":false,"failureDetails":[],"failureMessages":[],"fullName":"[RESOURCES] Resource Creation Validation TC-RES-10: resource with description too long fails","invocations":1,"location":null,"numPassingAsserts":1,"retryReasons":[],"startAt":1784738110809,"status":"passed","title":"TC-RES-10: resource with description too long fails"},{"ancestorTitles":["[RESOURCES] Resource Creation Validation"],"duration":3,"failing":false,"failureDetails":[],"failureMessages":[],"fullName":"[RESOURCES] Resource Creation Validation TC-RES-11: resource with invalid category fails","invocations":1,"location":null,"numPassingAsserts":1,"retryReasons":[],"startAt":1784738110812,"status":"passed","title":"TC-RES-11: resource with invalid category fails"},{"ancestorTitles":["[RESOURCES] Resource Creation Validation"],"duration":1,"failing":false,"failureDetails":[],"failureMessages":[],"fullName":"[RESOURCES] Resource Creation Validation TC-RES-12: resource with no category fails","invocations":1,"location":null,"numPassingAsserts":1,"retryReasons":[],"startAt":1784738110816,"status":"passed","title":"TC-RES-12: resource with no category fails"},{"ancestorTitles":["[RESOURCES] Resource Creation Validation"],"duration":42,"failing":false,"failureDetails":[],"failureMessages":[],"fullName":"[RESOURCES] Resource Creation Validation TC-RES-13: resource with no location fails","invocations":1,"location":null,"numPassingAsserts":1,"retryReasons":[],"startAt":1784738110818,"status":"passed","title":"TC-RES-13: resource with no location fails"},{"ancestorTitles":["[RESOURCES] Resource Creation Validation"],"duration":2,"failing":false,"failureDetails":[],"failureMessages":[],"fullName":"[RESOURCES] Resource Creation Validation TC-RES-14: resource with single char location fails","invocations":1,"location":null,"numPassingAsserts":1,"retryReasons":[],"startAt":1784738110861,"status":"passed","title":"TC-RES-14: resource with single char location fails"},{"ancestorTitles":["[RESOURCES] Resource Creation Validation"],"duration":1,"failing":false,"failureDetails":[],"failureMessages":[],"fullName":"[RESOURCES] Resource Creation Validation TC-RES-15: resource missing quantity fails","invocations":1,"location":null,"numPassingAsserts":1,"retryReasons":[],"startAt":1784738110863,"status":"passed","title":"TC-RES-15: resource missing quantity fails"},{"ancestorTitles":["[RESOURCES] Resource Creation Validation"],"duration":4,"failing":false,"failureDetails":[],"failureMessages":[],"fullName":"[RESOURCES] Resource Creation Validation TC-RES-16: multiple validation errors returned at once","invocations":1,"location":null,"numPassingAsserts":2,"retryReasons":[],"startAt":1784738110865,"status":"passed","title":"TC-RES-16: multiple validation errors returned at once"},{"ancestorTitles":["[RESOURCES] Valid Categories"],"duration":1,"failing":false,"failureDetails":[],"failureMessages":[],"fullName":"[RESOURCES] Valid Categories TC-RES-CAT-01: Food is a valid category","invocations":1,"location":null,"numPassingAsserts":2,"retryReasons":[],"startAt":1784738110870,"status":"passed","title":"TC-RES-CAT-01: Food is a valid category"},{"ancestorTitles":["[RESOURCES] Valid Categories"],"duration":5,"failing":false,"failureDetails":[],"failureMessages":[],"fullName":"[RESOURCES] Valid Categories TC-RES-CAT-02: Clothes is a valid category","invocations":1,"location":null,"numPassingAsserts":2,"retryReasons":[],"startAt":1784738110872,"status":"passed","title":"TC-RES-CAT-02: Clothes is a valid category"},{"ancestorTitles":["[RESOURCES] Valid Categories"],"duration":4,"failing":false,"failureDetails":[],"failureMessages":[],"fullName":"[RESOURCES] Valid Categories TC-RES-CAT-03: Books is a valid category","invocations":1,"location":null,"numPassingAsserts":2,"retryReasons":[],"startAt":1784738110878,"status":"passed","title":"TC-RES-CAT-03: Books is a valid category"},{"ancestorTitles":["[RESOURCES] Valid Categories"],"duration":2,"failing":false,"failureDetails":[],"failureMessages":[],"fullName":"[RESOURCES] Valid Categories TC-RES-CAT-04: Furniture is a valid category","invocations":1,"location":null,"numPassingAsserts":2,"retryReasons":[],"startAt":1784738110883,"status":"passed","title":"TC-RES-CAT-04: Furniture is a valid category"},{"ancestorTitles":["[RESOURCES] Valid Categories"],"duration":1,"failing":false,"failureDetails":[],"failureMessages":[],"fullName":"[RESOURCES] Valid Categories TC-RES-CAT-05: Electronics is a valid category","invocations":1,"location":null,"numPassingAsserts":2,"retryReasons":[],"startAt":1784738110886,"status":"passed","title":"TC-RES-CAT-05: Electronics is a valid category"},{"ancestorTitles":["[RESOURCES] Valid Categories"],"duration":3,"failing":false,"failureDetails":[],"failureMessages":[],"fullName":"[RESOURCES] Valid Categories TC-RES-CAT-06: Kitchen Items is a valid category","invocations":1,"location":null,"numPassingAsserts":2,"retryReasons":[],"startAt":1784738110888,"status":"passed","title":"TC-RES-CAT-06: Kitchen Items is a valid category"},{"ancestorTitles":["[RESOURCES] Valid Categories"],"duration":2,"failing":false,"failureDetails":[],"failureMessages":[],"fullName":"[RESOURCES] Valid Categories TC-RES-CAT-07: Medical Supplies is a valid category","invocations":1,"location":null,"numPassingAsserts":2,"retryReasons":[],"startAt":1784738110893,"status":"passed","title":"TC-RES-CAT-07: Medical Supplies is a valid category"},{"ancestorTitles":["[RESOURCES] Valid Categories"],"duration":2,"failing":false,"failureDetails":[],"failureMessages":[],"fullName":"[RESOURCES] Valid Categories TC-RES-CAT-08: Educational Materials is a valid category","invocations":1,"location":null,"numPassingAsserts":2,"retryReasons":[],"startAt":1784738110895,"status":"passed","title":"TC-RES-CAT-08: Educational Materials is a valid category"},{"ancestorTitles":["[RESOURCES] Valid Categories"],"duration":2,"failing":false,"failureDetails":[],"failureMessages":[],"fullName":"[RESOURCES] Valid Categories TC-RES-CAT-09: Household Items is a valid category","invocations":1,"location":null,"numPassingAsserts":2,"retryReasons":[],"startAt":1784738110897,"status":"passed","title":"TC-RES-CAT-09: Household Items is a valid category"},{"ancestorTitles":["[RESOURCES] Valid Categories"],"duration":4,"failing":false,"failureDetails":[],"failureMessages":[],"fullName":"[RESOURCES] Valid Categories TC-RES-CAT-10: Other is a valid category","invocations":1,"location":null,"numPassingAsserts":2,"retryReasons":[],"startAt":1784738110899,"status":"passed","title":"TC-RES-CAT-10: Other is a valid category"},{"ancestorTitles":["[RESOURCES] Valid Categories"],"duration":4,"failing":false,"failureDetails":[],"failureMessages":[],"fullName":"[RESOURCES] Valid Categories TC-RES-CAT-11: lowercase category fails validation","invocations":1,"location":null,"numPassingAsserts":1,"retryReasons":[],"startAt":1784738110903,"status":"passed","title":"TC-RES-CAT-11: lowercase category fails validation"},{"ancestorTitles":["[RESOURCES] Status Management"],"duration":3,"failing":false,"failureDetails":[],"failureMessages":[],"fullName":"[RESOURCES] Status Management TC-RES-ST-01: resource can be set to Reserved","invocations":1,"location":null,"numPassingAsserts":2,"retryReasons":[],"startAt":1784738110908,"status":"passed","title":"TC-RES-ST-01: resource can be set to Reserved"},{"ancestorTitles":["[RESOURCES] Status Management"],"duration":2,"failing":false,"failureDetails":[],"failureMessages":[],"fullName":"[RESOURCES] Status Management TC-RES-ST-02: resource can be set to Taken","invocations":1,"location":null,"numPassingAsserts":2,"retryReasons":[],"startAt":1784738110911,"status":"passed","title":"TC-RES-ST-02: resource can be set to Taken"},{"ancestorTitles":["[RESOURCES] Status Management"],"duration":2,"failing":false,"failureDetails":[],"failureMessages":[],"fullName":"[RESOURCES] Status Management TC-RES-ST-03: resource can be set to Completed","invocations":1,"location":null,"numPassingAsserts":2,"retryReasons":[],"startAt":1784738110913,"status":"passed","title":"TC-RES-ST-03: resource can be set to Completed"},{"ancestorTitles":["[RESOURCES] Status Management"],"duration":1,"failing":false,"failureDetails":[],"failureMessages":[],"fullName":"[RESOURCES] Status Management TC-RES-ST-04: resource can be set back to Available","invocations":1,"location":null,"numPassingAsserts":2,"retryReasons":[],"startAt":1784738110915,"status":"passed","title":"TC-RES-ST-04: resource can be set back to Available"},{"ancestorTitles":["[RESOURCES] Status Management"],"duration":1,"failing":false,"failureDetails":[],"failureMessages":[],"fullName":"[RESOURCES] Status Management TC-RES-ST-05: invalid status string fails","invocations":1,"location":null,"numPassingAsserts":1,"retryReasons":[],"startAt":1784738110916,"status":"passed","title":"TC-RES-ST-05: invalid status string fails"},{"ancestorTitles":["[RESOURCES] Status Management"],"duration":1,"failing":false,"failureDetails":[],"failureMessages":[],"fullName":"[RESOURCES] Status Management TC-RES-ST-06: empty status string fails","invocations":1,"location":null,"numPassingAsserts":1,"retryReasons":[],"startAt":1784738110917,"status":"passed","title":"TC-RES-ST-06: empty status string fails"},{"ancestorTitles":["[RESOURCES] Delete Authorization"],"duration":1,"failing":false,"failureDetails":[],"failureMessages":[],"fullName":"[RESOURCES] Delete Authorization TC-RES-DEL-01: owner can delete their own resource","invocations":1,"location":null,"numPassingAsserts":1,"retryReasons":[],"startAt":1784738110919,"status":"passed","title":"TC-RES-DEL-01: owner can delete their own resource"},{"ancestorTitles":["[RESOURCES] Delete Authorization"],"duration":5,"failing":false,"failureDetails":[],"failureMessages":[],"fullName":"[RESOURCES] Delete Authorization TC-RES-DEL-02: non-owner cannot delete resource","invocations":1,"location":null,"numPassingAsserts":2,"retryReasons":[],"startAt":1784738110920,"status":"passed","title":"TC-RES-DEL-02: non-owner cannot delete resource"},{"ancestorTitles":["[RESOURCES] Delete Authorization"],"duration":3,"failing":false,"failureDetails":[],"failureMessages":[],"fullName":"[RESOURCES] Delete Authorization TC-RES-DEL-03: non-existent resource returns not found error","invocations":1,"location":null,"numPassingAsserts":2,"retryReasons":[],"startAt":1784738110925,"status":"passed","title":"TC-RES-DEL-03: non-existent resource returns not found error"},{"ancestorTitles":["[RESOURCES] Search & Filtering"],"duration":2,"failing":false,"failureDetails":[],"failureMessages":[],"fullName":"[RESOURCES] Search & Filtering TC-RES-SRCH-01: search by title returns matching resources","invocations":1,"location":null,"numPassingAsserts":2,"retryReasons":[],"startAt":1784738110928,"status":"passed","title":"TC-RES-SRCH-01: search by title returns matching resources"},{"ancestorTitles":["[RESOURCES] Search & Filtering"],"duration":1,"failing":false,"failureDetails":[],"failureMessages":[],"fullName":"[RESOURCES] Search & Filtering TC-RES-SRCH-02: search is case-insensitive","invocations":1,"location":null,"numPassingAsserts":1,"retryReasons":[],"startAt":1784738110931,"status":"passed","title":"TC-RES-SRCH-02: search is case-insensitive"},{"ancestorTitles":["[RESOURCES] Search & Filtering"],"duration":1,"failing":false,"failureDetails":[],"failureMessages":[],"fullName":"[RESOURCES] Search & Filtering TC-RES-SRCH-03: search by location returns matching resources","invocations":1,"location":null,"numPassingAsserts":1,"retryReasons":[],"startAt":1784738110932,"status":"passed","title":"TC-RES-SRCH-03: search by location returns matching resources"},{"ancestorTitles":["[RESOURCES] Search & Filtering"],"duration":2,"failing":false,"failureDetails":[],"failureMessages":[],"fullName":"[RESOURCES] Search & Filtering TC-RES-SRCH-04: search with no match returns empty array","invocations":1,"location":null,"numPassingAsserts":1,"retryReasons":[],"startAt":1784738110933,"status":"passed","title":"TC-RES-SRCH-04: search with no match returns empty array"},{"ancestorTitles":["[RESOURCES] Search & Filtering"],"duration":1,"failing":false,"failureDetails":[],"failureMessages":[],"fullName":"[RESOURCES] Search & Filtering TC-RES-SRCH-05: empty search returns all resources","invocations":1,"location":null,"numPassingAsserts":1,"retryReasons":[],"startAt":1784738110935,"status":"passed","title":"TC-RES-SRCH-05: empty search returns all resources"},{"ancestorTitles":["[RESOURCES] Search & Filtering"],"duration":1,"failing":false,"failureDetails":[],"failureMessages":[],"fullName":"[RESOURCES] Search & Filtering TC-RES-SRCH-06: null search returns all resources","invocations":1,"location":null,"numPassingAsserts":1,"retryReasons":[],"startAt":1784738110937,"status":"passed","title":"TC-RES-SRCH-06: null search returns all resources"},{"ancestorTitles":["[RESOURCES] Search & Filtering"],"duration":2,"failing":false,"failureDetails":[],"failureMessages":[],"fullName":"[RESOURCES] Search & Filtering TC-RES-FILTER-01: filter by Books category returns correct results","invocations":1,"location":null,"numPassingAsserts":2,"retryReasons":[],"startAt":1784738110938,"status":"passed","title":"TC-RES-FILTER-01: filter by Books category returns correct results"},{"ancestorTitles":["[RESOURCES] Search & Filtering"],"duration":3,"failing":false,"failureDetails":[],"failureMessages":[],"fullName":"[RESOURCES] Search & Filtering TC-RES-FILTER-02: filter by Electronics returns correct results","invocations":1,"location":null,"numPassingAsserts":2,"retryReasons":[],"startAt":1784738110941,"status":"passed","title":"TC-RES-FILTER-02: filter by Electronics returns correct results"},{"ancestorTitles":["[RESOURCES] Search & Filtering"],"duration":1,"failing":false,"failureDetails":[],"failureMessages":[],"fullName":"[RESOURCES] Search & Filtering TC-RES-FILTER-03: filter by non-existent category returns empty","invocations":1,"location":null,"numPassingAsserts":1,"retryReasons":[],"startAt":1784738110944,"status":"passed","title":"TC-RES-FILTER-03: filter by non-existent category returns empty"},{"ancestorTitles":["[RESOURCES] Search & Filtering"],"duration":1,"failing":false,"failureDetails":[],"failureMessages":[],"fullName":"[RESOURCES] Search & Filtering TC-RES-FILTER-04: filter by status Available returns correct count","invocations":1,"location":null,"numPassingAsserts":1,"retryReasons":[],"startAt":1784738110946,"status":"passed","title":"TC-RES-FILTER-04: filter by status Available returns correct count"},{"ancestorTitles":["[RESOURCES] Search & Filtering"],"duration":1,"failing":false,"failureDetails":[],"failureMessages":[],"fullName":"[RESOURCES] Search & Filtering TC-RES-FILTER-05: filter by status Reserved returns correct count","invocations":1,"location":null,"numPassingAsserts":1,"retryReasons":[],"startAt":1784738110947,"status":"passed","title":"TC-RES-FILTER-05: filter by status Reserved returns correct count"},{"ancestorTitles":["[RESOURCES] Search & Filtering"],"duration":1,"failing":false,"failureDetails":[],"failureMessages":[],"fullName":"[RESOURCES] Search & Filtering TC-RES-FILTER-06: null category returns all resources","invocations":1,"location":null,"numPassingAsserts":1,"retryReasons":[],"startAt":1784738110949,"status":"passed","title":"TC-RES-FILTER-06: null category returns all resources"},{"ancestorTitles":["[RESOURCES] CO2 Analytics"],"duration":1,"failing":false,"failureDetails":[],"failureMessages":[],"fullName":"[RESOURCES] CO2 Analytics TC-RES-CO2-01: total CO2 calculated correctly","invocations":1,"location":null,"numPassingAsserts":1,"retryReasons":[],"startAt":1784738110950,"status":"passed","title":"TC-RES-CO2-01: total CO2 calculated correctly"},{"ancestorTitles":["[RESOURCES] CO2 Analytics"],"duration":1,"failing":false,"failureDetails":[],"failureMessages":[],"fullName":"[RESOURCES] CO2 Analytics TC-RES-CO2-02: handles resources with missing co2Offset","invocations":1,"location":null,"numPassingAsserts":1,"retryReasons":[],"startAt":1784738110952,"status":"passed","title":"TC-RES-CO2-02: handles resources with missing co2Offset"},{"ancestorTitles":["[RESOURCES] CO2 Analytics"],"duration":2,"failing":false,"failureDetails":[],"failureMessages":[],"fullName":"[RESOURCES] CO2 Analytics TC-RES-CO2-03: empty resource list returns 0","invocations":1,"location":null,"numPassingAsserts":1,"retryReasons":[],"startAt":1784738110953,"status":"passed","title":"TC-RES-CO2-03: empty resource list returns 0"},{"ancestorTitles":["[RESOURCES] CO2 Ana
[...]
:1,"failing":false,"failureDetails":[],"failureMessages":[],"fullName":"[VALIDATION] Form Field Validation TC-V26: empty string fails category validation","invocations":1,"location":null,"numPassingAsserts":1,"retryReasons":[],"startAt":1784738111660,"status":"passed","title":"TC-V26: empty string fails category validation"},{"ancestorTitles":["[VALIDATION] Form Field Validation"],"duration":1,"failing":false,"failureDetails":[],"failureMessages":[],"fullName":"[VALIDATION] Form Field Validation TC-V27: case-sensitive category (lowercase) fails","invocations":1,"location":null,"numPassingAsserts":1,"retryReasons":[],"startAt":1784738111662,"status":"passed","title":"TC-V27: case-sensitive category (lowercase) fails"},{"ancestorTitles":["[VALIDATION] Form Field Validation"],"duration":1,"failing":false,"failureDetails":[],"failureMessages":[],"fullName":"[VALIDATION] Form Field Validation TC-V28: positive CO2 offset is valid","invocations":1,"location":null,"numPassingAsserts":1,"retryReasons":[],"startAt":1784738111663,"status":"passed","title":"TC-V28: positive CO2 offset is valid"},{"ancestorTitles":["[VALIDATION] Form Field Validation"],"duration":1,"failing":false,"failureDetails":[],"failureMessages":[],"fullName":"[VALIDATION] Form Field Validation TC-V29: zero CO2 offset is valid","invocations":1,"location":null,"numPassingAsserts":1,"retryReasons":[],"startAt":1784738111664,"status":"passed","title":"TC-V29: zero CO2 offset is valid"},{"ancestorTitles":["[VALIDATION] Form Field Validation"],"duration":1,"failing":false,"failureDetails":[],"failureMessages":[],"fullName":"[VALIDATION] Form Field Validation TC-V30: negative CO2 offset fails","invocations":1,"location":null,"numPassingAsserts":1,"retryReasons":[],"startAt":1784738111666,"status":"passed","title":"TC-V30: negative CO2 offset fails"},{"ancestorTitles":["[VALIDATION] Form Field Validation"],"duration":1,"failing":false,"failureDetails":[],"failureMessages":[],"fullName":"[VALIDATION] Form Field Validation TC-V31: string CO2 offset fails","invocations":1,"location":null,"numPassingAsserts":1,"retryReasons":[],"startAt":1784738111667,"status":"passed","title":"TC-V31: string CO2 offset fails"},{"ancestorTitles":["[VALIDATION] Form Field Validation"],"duration":1,"failing":false,"failureDetails":[],"failureMessages":[],"fullName":"[VALIDATION] Form Field Validation TC-V32: Infinity fails","invocations":1,"location":null,"numPassingAsserts":1,"retryReasons":[],"startAt":1784738111668,"status":"passed","title":"TC-V32: Infinity fails"},{"ancestorTitles":["[VALIDATION] Form Field Validation"],"duration":1,"failing":false,"failureDetails":[],"failureMessages":[],"fullName":"[VALIDATION] Form Field Validation TC-V33: NaN fails","invocations":1,"location":null,"numPassingAsserts":1,"retryReasons":[],"startAt":1784738111669,"status":"passed","title":"TC-V33: NaN fails"},{"ancestorTitles":["[VALIDATION] Form Field Validation"],"duration":1,"failing":false,"failureDetails":[],"failureMessages":[],"fullName":"[VALIDATION] Form Field Validation TC-V34: valid location passes","invocations":1,"location":null,"numPassingAsserts":1,"retryReasons":[],"startAt":1784738111670,"status":"passed","title":"TC-V34: valid location passes"},{"ancestorTitles":["[VALIDATION] Form Field Validation"],"duration":2,"failing":false,"failureDetails":[],"failureMessages":[],"fullName":"[VALIDATION] Form Field Validation TC-V35: single character location fails","invocations":1,"location":null,"numPassingAsserts":1,"retryReasons":[],"startAt":1784738111672,"status":"passed","title":"TC-V35: single character location fails"},{"ancestorTitles":["[VALIDATION] Form Field Validation"],"duration":2,"failing":false,"failureDetails":[],"failureMessages":[],"fullName":"[VALIDATION] Form Field Validation TC-V36: empty location fails","invocations":1,"location":null,"numPassingAsserts":1,"retryReasons":[],"startAt":1784738111675,"status":"passed","title":"TC-V36: empty location fails"},{"ancestorTitles":["[VALIDATION] Form Field Validation"],"duration":5,"failing":false,"failureDetails":[],"failureMessages":[],"fullName":"[VALIDATION] Form Field Validation TC-V37: valid name passes","invocations":1,"location":null,"numPassingAsserts":1,"retryReasons":[],"startAt":1784738111677,"status":"passed","title":"TC-V37: valid name passes"},{"ancestorTitles":["[VALIDATION] Form Field Validation"],"duration":3,"failing":false,"failureDetails":[],"failureMessages":[],"fullName":"[VALIDATION] Form Field Validation TC-V38: single character name fails","invocations":1,"location":null,"numPassingAsserts":1,"retryReasons":[],"startAt":1784738111682,"status":"passed","title":"TC-V38: single character name fails"},{"ancestorTitles":["[VALIDATION] Form Field Validation"],"duration":1,"failing":false,"failureDetails":[],"failureMessages":[],"fullName":"[VALIDATION] Form Field Validation TC-V39: empty name fails","invocations":1,"location":null,"numPassingAsserts":1,"retryReasons":[],"startAt":1784738111686,"status":"passed","title":"TC-V39: empty name fails"},{"ancestorTitles":["[VALIDATION] Form Field Validation"],"duration":1,"failing":false,"failureDetails":[],"failureMessages":[],"fullName":"[VALIDATION] Form Field Validation TC-V40: name with 60 chars passes","invocations":1,"location":null,"numPassingAsserts":1,"retryReasons":[],"startAt":1784738111687,"status":"passed","title":"TC-V40: name with 60 chars passes"},{"ancestorTitles":["[VALIDATION] Form Field Validation"],"duration":3,"failing":false,"failureDetails":[],"failureMessages":[],"fullName":"[VALIDATION] Form Field Validation TC-V41: name with 61 chars fails","invocations":1,"location":null,"numPassingAsserts":1,"retryReasons":[],"startAt":1784738111689,"status":"passed","title":"TC-V41: name with 61 chars fails"},{"ancestorTitles":["[UI/UX] Rendering & Display Logic"],"duration":2,"failing":false,"failureDetails":[],"failureMessages":[],"fullName":"[UI/UX] Rendering & Display Logic TC-UI01: formatTimeAgo shows \"just now\" for recent times","invocations":1,"location":null,"numPassingAsserts":1,"retryReasons":[],"startAt":1784738111693,"status":"passed","title":"TC-UI01: formatTimeAgo shows \"just now\" for recent times"},{"ancestorTitles":["[UI/UX] Rendering & Display Logic"],"duration":2,"failing":false,"failureDetails":[],"failureMessages":[],"fullName":"[UI/UX] Rendering & Display Logic TC-UI02: formatTimeAgo shows minutes for 5 min ago","invocations":1,"location":null,"numPassingAsserts":1,"retryReasons":[],"startAt":1784738111696,"status":"passed","title":"TC-UI02: formatTimeAgo shows minutes for 5 min ago"},{"ancestorTitles":["[UI/UX] Rendering & Display Logic"],"duration":2,"failing":false,"failureDetails":[],"failureMessages":[],"fullName":"[UI/UX] Rendering & Display Logic TC-UI03: formatTimeAgo shows hours for 3 hrs ago","invocations":1,"location":null,"numPassingAsserts":1,"retryReasons":[],"startAt":1784738111698,"status":"passed","title":"TC-UI03: formatTimeAgo shows hours for 3 hrs ago"},{"ancestorTitles":["[UI/UX] Rendering & Display Logic"],"duration":7,"failing":false,"failureDetails":[],"failureMessages":[],"fullName":"[UI/UX] Rendering & Display Logic TC-UI04: formatTimeAgo shows days for yesterday","invocations":1,"location":null,"numPassingAsserts":1,"retryReasons":[],"startAt":1784738111701,"status":"passed","title":"TC-UI04: formatTimeAgo shows days for yesterday"},{"ancestorTitles":["[UI/UX] Rendering & Display Logic"],"duration":3,"failing":false,"failureDetails":[],"failureMessages":[],"fullName":"[UI/UX] Rendering & Display Logic TC-UI05: truncateText returns full text when under limit","invocations":1,"location":null,"numPassingAsserts":1,"retryReasons":[],"startAt":1784738111709,"status":"passed","title":"TC-UI05: truncateText returns full text when under limit"},{"ancestorTitles":["[UI/UX] Rendering & Display Logic"],"duration":6,"failing":false,"failureDetails":[],"failureMessages":[],"fullName":"[UI/UX] Rendering & Display Logic TC-UI06: truncateText adds ellipsis when text is too long","invocations":1,"location":null,"numPassingAsserts":2,"retryReasons":[],"startAt":1784738111713,"status":"passed","title":"TC-UI06: truncateText adds ellipsis when text is too long"},{"ancestorTitles":["[UI/UX] Rendering & Display Logic"],"duration":3,"failing":false,"failureDetails":[],"failureMessages":[],"fullName":"[UI/UX] Rendering & Display Logic TC-UI07: truncateText at exact limit is not truncated","invocations":1,"location":null,"numPassingAsserts":1,"retryReasons":[],"startAt":1784738111720,"status":"passed","title":"TC-UI07: truncateText at exact limit is not truncated"},{"ancestorTitles":["[UI/UX] Rendering & Display Logic"],"duration":2,"failing":false,"failureDetails":[],"failureMessages":[],"fullName":"[UI/UX] Rendering & Display Logic TC-UI08: available status badge has green color","invocations":1,"location":null,"numPassingAsserts":1,"retryReasons":[],"startAt":1784738111724,"status":"passed","title":"TC-UI08: available status badge has green color"},{"ancestorTitles":["[UI/UX] Rendering & Display Logic"],"duration":28,"failing":false,"failureDetails":[],"failureMessages":[],"fullName":"[UI/UX] Rendering & Display Logic TC-UI09: reserved status badge has orange color","invocations":1,"location":null,"numPassingAsserts":1,"retryReasons":[],"startAt":1784738111726,"status":"passed","title":"TC-UI09: reserved status badge has orange color"},{"ancestorTitles":["[UI/UX] Rendering & Display Logic"],"duration":1,"failing":false,"failureDetails":[],"failureMessages":[],"fullName":"[UI/UX] Rendering & Display Logic TC-UI10: taken status badge has red color","invocations":1,"location":null,"numPassingAsserts":1,"retryReasons":[],"startAt":1784738111759,"status":"passed","title":"TC-UI10: taken status badge has red color"},{"ancestorTitles":["[UI/UX] Rendering & Display Logic"],"duration":1,"failing":false,"failureDetails":[],"failureMessages":[],"fullName":"[UI/UX] Rendering & Display Logic TC-UI11: unknown status returns fallback badge","invocations":1,"location":null,"numPassingAsserts":1,"retryReasons":[],"startAt":1784738111761,"status":"passed","title":"TC-UI11: unknown status returns fallback badge"},{"ancestorTitles":["[UI/UX] Rendering & Display Logic"],"duration":1,"failing":false,"failureDetails":[],"failureMessages":[],"fullName":"[UI/UX] Rendering & Display Logic TC-UI12: CO2 display formats grams for small values","invocations":1,"location":null,"numPassingAsserts":1,"retryReasons":[],"startAt":1784738111763,"status":"passed","title":"TC-UI12: CO2 display formats grams for small values"},{"ancestorTitles":["[UI/UX] Rendering & Display Logic"],"duration":1,"failing":false,"failureDetails":[],"failureMessages":[],"fullName":"[UI/UX] Rendering & Display Logic TC-UI13: CO2 display formats kg for medium values","invocations":1,"location":null,"numPassingAsserts":1,"retryReasons":[],"startAt":1784738111765,"status":"passed","title":"TC-UI13: CO2 display formats kg for medium values"},{"ancestorTitles":["[UI/UX] Rendering & Display Logic"],"duration":2,"failing":false,"failureDetails":[],"failureMessages":[],"fullName":"[UI/UX] Rendering & Display Logic TC-UI14: CO2 display formats tonnes for large values","invocations":1,"location":null,"numPassingAsserts":1,"retryReasons":[],"startAt":1784738111766,"status":"passed","title":"TC-UI14: CO2 display formats tonnes for large values"},{"ancestorTitles":["[UI/UX] Rendering & Display Logic"],"duration":2,"failing":false,"failureDetails":[],"failureMessages":[],"fullName":"[UI/UX] Rendering & Display Logic TC-UI15: Books category shows book emoji","invocations":1,"location":null,"numPassingAsserts":1,"retryReasons":[],"startAt":1784738111768,"status":"passed","title":"TC-UI15: Books category shows book emoji"},{"ancestorTitles":["[UI/UX] Rendering & Display Logic"],"duration":4,"failing":false,"failureDetails":[],"failureMessages":[],"fullName":"[UI/UX] Rendering & Display Logic TC-UI16: Electronics category shows laptop emoji","invocations":1,"location":null,"numPassingAsserts":1,"retryReasons":[],"startAt":1784738111770,"status":"passed","title":"TC-UI16: Electronics category shows laptop emoji"},{"ancestorTitles":["[UI/UX] Rendering & Display Logic"],"duration":2,"failing":false,"failureDetails":[],"failureMessages":[],"fullName":"[UI/UX] Rendering & Display Logic TC-UI17: Food category shows food emoji","invocations":1,"location":null,"numPassingAsserts":1,"retryReasons":[],"startAt":1784738111774,"status":"passed","title":"TC-UI17: Food category shows food emoji"},{"ancestorTitles":["[UI/UX] Rendering & Display Logic"],"duration":2,"failing":false,"failureDetails":[],"failureMessages":[],"fullName":"[UI/UX] Rendering & Display Logic TC-UI18: unknown category returns default emoji","invocations":1,"location":null,"numPassingAsserts":1,"retryReasons":[],"startAt":1784738111776,"status":"passed","title":"TC-UI18: unknown category returns default emoji"},{"ancestorTitles":["[SECURITY] Input Sanitization & XSS Prevention"],"duration":2,"failing":false,"failureDetails":[],"failureMessages":[],"fullName":"[SECURITY] Input Sanitization & XSS Prevention TC-S01: XSS script tag is escaped","invocations":1,"location":null,"numPassingAsserts":1,"retryReasons":[],"startAt":1784738111779,"status":"passed","title":"TC-S01: XSS script tag is escaped"},{"ancestorTitles":["[SECURITY] Input Sanitization & XSS Prevention"],"duration":1,"failing":false,"failureDetails":[],"failureMessages":[],"fullName":"[SECURITY] Input Sanitization & XSS Prevention TC-S02: HTML tags are escaped","invocations":1,"location":null,"numPassingAsserts":1,"retryReasons":[],"startAt":1784738111781,"status":"passed","title":"TC-S02: HTML tags are escaped"},{"ancestorTitles":["[SECURITY] Input Sanitization & XSS Prevention"],"duration":2,"failing":false,"failureDetails":[],"failureMessages":[],"fullName":"[SECURITY] Input Sanitization & XSS Prevention TC-S03: double quotes are escaped","invocations":1,"location":null,"numPassingAsserts":1,"retryReasons":[],"startAt":1784738111782,"status":"passed","title":"TC-S03: double quotes are escaped"},{"ancestorTitles":["[SECURITY] Input Sanitization & XSS Prevention"],"duration":1,"failing":false,"failureDetails":[],"failureMessages":[],"fullName":"[SECURITY] Input Sanitization & XSS Prevention TC-S04: single quotes are escaped","invocations":1,"location":null,"numPassingAsserts":1,"retryReasons":[],"startAt":1784738111784,"status":"passed","title":"TC-S04: single quotes are escaped"},{"ancestorTitles":["[SECURITY] Input Sanitization & XSS Prevention"],"duration":1,"failing":false,"failureDetails":[],"failureMessages":[],"fullName":"[SECURITY] Input Sanitization & XSS Prevention TC-S05: ampersand is escaped","invocations":1,"location":null,"numPassingAsserts":1,"retryReasons":[],"startAt":1784738111785,"status":"passed","title":"TC-S05: ampersand is escaped"},{"ancestorTitles":["[SECURITY] Input Sanitization & XSS Prevention"],"duration":1,"failing":false,"failureDetails":[],"failureMessages":[],"fullName":"[SECURITY] Input Sanitization & XSS Prevention TC-S06: normal text passes through sanitization unchanged (except chars)","invocations":1,"location":null,"numPassingAsserts":1,"retryReasons":[],"startAt":1784738111786,"status":"passed","title":"TC-S06: normal text passes through sanitization unchanged (except chars)"},{"ancestorTitles":["[SECURITY] Input Sanitization & XSS Prevention"],"duration":2,"failing":false,"failureDetails":[],"failureMessages":[],"fullName":"[SECURITY] Input Sanitization & XSS Prevention TC-S07: null input returns empty string","invocations":1,"location":null,"numPassingAsserts":1,"retryReasons":[],"startAt":1784738111787,"status":"passed","title":"TC-S07: null input returns empty string"},{"ancestorTitles":["[SECURITY] Input Sanitization & XSS Prevention"],"duration":2,"failing":false,"failureDetails":[],"failureMessages":[],"fullName":"[SECURITY] Input Sanitization & XSS Prevention TC-S08: non-string input returns empty string","invocations":1,"location":null,"numPassingAsserts":2,"retryReasons":[],"startAt":1784738111790,"status":"passed","title":"TC-S08: non-string input returns empty string"},{"ancestorTitles":["[SECURITY] Input Sanitization & XSS Prevention"],"duration":1,"failing":false,"failureDetails":[],"failureMessages":[],"fullName":"[SECURITY] Input Sanitization & XSS Prevention TC-S09: valid API key is considered safe","invocations":1,"location":null,"numPassingAsserts":1,"retryReasons":[],"startAt":1784738111792,"status":"passed","title":"TC-S09: valid API key is considered safe"},{"ancestorTitles":["[SECURITY] Input Sanitization & XSS Prevention"],"duration":2,"failing":false,"failureDetails":[],"failureMessages":[],"fullName":"[SECURITY] Input Sanitization & XSS Prevention TC-S10: API key with spaces is unsafe","invocations":1,"location":null,"numPassingAsserts":1,"retryReasons":[],"startAt":1784738111793,"status":"passed","title":"TC-S10: API key with spaces is unsafe"},{"ancestorTitles":["[SECURITY] Input Sanitization & XSS Prevention"],"duration":1,"failing":false,"failureDetails":[],"failureMessages":[],"fullName":"[SECURITY] Input Sanitization & XSS Prevention TC-S11: empty API key is unsafe","invocations":1,"location":null,"numPassingAsserts":1,"retryReasons":[],"startAt":1784738111795,"status":"passed","title":"TC-S11: empty API key is unsafe"},{"ancestorTitles":["[SECURITY] Input Sanitization & XSS Prevention"],"duration":1,"failing":false,"failureDetails":[],"failureMessages":[],"fullName":"[SECURITY] Input Sanitization & XSS Prevention TC-S12: null API key is unsafe","invocations":1,"location":null,"numPassingAsserts":1,"retryReasons":[],"startAt":1784738111796,"status":"passed","title":"TC-S12: null API key is unsafe"},{"ancestorTitles":["[SECURITY] Input Sanitization & XSS Prevention"],"duration":2,"failing":false,"failureDetails":[],"failureMessages":[],"fullName":"[SECURITY] Input Sanitization & XSS Prevention TC-S13: API key with HTML tags is unsafe","invocations":1,"location":null,"numPassingAsserts":1,"retryReasons":[],"startAt":1784738111799,"status":"passed","title":"TC-S13: API key with HTML tags is unsafe"},{"ancestorTitles":["[SECURITY] Input Sanitization & XSS Prevention"],"duration":13,"failing":false,"failureDetails":[],"failureMessages":[],"fullName":"[SECURITY] Input Sanitization & XSS Prevention TC-S14: SQL injection pattern detected in title","invocations":1,"location":null,"numPassingAsserts":1,"retryReasons":[],"startAt":1784738111802,"status":"passed","title":"TC-S14: SQL injection pattern detected in title"},{"ancestorTitles":["[SECURITY] Input Sanitization & XSS Prevention"],"duration":2,"failing":false,"failureDetails":[],"failureMessages":[],"fullName":"[SECURITY] Input Sanitization & XSS Prevention TC-S15: SQL SELECT detected","invocations":1,"location":null,"numPassingAsserts":1,"retryReasons":[],"startAt":1784738111815,"status":"passed","title":"TC-S15: SQL SELECT detected"},{"ancestorTitles":["[SECURITY] Input Sanitization & XSS Prevention"],"duration":2,"failing":false,"failureDetails":[],"failureMessages":[],"fullName":"[SECURITY] Input Sanitization & XSS Prevention TC-S16: normal text has no SQL injection","invocations":1,"location":null,"numPassingAsserts":1,"retryReasons":[],"startAt":1784738111818,"status":"passed","title":"TC-S16: normal text has no SQL injection"},{"ancestorTitles":["[SECURITY] Input Sanitization & XSS Prevention"],"duration":1,"failing":false,"failureDetails":[],"failureMessages":[],"fullName":"[SECURITY] Input Sanitization & XSS Prevention TC-S17: slash in input is escaped","invocations":1,"location":null,"numPassingAsserts":1,"retryReasons":[],"startAt":1784738111820,"status":"passed","title":"TC-S17: slash in input is escaped"}],"endTime":1784738111837,"message":"","name":"C:\\Users\\pooji\\.gemini\\antigravity-ide\\scratch\\ecoshare\\tests\\validation\\validation-ui-security.test.js","startTime":1784738108620,"status":"passed","summary":""}],"wasInterrupted":false}
